#
# There is insufficient memory for the Java Runtime Environment to continue.
# Native memory allocation (malloc) failed to allocate 1048576 bytes. Error detail: AllocateHeap
# Possible reasons:
#   The system is out of physical RAM or swap space
#   This process is running with CompressedOops enabled, and the Java Heap may be blocking the growth of the native heap
# Possible solutions:
#   Reduce memory load on the system
#   Increase physical memory or swap space
#   Check if swap backing store is full
#   Decrease Java heap size (-Xmx/-Xms)
#   Decrease number of Java threads
#   Decrease Java thread stack sizes (-Xss)
#   Set larger code cache with -XX:ReservedCodeCacheSize=
#   JVM is running with Unscaled Compressed Oops mode in which the Java heap is
#     placed in the first 4GB address space. The Java Heap base address is the
#     maximum limit for the native heap growth. Please use -XX:HeapBaseMinAddress
#     to set the Java Heap base and to place the Java Heap above 4GB virtual address.
# This output file may be truncated or incomplete.
#
#  Out of Memory Error (allocation.cpp:44), pid=22836, tid=21324
#
# JRE version:  (21.0.7+6) (build )
# Java VM: OpenJDK 64-Bit Server VM (21.0.7+6-LTS, mixed mode, tiered, compressed oops, compressed class ptrs, parallel gc, windows-amd64)
# No core dump will be written. Minidumps are not enabled by default on client versions of Windows
#

---------------  S U M M A R Y ------------

Command Line: --add-modules=ALL-SYSTEM --add-opens=java.base/java.util=ALL-UNNAMED --add-opens=java.base/java.lang=ALL-UNNAMED --add-opens=java.base/sun.nio.fs=ALL-UNNAMED -Declipse.application=org.eclipse.jdt.ls.core.id1 -Dosgi.bundles.defaultStartLevel=4 -Declipse.product=org.eclipse.jdt.ls.core.product -Djava.import.generatesMetadataFilesAtProjectRoot=false -DDetectVMInstallationsJob.disabled=true -Dfile.encoding=utf8 -XX:+UseParallelGC -XX:GCTimeRatio=4 -XX:AdaptiveSizePolicyWeight=90 -Dsun.zip.disableMemoryMapping=true -Xmx1G -Xms100m -Xlog:disable -javaagent:c:\Users\hp\.vscode\extensions\redhat.java-1.42.0-win32-x64\lombok\lombok-1.18.36.jar c:\Users\hp\.vscode\extensions\redhat.java-1.42.0-win32-x64\server\plugins\org.eclipse.equinox.launcher_1.7.0.v20250424-1814.jar -configuration c:\Users\hp\AppData\Roaming\Code\User\globalStorage\redhat.java\1.42.0\config_ss_win -data c:\Users\hp\AppData\Roaming\Code\User\workspaceStorage\686d534e6fb2cae4641b8e729c16d550\redhat.java\ss_ws --pipe=\\.\pipe\lsp-37051f9b5b144a2f5f5765007c163683-sock

Host: AMD Athlon 300U with Radeon Vega Mobile Gfx    , 4 cores, 5G,  Windows 11 , 64 bit Build 26100 (10.0.26100.3912)
Time: Sun May 25 13:48:37 2025 Arab Standard Time elapsed time: 3.864359 seconds (0d 0h 0m 3s)

---------------  T H R E A D  ---------------

Current thread (0x000001d4b9435f50):  JavaThread "Unknown thread" [_thread_in_vm, id=21324, stack(0x0000009eb3f00000,0x0000009eb4000000) (1024K)]

Stack: [0x0000009eb3f00000,0x0000009eb4000000]
Native frames: (J=compiled Java code, j=interpreted, Vv=VM code, C=native code)
V  [jvm.dll+0x6ce119]
V  [jvm.dll+0x8a84a1]
V  [jvm.dll+0x8aa9ce]
V  [jvm.dll+0x8ab0b3]
V  [jvm.dll+0x27f8a6]
V  [jvm.dll+0xbfba7]
V  [jvm.dll+0x702092]
V  [jvm.dll+0x702dcc]
V  [jvm.dll+0x6dcc63]
V  [jvm.dll+0x871dbc]
V  [jvm.dll+0x3bc47c]
V  [jvm.dll+0x85a848]
V  [jvm.dll+0x45080e]
V  [jvm.dll+0x452451]
C  [jli.dll+0x5278]
C  [ucrtbase.dll+0x37b0]
C  [KERNEL32.DLL+0x2e8d7]
C  [ntdll.dll+0x9c5dc]


---------------  P R O C E S S  ---------------

Threads class SMR info:
_java_thread_list=0x000001d4cd6fbd80, length=1, elements={
0x000001d4b9435f50
}

Java Threads: ( => current thread )
=>0x000001d4b9435f50 JavaThread "Unknown thread"             [_thread_in_vm, id=21324, stack(0x0000009eb3f00000,0x0000009eb4000000) (1024K)]
Total: 1

Other Threads:
  0x000001d4cd6fca10 WatcherThread "VM Periodic Task Thread"        [id=17752, stack(0x0000009eb4100000,0x0000009eb4200000) (1024K)]
  0x000001d4b9453fc0 WorkerThread "GC Thread#0"                     [id=1124, stack(0x0000009eb4000000,0x0000009eb4100000) (1024K)]
Total: 2

Threads with active compile tasks:
Total: 0

VM state: not at safepoint (normal execution)

VM Mutex/Monitor currently owned by a thread: None

Heap address: 0x00000000c0000000, size: 1024 MB, Compressed Oops mode: 32-bit

CDS archive(s) not mapped
Compressed class space mapped at: 0x0000000100000000-0x0000000140000000, reserved size: 1073741824
Narrow klass base: 0x0000000000000000, Narrow klass shift: 3, Narrow klass range: 0x140000000

GC Precious Log:
 CardTable entry size: 512
 CPUs: 4 total, 4 available
 Memory: 6058M
 Large Page Support: Disabled
 NUMA Support: Disabled
 Compressed Oops: Enabled (32-bit)
 Alignments: Space 512K, Generation 512K, Heap 2M
 Heap Min Capacity: 100M
 Heap Initial Capacity: 100M
 Heap Max Capacity: 1G
 Pre-touch: Disabled
 Parallel Workers: 4

Heap:
 PSYoungGen      total 29696K, used 512K [0x00000000eab00000, 0x00000000ecc00000, 0x0000000100000000)
  eden space 25600K, 2% used [0x00000000eab00000,0x00000000eab80070,0x00000000ec400000)
  from space 4096K, 0% used [0x00000000ec800000,0x00000000ec800000,0x00000000ecc00000)
  to   space 4096K, 0% used [0x00000000ec400000,0x00000000ec400000,0x00000000ec800000)
 ParOldGen       total 68608K, used 0K [0x00000000c0000000, 0x00000000c4300000, 0x00000000eab00000)
  object space 68608K, 0% used [0x00000000c0000000,0x00000000c0000000,0x00000000c4300000)
 Metaspace       used 1392K, committed 1472K, reserved 1114112K
  class space    used 109K, committed 128K, reserved 1048576K

Card table byte_map: [0x000001d4b8dd0000,0x000001d4b8fe0000] _byte_map_base: 0x000001d4b87d0000

Marking Bits: (ParMarkBitMap*) 0x00007ff8efea31f0
 Begin Bits: [0x000001d4cb620000, 0x000001d4cc620000)
 End Bits:   [0x000001d4cc620000, 0x000001d4cd620000)

Polling page: 0x000001d4b7290000

Metaspace:

Usage:
  Non-class:      1.25 MB used.
      Class:    109.62 KB used.
       Both:      1.36 MB used.

Virtual space:
  Non-class space:       64.00 MB reserved,       1.31 MB (  2%) committed,  1 nodes.
      Class space:        1.00 GB reserved,     128.00 KB ( <1%) committed,  1 nodes.
             Both:        1.06 GB reserved,       1.44 MB ( <1%) committed. 

Chunk freelists:
   Non-Class:  12.00 MB
       Class:  15.75 MB
        Both:  27.75 MB

MaxMetaspaceSize: unlimited
CompressedClassSpaceSize: 1.00 GB
Initial GC threshold: 21.00 MB
Current GC threshold: 17179869184.00 GB
CDS: off
 - commit_granule_bytes: 65536.
 - commit_granule_words: 8192.
 - virtual_space_node_default_size: 8388608.
 - enlarge_chunks_in_place: 1.
 - use_allocation_guard: 0.


Internal statistics:

num_allocs_failed_limit: 0.
num_arena_births: 2.
num_arena_deaths: 0.
num_vsnodes_births: 2.
num_vsnodes_deaths: 0.
num_space_committed: 23.
num_space_uncommitted: 0.
num_chunks_returned_to_freelist: 0.
num_chunks_taken_from_freelist: 3.
num_chunk_merges: 0.
num_chunk_splits: 2.
num_chunks_enlarged: 0.
num_inconsistent_stats: 0.

CodeHeap 'non-profiled nmethods': size=120000Kb used=0Kb max_used=0Kb free=120000Kb
 bounds [0x000001d4c40f0000, 0x000001d4c4360000, 0x000001d4cb620000]
CodeHeap 'profiled nmethods': size=120000Kb used=0Kb max_used=0Kb free=120000Kb
 bounds [0x000001d4bc620000, 0x000001d4bc890000, 0x000001d4c3b50000]
CodeHeap 'non-nmethods': size=5760Kb used=194Kb max_used=342Kb free=5565Kb
 bounds [0x000001d4c3b50000, 0x000001d4c3dc0000, 0x000001d4c40f0000]
 total_blobs=70 nmethods=0 adapters=48
 compilation: enabled
              stopped_count=0, restarted_count=0
 full_count=0

Compilation events (0 events):
No events

GC Heap History (0 events):
No events

Dll operation events (2 events):
Event: 0.546 Loaded shared library c:\Users\hp\.vscode\extensions\redhat.java-1.42.0-win32-x64\jre\21.0.7-win32-x86_64\bin\java.dll
Event: 2.623 Loaded shared library c:\Users\hp\.vscode\extensions\redhat.java-1.42.0-win32-x64\jre\21.0.7-win32-x86_64\bin\zip.dll

Deoptimization events (0 events):
No events

Classes loaded (20 events):
Event: 2.735 Loading class java/util/Iterator
Event: 2.735 Loading class java/util/Iterator done
Event: 2.735 Loading class java/lang/reflect/RecordComponent
Event: 2.735 Loading class java/lang/reflect/RecordComponent done
Event: 2.735 Loading class jdk/internal/vm/vector/VectorSupport
Event: 2.736 Loading class jdk/internal/vm/vector/VectorSupport done
Event: 2.736 Loading class jdk/internal/vm/vector/VectorSupport$VectorPayload
Event: 2.736 Loading class jdk/internal/vm/vector/VectorSupport$VectorPayload done
Event: 2.736 Loading class jdk/internal/vm/vector/VectorSupport$Vector
Event: 2.736 Loading class jdk/internal/vm/vector/VectorSupport$Vector done
Event: 2.736 Loading class jdk/internal/vm/vector/VectorSupport$VectorMask
Event: 2.736 Loading class jdk/internal/vm/vector/VectorSupport$VectorMask done
Event: 2.737 Loading class jdk/internal/vm/vector/VectorSupport$VectorShuffle
Event: 2.737 Loading class jdk/internal/vm/vector/VectorSupport$VectorShuffle done
Event: 2.737 Loading class jdk/internal/vm/FillerObject
Event: 2.737 Loading class jdk/internal/vm/FillerObject done
Event: 2.847 Loading class java/lang/NullPointerException
Event: 2.847 Loading class java/lang/NullPointerException done
Event: 2.847 Loading class java/lang/ArithmeticException
Event: 2.847 Loading class java/lang/ArithmeticException done

Classes unloaded (0 events):
No events

Classes redefined (0 events):
No events

Internal exceptions (0 events):
No events

ZGC Phase Switch (0 events):
No events

VM Operations (0 events):
No events

Memory protections (0 events):
No events

Nmethod flushes (0 events):
No events

Events (1 events):
Event: 2.613 Thread 0x000001d4b9435f50 Thread added: 0x000001d4b9435f50


Dynamic libraries:
0x00007ff70c740000 - 0x00007ff70c74e000 	c:\Users\hp\.vscode\extensions\redhat.java-1.42.0-win32-x64\jre\21.0.7-win32-x86_64\bin\java.exe
0x00007ff959500000 - 0x00007ff959766000 	C:\WINDOWS\SYSTEM32\ntdll.dll
0x00007ff92b2d0000 - 0x00007ff92b2eb000 	C:\Program Files\Avast Software\Avast\aswhook.dll
0x00007ff9586d0000 - 0x00007ff958799000 	C:\WINDOWS\System32\KERNEL32.DLL
0x00007ff956b30000 - 0x00007ff956efc000 	C:\WINDOWS\System32\KERNELBASE.dll
0x00007ff956940000 - 0x00007ff956a8b000 	C:\WINDOWS\System32\ucrtbase.dll
0x00007ff93ea40000 - 0x00007ff93ea58000 	c:\Users\hp\.vscode\extensions\redhat.java-1.42.0-win32-x64\jre\21.0.7-win32-x86_64\bin\jli.dll
0x00007ff9582f0000 - 0x00007ff9584ba000 	C:\WINDOWS\System32\USER32.dll
0x00007ff9567d0000 - 0x00007ff9567f7000 	C:\WINDOWS\System32\win32u.dll
0x00007ff9574c0000 - 0x00007ff9574eb000 	C:\WINDOWS\System32\GDI32.dll
0x00007ff956800000 - 0x00007ff956932000 	C:\WINDOWS\System32\gdi32full.dll
0x00007ff956690000 - 0x00007ff956733000 	C:\WINDOWS\System32\msvcp_win.dll
0x00007ff936960000 - 0x00007ff93697e000 	c:\Users\hp\.vscode\extensions\redhat.java-1.42.0-win32-x64\jre\21.0.7-win32-x86_64\bin\VCRUNTIME140.dll
0x00007ff93fdf0000 - 0x00007ff94008a000 	C:\WINDOWS\WinSxS\amd64_microsoft.windows.common-controls_6595b64144ccf1df_6.0.26100.3912_none_3e07963ce335137e\COMCTL32.dll
0x00007ff957820000 - 0x00007ff9578c9000 	C:\WINDOWS\System32\msvcrt.dll
0x00007ff9582b0000 - 0x00007ff9582e0000 	C:\WINDOWS\System32\IMM32.DLL
0x00007ff941f00000 - 0x00007ff941f0c000 	c:\Users\hp\.vscode\extensions\redhat.java-1.42.0-win32-x64\jre\21.0.7-win32-x86_64\bin\vcruntime140_1.dll
0x00007ff9208c0000 - 0x00007ff92094d000 	c:\Users\hp\.vscode\extensions\redhat.java-1.42.0-win32-x64\jre\21.0.7-win32-x86_64\bin\msvcp140.dll
0x00007ff8ef1f0000 - 0x00007ff8eff80000 	c:\Users\hp\.vscode\extensions\redhat.java-1.42.0-win32-x64\jre\21.0.7-win32-x86_64\bin\server\jvm.dll
0x00007ff958610000 - 0x00007ff9586c2000 	C:\WINDOWS\System32\ADVAPI32.dll
0x00007ff9578d0000 - 0x00007ff957976000 	C:\WINDOWS\System32\sechost.dll
0x00007ff958c70000 - 0x00007ff958d86000 	C:\WINDOWS\System32\RPCRT4.dll
0x00007ff957980000 - 0x00007ff9579f4000 	C:\WINDOWS\System32\WS2_32.dll
0x00007ff956500000 - 0x00007ff95655e000 	C:\WINDOWS\SYSTEM32\POWRPROF.dll
0x00007ff94e850000 - 0x00007ff94e886000 	C:\WINDOWS\SYSTEM32\WINMM.dll
0x00007ff94e890000 - 0x00007ff94e89b000 	C:\WINDOWS\SYSTEM32\VERSION.dll
0x00007ff9564e0000 - 0x00007ff9564f4000 	C:\WINDOWS\SYSTEM32\UMPDC.dll
0x00007ff955450000 - 0x00007ff95546a000 	C:\WINDOWS\SYSTEM32\kernel.appcore.dll
0x00007ff93fad0000 - 0x00007ff93fada000 	c:\Users\hp\.vscode\extensions\redhat.java-1.42.0-win32-x64\jre\21.0.7-win32-x86_64\bin\jimage.dll
0x00007ff94f130000 - 0x00007ff94f371000 	C:\WINDOWS\SYSTEM32\DBGHELP.DLL
0x00007ff957bf0000 - 0x00007ff957f74000 	C:\WINDOWS\System32\combase.dll
0x00007ff9584c0000 - 0x00007ff9585a0000 	C:\WINDOWS\System32\OLEAUT32.dll
0x00007ff94bd60000 - 0x00007ff94bd99000 	C:\WINDOWS\SYSTEM32\dbgcore.DLL
0x00007ff956a90000 - 0x00007ff956b29000 	C:\WINDOWS\System32\bcryptPrimitives.dll
0x00007ff93fa50000 - 0x00007ff93fa5f000 	c:\Users\hp\.vscode\extensions\redhat.java-1.42.0-win32-x64\jre\21.0.7-win32-x86_64\bin\instrument.dll
0x00007ff936680000 - 0x00007ff93669f000 	c:\Users\hp\.vscode\extensions\redhat.java-1.42.0-win32-x64\jre\21.0.7-win32-x86_64\bin\java.dll
0x00007ff936010000 - 0x00007ff936028000 	c:\Users\hp\.vscode\extensions\redhat.java-1.42.0-win32-x64\jre\21.0.7-win32-x86_64\bin\zip.dll

dbghelp: loaded successfully - version: 4.0.5 - missing functions: none
symbol engine: initialized successfully - sym options: 0x614 - pdb path: .;c:\Users\hp\.vscode\extensions\redhat.java-1.42.0-win32-x64\jre\21.0.7-win32-x86_64\bin;C:\WINDOWS\SYSTEM32;C:\Program Files\Avast Software\Avast;C:\WINDOWS\WinSxS\amd64_microsoft.windows.common-controls_6595b64144ccf1df_6.0.26100.3912_none_3e07963ce335137e;c:\Users\hp\.vscode\extensions\redhat.java-1.42.0-win32-x64\jre\21.0.7-win32-x86_64\bin\server

VM Arguments:
jvm_args: --add-modules=ALL-SYSTEM --add-opens=java.base/java.util=ALL-UNNAMED --add-opens=java.base/java.lang=ALL-UNNAMED --add-opens=java.base/sun.nio.fs=ALL-UNNAMED -Declipse.application=org.eclipse.jdt.ls.core.id1 -Dosgi.bundles.defaultStartLevel=4 -Declipse.product=org.eclipse.jdt.ls.core.product -Djava.import.generatesMetadataFilesAtProjectRoot=false -DDetectVMInstallationsJob.disabled=true -Dfile.encoding=utf8 -XX:+UseParallelGC -XX:GCTimeRatio=4 -XX:AdaptiveSizePolicyWeight=90 -Dsun.zip.disableMemoryMapping=true -Xmx1G -Xms100m -Xlog:disable -javaagent:c:\Users\hp\.vscode\extensions\redhat.java-1.42.0-win32-x64\lombok\lombok-1.18.36.jar 
java_command: c:\Users\hp\.vscode\extensions\redhat.java-1.42.0-win32-x64\server\plugins\org.eclipse.equinox.launcher_1.7.0.v20250424-1814.jar -configuration c:\Users\hp\AppData\Roaming\Code\User\globalStorage\redhat.java\1.42.0\config_ss_win -data c:\Users\hp\AppData\Roaming\Code\User\workspaceStorage\686d534e6fb2cae4641b8e729c16d550\redhat.java\ss_ws --pipe=\\.\pipe\lsp-37051f9b5b144a2f5f5765007c163683-sock
java_class_path (initial): c:\Users\hp\.vscode\extensions\redhat.java-1.42.0-win32-x64\server\plugins\org.eclipse.equinox.launcher_1.7.0.v20250424-1814.jar
Launcher Type: SUN_STANDARD

[Global flags]
    uintx AdaptiveSizePolicyWeight                 = 90                                        {product} {command line}
     intx CICompilerCount                          = 3                                         {product} {ergonomic}
    uintx GCTimeRatio                              = 4                                         {product} {command line}
   size_t InitialHeapSize                          = 104857600                                 {product} {command line}
   size_t MaxHeapSize                              = 1073741824                                {product} {command line}
   size_t MaxNewSize                               = 357564416                                 {product} {ergonomic}
   size_t MinHeapDeltaBytes                        = 524288                                    {product} {ergonomic}
   size_t MinHeapSize                              = 104857600                                 {product} {command line}
   size_t NewSize                                  = 34603008                                  {product} {ergonomic}
    uintx NonNMethodCodeHeapSize                   = 5832780                                {pd product} {ergonomic}
    uintx NonProfiledCodeHeapSize                  = 122912730                              {pd product} {ergonomic}
   size_t OldSize                                  = 70254592                                  {product} {ergonomic}
    uintx ProfiledCodeHeapSize                     = 122912730                              {pd product} {ergonomic}
    uintx ReservedCodeCacheSize                    = 251658240                              {pd product} {ergonomic}
     bool SegmentedCodeCache                       = true                                      {product} {ergonomic}
   size_t SoftMaxHeapSize                          = 1073741824                             {manageable} {ergonomic}
     bool UseCompressedOops                        = true                           {product lp64_product} {ergonomic}
     bool UseLargePagesIndividualAllocation        = false                                  {pd product} {ergonomic}
     bool UseParallelGC                            = true                                      {product} {command line}

Logging:
Log output configuration:
 #0: stdout all=off uptime,level,tags foldmultilines=false
 #1: stderr all=off uptime,level,tags foldmultilines=false

Environment Variables:
JAVA_HOME=C:\Program Files\Eclipse Adoptium\jdk-21.0.6.7-hotspot
PATH=%PATH%;C:\Program Files\Eclipse Adoptium\jdk-21.0.6.7-hotspot\bin;C:\Program Files\Eclipse Adoptium\jdk-21.0.6.7-hotspot\bin;C:\WINDOWS\system32;C:\WINDOWS;C:\WINDOWS\System32\Wbem;C:\WINDOWS\System32\WindowsPowerShell\v1.0\;C:\WINDOWS\System32\OpenSSH\;C:\ProgramData\chocolatey\bin;C:\Program Files\Git\cmd;C:\Program Files\nodejs\;C:\Users\php;C:\Users\hp\Downloads\apache-maven-3.9.9-bin;C:\ProgramData\chocolatey\lib\maven\apache-maven-3.9.9\bin;C:\Users\hp\AppData\Local\Microsoft\WindowsApps;C:\Users\hp\AppData\Local\Programs\Microsoft VS Code\bin;C:\Users\hp\AppData\Roaming\npm;F:\PostgreSQL\17\bin;C:\Users\hp\AppData\Local\Programs\Python\Python313\Scripts\;C:\Users\hp\AppData\Local\Programs\Python\Python313\;C:\Users\hp\AppData\Local\Microsoft\WindowsApps;C:\Users\hp\AppData\Local\Programs\Microsoft VS Code\bin;C:\Users\hp\AppData\Roaming\npm;;C:\Users\hp\Anaconda3;C:\Users\hp\Anaconda3\Scripts;C:\Users\hp\Anaconda3\Library\bin;C:\Program Files\Eclipse Adoptium\jdk-21.0.6.7-hotspot\bin;C:\Program Files\Eclipse Adoptium\jdk-21.0.6.7-hotspot\bin;C:\WINDOWS\system32;C:\WINDOWS;C:\WINDOWS\System32\Wbem;C:\WINDOWS\System32\WindowsPowerShell\v1.0\;C:\WINDOWS\System32\OpenSSH\;C:\ProgramData\chocolatey\bin;C:\Program Files\Git\cmd;C:\Program Files\nodejs\;C:\Users\php;C:\Users\hp\Downloads\apache-maven-3.9.9-bin;C:\ProgramData\chocolatey\lib\maven\apache-maven-3.9.9\bin;C:\Users\hp\AppData\Local\Microsoft\WindowsApps;C:\Users\hp\AppData\Local\Programs\Microsoft VS Code\bin;C:\Users\hp\AppData\Roaming\npm;F:\PostgreSQL\17\bin;C:\Users\hp\AppData\Local\Programs\Python\Python313\Scripts\;C:\Users\hp\AppData\Local\Programs\Python\Python313\;C:\Users\hp\AppData\Local\Microsoft\WindowsApps;C:\Users\hp\AppData\Local\Programs\Microsoft VS Code\bin;C:\Users\hp\AppData\Roaming\npm;C:\Users\hp\Anaconda3;C:\Users\hp\Anaconda3\Scripts;C:\Users\hp\Anaconda3\Library\bin;C:\Program Files\Eclipse Adoptium\jdk-21.0.6.7-hotspot\bin;;C:\Program Files\Eclipse Adoptium\jdk-21.0.6.7-hotspot\bin;C:\Program Files\Eclipse Adoptium\jdk-21.0.6.7-hotspot\bin;C:\WINDOWS\system32;C:\WINDOWS;C:\WINDOWS\System32\Wbem;C:\WINDOWS\System32\WindowsPowerShell\v1.0\;C:\WINDOWS\System32\OpenSSH\;C:\ProgramData\chocolatey\bin;C:\Program Files\Git\cmd;C:\Program Files\nodejs\;C:\Users\php;C:\Users\hp\Downloads\apache-maven-3.9.9-bin;C:\ProgramData\chocolatey\lib\maven\apache-maven-3.9.9\bin;C:\Users\hp\AppData\Local\Microsoft\WindowsApps;C:\Users\hp\AppData\Local\Programs\Microsoft VS Code\bin;C:\Users\hp\AppData\Roaming\npm;F:\PostgreSQL\17\bin;C:\Users\hp\AppData\Local\Programs\Python\Python313\Scripts\;C:\Users\hp\AppData\Local\Programs\Python\Python313\;C:\Users\hp\AppData\Local\Microsoft\WindowsApps;C:\Users\hp\AppData\Local\Programs\Microsoft VS Code\bin;C:\Users\hp\AppData\Roaming\npm;C:\Users\hp\Anaconda3;C:\Users\hp\Anaconda3\Scripts;C:\Users\hp\Anaconda3\Library\bin;C:\Program Files\Eclipse Adoptium\jdk-21.0.6.7-hotspot\bin;C:\Users\hp\AppData\Roaming\npm;;C:\Program Files\JetBrains\IntelliJ IDEA 2025.1.1.1\bin;
USERNAME=hp
OS=Windows_NT
PROCESSOR_IDENTIFIER=AMD64 Family 23 Model 24 Stepping 1, AuthenticAMD
TMP=C:\Users\hp\AppData\Local\Temp
TEMP=C:\Users\hp\AppData\Local\Temp




Periodic native trim disabled

---------------  S Y S T E M  ---------------

OS:
 Windows 11 , 64 bit Build 26100 (10.0.26100.3912)
OS uptime: 0 days 7:48 hours

CPU: total 4 (initial active 4) (4 cores per cpu, 2 threads per core) family 23 model 24 stepping 1 microcode 0x8108109, cx8, cmov, fxsr, ht, mmx, 3dnowpref, sse, sse2, sse3, ssse3, sse4a, sse4.1, sse4.2, popcnt, lzcnt, tsc, tscinvbit, avx, avx2, aes, clmul, bmi1, bmi2, adx, sha, fma, vzeroupper, clflush, clflushopt, rdtscp, f16c
Processor Information for the first 4 processors :
  Max Mhz: 2400, Current Mhz: 2400, Mhz Limit: 2400

Memory: 4k page, system-wide physical 6058M (1102M free)
TotalPageFile size 23982M (AvailPageFile size 2M)
current process WorkingSet (physical memory assigned to process): 18M, peak: 18M
current process commit charge ("private bytes"): 153M, peak: 154M

vm_info: OpenJDK 64-Bit Server VM (21.0.7+6-LTS) for windows-amd64 JRE (21.0.7+6-LTS), built on 2025-04-15T00:00:00Z by "admin" with MS VC++ 17.7 (VS2022)

END.
