#
# There is insufficient memory for the Java Runtime Environment to continue.
# Native memory allocation (malloc) failed to allocate 2171152 bytes. Error detail: Chunk::new
# Possible reasons:
#   The system is out of physical RAM or swap space
#   This process is running with CompressedOops enabled, and the Java Heap may be blocking the growth of the native heap
# Possible solutions:
#   Reduce memory load on the system
#   Increase physical memory or swap space
#   Check if swap backing store is full
#   Decrease Java heap size (-Xmx/-Xms)
#   Decrease number of Java threads
#   Decrease Java thread stack sizes (-Xss)
#   Set larger code cache with -XX:ReservedCodeCacheSize=
#   JVM is running with Unscaled Compressed Oops mode in which the Java heap is
#     placed in the first 4GB address space. The Java Heap base address is the
#     maximum limit for the native heap growth. Please use -XX:HeapBaseMinAddress
#     to set the Java Heap base and to place the Java Heap above 4GB virtual address.
# This output file may be truncated or incomplete.
#
#  Out of Memory Error (arena.cpp:168), pid=19284, tid=13204
#
# JRE version: OpenJDK Runtime Environment Temurin-21.0.7+6 (21.0.7+6) (build 21.0.7+6-LTS)
# Java VM: OpenJDK 64-Bit Server VM Temurin-21.0.7+6 (21.0.7+6-LTS, mixed mode, sharing, tiered, compressed oops, compressed class ptrs, parallel gc, windows-amd64)
# No core dump will be written. Minidumps are not enabled by default on client versions of Windows
#

---------------  S U M M A R Y ------------

Command Line: --add-modules=ALL-SYSTEM --add-opens=java.base/java.util=ALL-UNNAMED --add-opens=java.base/java.lang=ALL-UNNAMED --add-opens=java.base/sun.nio.fs=ALL-UNNAMED -Declipse.application=org.eclipse.jdt.ls.core.id1 -Dosgi.bundles.defaultStartLevel=4 -Declipse.product=org.eclipse.jdt.ls.core.product -Djava.import.generatesMetadataFilesAtProjectRoot=false -DDetectVMInstallationsJob.disabled=true -Dfile.encoding=utf8 -XX:+UseParallelGC -XX:GCTimeRatio=4 -XX:AdaptiveSizePolicyWeight=90 -Dsun.zip.disableMemoryMapping=true -Xmx1G -Xms100m -Xlog:disable -javaagent:c:\Users\hp\.vscode\extensions\redhat.java-1.42.0-win32-x64\lombok\lombok-1.18.36.jar -XX:+HeapDumpOnOutOfMemoryError -XX:HeapDumpPath=c:\Users\hp\AppData\Roaming\Code\User\workspaceStorage\686d534e6fb2cae4641b8e729c16d550\redhat.java -Daether.dependencyCollector.impl=bf c:\Users\hp\.vscode\extensions\redhat.java-1.42.0-win32-x64\server\plugins\org.eclipse.equinox.launcher_1.7.0.v20250424-1814.jar -configuration c:\Users\hp\AppData\Roaming\Code\User\globalStorage\redhat.java\1.42.0\config_win -data c:\Users\hp\AppData\Roaming\Code\User\workspaceStorage\686d534e6fb2cae4641b8e729c16d550\redhat.java\jdt_ws --pipe=\\.\pipe\lsp-cb654f683691c2da0ef6454ee7b6b06b-sock

Host: AMD Athlon 300U with Radeon Vega Mobile Gfx    , 4 cores, 5G,  Windows 11 , 64 bit Build 26100 (10.0.26100.3912)
Time: Mon May 19 16:17:42 2025 Arab Standard Time elapsed time: 23.112777 seconds (0d 0h 0m 23s)

---------------  T H R E A D  ---------------

Current thread (0x000002032e977490):  JavaThread "C2 CompilerThread0" daemon [_thread_in_native, id=13204, stack(0x000000ab30000000,0x000000ab30100000) (1024K)]


Current CompileTask:
C2:23112 10715       4       org.eclipse.jdt.internal.core.search.indexing.BinaryIndexer::extractReferenceFromConstantPool (358 bytes)

Stack: [0x000000ab30000000,0x000000ab30100000]
Native frames: (J=compiled Java code, j=interpreted, Vv=VM code, C=native code)
V  [jvm.dll+0x6ce119]
V  [jvm.dll+0x8a84a1]
V  [jvm.dll+0x8aa9ce]
V  [jvm.dll+0x8ab0b3]
V  [jvm.dll+0x27f8a6]
V  [jvm.dll+0xc507d]
V  [jvm.dll+0xc55b3]
V  [jvm.dll+0x3b692c]
V  [jvm.dll+0x382aa5]
V  [jvm.dll+0x381f0a]
V  [jvm.dll+0x247af0]
V  [jvm.dll+0x2470cf]
V  [jvm.dll+0x1c760e]
V  [jvm.dll+0x25695a]
V  [jvm.dll+0x254efa]
V  [jvm.dll+0x3f03f6]
V  [jvm.dll+0x851f6b]
V  [jvm.dll+0x6cc7dd]
C  [ucrtbase.dll+0x37b0]
C  [KERNEL32.DLL+0x2e8d7]
C  [ntdll.dll+0x9c5dc]


---------------  P R O C E S S  ---------------

Threads class SMR info:
_java_thread_list=0x0000020375d832e0, length=47, elements={
0x000002031a617700, 0x000002032e93e0a0, 0x000002032e9444b0, 0x000002032e9498e0,
0x000002032e94c340, 0x000002032e94e910, 0x000002032e953880, 0x000002032e977490,
0x000002032e9898e0, 0x00000203707ca870, 0x0000020370a1ed40, 0x00000203757db410,
0x0000020375790e90, 0x0000020370a6ddf0, 0x0000020375782780, 0x0000020375d8b1c0,
0x0000020375635580, 0x0000020375d1d4a0, 0x0000020375d1ce10, 0x0000020375d1e850,
0x0000020375d1eee0, 0x0000020375d1ba60, 0x0000020375d1db30, 0x0000020375d1e1c0,
0x0000020375d1c780, 0x0000020377c4fdf0, 0x0000020377c53270, 0x0000020377c50480,
0x0000020377c50b10, 0x0000020377c51830, 0x0000020377c53900, 0x0000020377c54620,
0x0000020377c511a0, 0x0000020377c53f90, 0x0000020377c54cb0, 0x0000020377c51ec0,
0x0000020377c52550, 0x0000020377c56060, 0x0000020377c566f0, 0x0000020377c56d80,
0x0000020377c57410, 0x0000020375d1c0f0, 0x00000203780bc0f0, 0x0000020375a23520,
0x00000203780be850, 0x00000203780beee0, 0x00000203780bf570
}

Java Threads: ( => current thread )
  0x000002031a617700 JavaThread "main"                              [_thread_blocked, id=12176, stack(0x000000ab2f600000,0x000000ab2f700000) (1024K)]
  0x000002032e93e0a0 JavaThread "Reference Handler"          daemon [_thread_blocked, id=20960, stack(0x000000ab2fa00000,0x000000ab2fb00000) (1024K)]
  0x000002032e9444b0 JavaThread "Finalizer"                  daemon [_thread_blocked, id=17336, stack(0x000000ab2fb00000,0x000000ab2fc00000) (1024K)]
  0x000002032e9498e0 JavaThread "Signal Dispatcher"          daemon [_thread_blocked, id=12484, stack(0x000000ab2fc00000,0x000000ab2fd00000) (1024K)]
  0x000002032e94c340 JavaThread "Attach Listener"            daemon [_thread_blocked, id=21488, stack(0x000000ab2fd00000,0x000000ab2fe00000) (1024K)]
  0x000002032e94e910 JavaThread "Service Thread"             daemon [_thread_blocked, id=21136, stack(0x000000ab2fe00000,0x000000ab2ff00000) (1024K)]
  0x000002032e953880 JavaThread "Monitor Deflation Thread"   daemon [_thread_blocked, id=17604, stack(0x000000ab2ff00000,0x000000ab30000000) (1024K)]
=>0x000002032e977490 JavaThread "C2 CompilerThread0"         daemon [_thread_in_native, id=13204, stack(0x000000ab30000000,0x000000ab30100000) (1024K)]
  0x000002032e9898e0 JavaThread "C1 CompilerThread0"         daemon [_thread_blocked, id=15204, stack(0x000000ab30100000,0x000000ab30200000) (1024K)]
  0x00000203707ca870 JavaThread "Common-Cleaner"             daemon [_thread_blocked, id=5812, stack(0x000000ab30200000,0x000000ab30300000) (1024K)]
  0x0000020370a1ed40 JavaThread "Notification Thread"        daemon [_thread_blocked, id=22804, stack(0x000000ab30300000,0x000000ab30400000) (1024K)]
  0x00000203757db410 JavaThread "Active Thread: Equinox Container: 8671c851-6048-4083-8e08-009c1ae56232"        [_thread_blocked, id=24140, stack(0x000000ab30800000,0x000000ab30900000) (1024K)]
  0x0000020375790e90 JavaThread "Refresh Thread: Equinox Container: 8671c851-6048-4083-8e08-009c1ae56232" daemon [_thread_blocked, id=24564, stack(0x000000ab30900000,0x000000ab30a00000) (1024K)]
  0x0000020370a6ddf0 JavaThread "Framework Event Dispatcher: Equinox Container: 8671c851-6048-4083-8e08-009c1ae56232" daemon [_thread_blocked, id=24208, stack(0x000000ab30400000,0x000000ab30500000) (1024K)]
  0x0000020375782780 JavaThread "Start Level: Equinox Container: 8671c851-6048-4083-8e08-009c1ae56232" daemon [_thread_blocked, id=14572, stack(0x000000ab30a00000,0x000000ab30b00000) (1024K)]
  0x0000020375d8b1c0 JavaThread "Bundle File Closer"         daemon [_thread_blocked, id=23252, stack(0x000000ab30c00000,0x000000ab30d00000) (1024K)]
  0x0000020375635580 JavaThread "SCR Component Actor"        daemon [_thread_blocked, id=2220, stack(0x000000ab30b00000,0x000000ab30c00000) (1024K)]
  0x0000020375d1d4a0 JavaThread "Worker-JM"                         [_thread_blocked, id=21528, stack(0x000000ab30f00000,0x000000ab31000000) (1024K)]
  0x0000020375d1ce10 JavaThread "JNA Cleaner"                daemon [_thread_blocked, id=23440, stack(0x000000ab31000000,0x000000ab31100000) (1024K)]
  0x0000020375d1e850 JavaThread "Worker-0"                          [_thread_blocked, id=2868, stack(0x000000ab31100000,0x000000ab31200000) (1024K)]
  0x0000020375d1eee0 JavaThread "Worker-1"                          [_thread_blocked, id=23396, stack(0x000000ab31200000,0x000000ab31300000) (1024K)]
  0x0000020375d1ba60 JavaThread "Worker-2"                          [_thread_blocked, id=24292, stack(0x000000ab31300000,0x000000ab31400000) (1024K)]
  0x0000020375d1db30 JavaThread "Java indexing"              daemon [_thread_in_Java, id=12444, stack(0x000000ab31400000,0x000000ab31500000) (1024K)]
  0x0000020375d1e1c0 JavaThread "Worker-3: Java indexing... "        [_thread_blocked, id=14796, stack(0x000000ab31500000,0x000000ab31600000) (1024K)]
  0x0000020375d1c780 JavaThread "Worker-4"                          [_thread_blocked, id=23000, stack(0x000000ab31600000,0x000000ab31700000) (1024K)]
  0x0000020377c4fdf0 JavaThread "Worker-5"                          [_thread_blocked, id=15076, stack(0x000000ab31900000,0x000000ab31a00000) (1024K)]
  0x0000020377c53270 JavaThread "Worker-6"                          [_thread_blocked, id=18136, stack(0x000000ab31a00000,0x000000ab31b00000) (1024K)]
  0x0000020377c50480 JavaThread "Thread-2"                   daemon [_thread_in_native, id=24256, stack(0x000000ab31b00000,0x000000ab31c00000) (1024K)]
  0x0000020377c50b10 JavaThread "Thread-3"                   daemon [_thread_in_native, id=22088, stack(0x000000ab31c00000,0x000000ab31d00000) (1024K)]
  0x0000020377c51830 JavaThread "Thread-4"                   daemon [_thread_in_native, id=23008, stack(0x000000ab31d00000,0x000000ab31e00000) (1024K)]
  0x0000020377c53900 JavaThread "Thread-5"                   daemon [_thread_in_native, id=20460, stack(0x000000ab31e00000,0x000000ab31f00000) (1024K)]
  0x0000020377c54620 JavaThread "Thread-6"                   daemon [_thread_in_native, id=21200, stack(0x000000ab31f00000,0x000000ab32000000) (1024K)]
  0x0000020377c511a0 JavaThread "pool-2-thread-1"                   [_thread_blocked, id=13796, stack(0x000000ab32000000,0x000000ab32100000) (1024K)]
  0x0000020377c53f90 JavaThread "WorkspaceEventsHandler"            [_thread_blocked, id=19900, stack(0x000000ab32100000,0x000000ab32200000) (1024K)]
  0x0000020377c54cb0 JavaThread "pool-1-thread-1"                   [_thread_blocked, id=16984, stack(0x000000ab32200000,0x000000ab32300000) (1024K)]
  0x0000020377c51ec0 JavaThread "Worker-7"                          [_thread_blocked, id=22476, stack(0x000000ab32300000,0x000000ab32400000) (1024K)]
  0x0000020377c52550 JavaThread "Worker-8: Building"                [_thread_in_native, id=23116, stack(0x000000ab30d00000,0x000000ab30e00000) (1024K)]
  0x0000020377c56060 JavaThread "LocalFile Deleter"          daemon [_thread_blocked, id=22744, stack(0x000000ab32400000,0x000000ab32500000) (1024K)]
  0x0000020377c566f0 JavaThread "LocalFile Deleter"          daemon [_thread_blocked, id=23432, stack(0x000000ab32500000,0x000000ab32600000) (1024K)]
  0x0000020377c56d80 JavaThread "LocalFile Deleter"          daemon [_thread_blocked, id=18488, stack(0x000000ab32600000,0x000000ab32700000) (1024K)]
  0x0000020377c57410 JavaThread "LocalFile Deleter"          daemon [_thread_blocked, id=16940, stack(0x000000ab32700000,0x000000ab32800000) (1024K)]
  0x0000020375d1c0f0 JavaThread "Compiler Source File Reader" daemon [_thread_blocked, id=4280, stack(0x000000ab32800000,0x000000ab32900000) (1024K)]
  0x00000203780bc0f0 JavaThread "Compiler Source File Reader" daemon [_thread_blocked, id=23864, stack(0x000000ab32900000,0x000000ab32a00000) (1024K)]
  0x0000020375a23520 JavaThread "C2 CompilerThread1"         daemon [_thread_in_native, id=20148, stack(0x000000ab30e00000,0x000000ab30f00000) (1024K)]
  0x00000203780be850 JavaThread "Compiler Processing Task"   daemon [_thread_blocked, id=24352, stack(0x000000ab32a00000,0x000000ab32b00000) (1024K)]
  0x00000203780beee0 JavaThread "Compiler Class File Writer" daemon [_thread_blocked, id=22836, stack(0x000000ab32b00000,0x000000ab32c00000) (1024K)]
  0x00000203780bf570 JavaThread "Compiler Class File Writer" daemon [_thread_blocked, id=16616, stack(0x000000ab32c00000,0x000000ab32d00000) (1024K)]
Total: 47

Other Threads:
  0x000002032e92f840 VMThread "VM Thread"                           [id=24548, stack(0x000000ab2f900000,0x000000ab2fa00000) (1024K)]
  0x000002032e8cca00 WatcherThread "VM Periodic Task Thread"        [id=24552, stack(0x000000ab2f800000,0x000000ab2f900000) (1024K)]
  0x000002031a62fb80 WorkerThread "GC Thread#0"                     [id=6648, stack(0x000000ab2f700000,0x000000ab2f800000) (1024K)]
  0x00000203753bdfe0 WorkerThread "GC Thread#1"                     [id=23988, stack(0x000000ab30500000,0x000000ab30600000) (1024K)]
  0x00000203757b6fc0 WorkerThread "GC Thread#2"                     [id=20024, stack(0x000000ab30600000,0x000000ab30700000) (1024K)]
  0x00000203757b7360 WorkerThread "GC Thread#3"                     [id=24008, stack(0x000000ab30700000,0x000000ab30800000) (1024K)]
Total: 6

Threads with active compile tasks:
C2 CompilerThread0  23168 10715       4       org.eclipse.jdt.internal.core.search.indexing.BinaryIndexer::extractReferenceFromConstantPool (358 bytes)
C2 CompilerThread1  23168 10613 % !   4       org.eclipse.jdt.internal.core.search.indexing.BinaryIndexer::indexDocument @ 559 (1168 bytes)
Total: 2

VM state: not at safepoint (normal execution)

VM Mutex/Monitor currently owned by a thread:  ([mutex/lock_event])
[0x00007ff82c0bce08] CompiledIC_lock - owner thread: 0x0000020375d1db30

Heap address: 0x00000000c0000000, size: 1024 MB, Compressed Oops mode: 32-bit

CDS archive(s) mapped at: [0x000002032f000000-0x000002032fba0000-0x000002032fba0000), size 12189696, SharedBaseAddress: 0x000002032f000000, ArchiveRelocationMode: 1.
Compressed class space mapped at: 0x0000020330000000-0x0000020370000000, reserved size: 1073741824
Narrow klass base: 0x000002032f000000, Narrow klass shift: 0, Narrow klass range: 0x100000000

GC Precious Log:
 CardTable entry size: 512
 CPUs: 4 total, 4 available
 Memory: 6058M
 Large Page Support: Disabled
 NUMA Support: Disabled
 Compressed Oops: Enabled (32-bit)
 Alignments: Space 512K, Generation 512K, Heap 2M
 Heap Min Capacity: 100M
 Heap Initial Capacity: 100M
 Heap Max Capacity: 1G
 Pre-touch: Disabled
 Parallel Workers: 4

Heap:
 PSYoungGen      total 15360K, used 7718K [0x00000000eab00000, 0x00000000ebe00000, 0x0000000100000000)
  eden space 12800K, 40% used [0x00000000eab00000,0x00000000eb00c5c8,0x00000000eb780000)
  from space 2560K, 99% used [0x00000000eba80000,0x00000000ebcfd4b8,0x00000000ebd00000)
  to   space 3072K, 0% used [0x00000000eb780000,0x00000000eb780000,0x00000000eba80000)
 ParOldGen       total 98816K, used 98679K [0x00000000c0000000, 0x00000000c6080000, 0x00000000eab00000)
  object space 98816K, 99% used [0x00000000c0000000,0x00000000c605dcb8,0x00000000c6080000)
 Metaspace       used 60881K, committed 62272K, reserved 1114112K
  class space    used 6179K, committed 6784K, reserved 1048576K

Card table byte_map: [0x0000020319fa0000,0x000002031a1b0000] _byte_map_base: 0x00000203199a0000

Marking Bits: (ParMarkBitMap*) 0x00007ff82c0c31f0
 Begin Bits: [0x000002032c7f0000, 0x000002032d7f0000)
 End Bits:   [0x000002032d7f0000, 0x000002032e7f0000)

Polling page: 0x00000203182c0000

Metaspace:

Usage:
  Non-class:     53.42 MB used.
      Class:      6.03 MB used.
       Both:     59.45 MB used.

Virtual space:
  Non-class space:       64.00 MB reserved,      54.19 MB ( 85%) committed,  1 nodes.
      Class space:        1.00 GB reserved,       6.62 MB ( <1%) committed,  1 nodes.
             Both:        1.06 GB reserved,      60.81 MB (  6%) committed. 

Chunk freelists:
   Non-Class:  9.08 MB
       Class:  9.38 MB
        Both:  18.46 MB

MaxMetaspaceSize: unlimited
CompressedClassSpaceSize: 1.00 GB
Initial GC threshold: 21.00 MB
Current GC threshold: 97.31 MB
CDS: on
 - commit_granule_bytes: 65536.
 - commit_granule_words: 8192.
 - virtual_space_node_default_size: 8388608.
 - enlarge_chunks_in_place: 1.
 - use_allocation_guard: 0.


Internal statistics:

num_allocs_failed_limit: 9.
num_arena_births: 1200.
num_arena_deaths: 14.
num_vsnodes_births: 2.
num_vsnodes_deaths: 0.
num_space_committed: 973.
num_space_uncommitted: 0.
num_chunks_returned_to_freelist: 23.
num_chunks_taken_from_freelist: 4096.
num_chunk_merges: 12.
num_chunk_splits: 2506.
num_chunks_enlarged: 1387.
num_inconsistent_stats: 0.

CodeHeap 'non-profiled nmethods': size=120000Kb used=5973Kb max_used=5973Kb free=114026Kb
 bounds [0x00000203252c0000, 0x00000203258a0000, 0x000002032c7f0000]
CodeHeap 'profiled nmethods': size=120000Kb used=23995Kb max_used=23995Kb free=96004Kb
 bounds [0x000002031d7f0000, 0x000002031ef60000, 0x0000020324d20000]
CodeHeap 'non-nmethods': size=5760Kb used=1416Kb max_used=1476Kb free=4343Kb
 bounds [0x0000020324d20000, 0x0000020324f90000, 0x00000203252c0000]
 total_blobs=11071 nmethods=10345 adapters=631
 compilation: enabled
              stopped_count=0, restarted_count=0
 full_count=0

Compilation events (20 events):
Event: 22.054 Thread 0x000002032e9898e0 nmethod 11126 0x000002031ef3aa90 code [0x000002031ef3ac20, 0x000002031ef3add0]
Event: 22.058 Thread 0x000002032e9898e0 11127       2       java.lang.StringUTF16::newBytesFor (61 bytes)
Event: 22.058 Thread 0x000002032e9898e0 nmethod 11127 0x000002031ef3ae90 code [0x000002031ef3b0c0, 0x000002031ef3b5a0]
Event: 22.059 Thread 0x000002032e9898e0 11128   !   3       org.codehaus.plexus.interpolation.reflection.ClassMap::findMethod (107 bytes)
Event: 22.060 Thread 0x000002032e9898e0 nmethod 11128 0x000002031ef3b810 code [0x000002031ef3ba40, 0x000002031ef3c190]
Event: 22.065 Thread 0x000002032e9898e0 11130       1       org.apache.maven.model.building.DefaultModelProblemCollector::setRootModel (6 bytes)
Event: 22.065 Thread 0x000002032e9898e0 nmethod 11130 0x000002032588fe90 code [0x0000020325890020, 0x0000020325890100]
Event: 22.065 Thread 0x000002032e9898e0 11131       1       org.apache.maven.model.building.DefaultModelBuildingResult::getProblems (5 bytes)
Event: 22.066 Thread 0x000002032e9898e0 nmethod 11131 0x0000020325890190 code [0x0000020325890320, 0x00000203258903e8]
Event: 22.067 Thread 0x000002032e9898e0 11132       3       org.apache.maven.model.merge.MavenModelMerger::getDependencyKey (5 bytes)
Event: 22.067 Thread 0x000002032e9898e0 nmethod 11132 0x000002031ef3c410 code [0x000002031ef3c5c0, 0x000002031ef3c718]
Event: 22.070 Thread 0x000002032e9898e0 11133       3       org.apache.maven.model.validation.DefaultModelValidator::validateEffectiveDependency (631 bytes)
Event: 22.076 Thread 0x000002032e9898e0 nmethod 11133 0x000002031ef3c810 code [0x000002031ef3d140, 0x000002031ef41598]
Event: 22.077 Thread 0x000002032e9898e0 11134       2       org.codehaus.plexus.util.xml.pull.MXParser::ensureAttributesCapacity (206 bytes)
Event: 22.077 Thread 0x000002032e9898e0 nmethod 11134 0x000002031ef43010 code [0x000002031ef43220, 0x000002031ef43b18]
Event: 22.080 Thread 0x000002032e9898e0 11135       2       java.nio.charset.CharsetDecoder::onMalformedInput (26 bytes)
Event: 22.080 Thread 0x000002032e9898e0 nmethod 11135 0x000002031ef43d90 code [0x000002031ef43f40, 0x000002031ef44128]
Event: 22.080 Thread 0x000002032e9898e0 11136       2       java.nio.charset.CharsetDecoder::onUnmappableCharacter (26 bytes)
Event: 22.080 Thread 0x000002032e9898e0 nmethod 11136 0x000002031ef44210 code [0x000002031ef443c0, 0x000002031ef445a8]
Event: 22.090 Thread 0x000002032e9898e0 11137   !   3       org.codehaus.plexus.interpolation.StringSearchInterpolator::interpolate (668 bytes)

GC Heap History (20 events):
Event: 20.752 GC heap before
{Heap before GC invocations=49 (full 3):
 PSYoungGen      total 22016K, used 21701K [0x00000000eab00000, 0x00000000ec500000, 0x0000000100000000)
  eden space 18944K, 100% used [0x00000000eab00000,0x00000000ebd80000,0x00000000ebd80000)
  from space 3072K, 89% used [0x00000000ebf80000,0x00000000ec231468,0x00000000ec280000)
  to   space 2560K, 0% used [0x00000000ec280000,0x00000000ec280000,0x00000000ec500000)
 ParOldGen       total 81920K, used 74972K [0x00000000c0000000, 0x00000000c5000000, 0x00000000eab00000)
  object space 81920K, 91% used [0x00000000c0000000,0x00000000c4937340,0x00000000c5000000)
 Metaspace       used 59564K, committed 60992K, reserved 1114112K
  class space    used 6062K, committed 6656K, reserved 1048576K
}
Event: 20.758 GC heap after
{Heap after GC invocations=49 (full 3):
 PSYoungGen      total 15872K, used 2553K [0x00000000eab00000, 0x00000000ed280000, 0x0000000100000000)
  eden space 13312K, 0% used [0x00000000eab00000,0x00000000eab00000,0x00000000eb800000)
  from space 2560K, 99% used [0x00000000ec280000,0x00000000ec4fe750,0x00000000ec500000)
  to   space 10752K, 0% used [0x00000000eb800000,0x00000000eb800000,0x00000000ec280000)
 ParOldGen       total 81920K, used 81643K [0x00000000c0000000, 0x00000000c5000000, 0x00000000eab00000)
  object space 81920K, 99% used [0x00000000c0000000,0x00000000c4fbada8,0x00000000c5000000)
 Metaspace       used 59564K, committed 60992K, reserved 1114112K
  class space    used 6062K, committed 6656K, reserved 1048576K
}
Event: 20.933 GC heap before
{Heap before GC invocations=50 (full 3):
 PSYoungGen      total 15872K, used 15865K [0x00000000eab00000, 0x00000000ed280000, 0x0000000100000000)
  eden space 13312K, 100% used [0x00000000eab00000,0x00000000eb800000,0x00000000eb800000)
  from space 2560K, 99% used [0x00000000ec280000,0x00000000ec4fe750,0x00000000ec500000)
  to   space 10752K, 0% used [0x00000000eb800000,0x00000000eb800000,0x00000000ec280000)
 ParOldGen       total 81920K, used 81643K [0x00000000c0000000, 0x00000000c5000000, 0x00000000eab00000)
  object space 81920K, 99% used [0x00000000c0000000,0x00000000c4fbada8,0x00000000c5000000)
 Metaspace       used 59635K, committed 61120K, reserved 1114112K
  class space    used 6070K, committed 6720K, reserved 1048576K
}
Event: 20.937 GC heap after
{Heap after GC invocations=50 (full 3):
 PSYoungGen      total 15872K, used 2054K [0x00000000eab00000, 0x00000000ec300000, 0x0000000100000000)
  eden space 13312K, 0% used [0x00000000eab00000,0x00000000eab00000,0x00000000eb800000)
  from space 2560K, 80% used [0x00000000eb800000,0x00000000eba01b70,0x00000000eba80000)
  to   space 5120K, 0% used [0x00000000ebe00000,0x00000000ebe00000,0x00000000ec300000)
 ParOldGen       total 82432K, used 81982K [0x00000000c0000000, 0x00000000c5080000, 0x00000000eab00000)
  object space 82432K, 99% used [0x00000000c0000000,0x00000000c500f8c8,0x00000000c5080000)
 Metaspace       used 59635K, committed 61120K, reserved 1114112K
  class space    used 6070K, committed 6720K, reserved 1048576K
}
Event: 21.000 GC heap before
{Heap before GC invocations=51 (full 3):
 PSYoungGen      total 15872K, used 15366K [0x00000000eab00000, 0x00000000ec300000, 0x0000000100000000)
  eden space 13312K, 100% used [0x00000000eab00000,0x00000000eb800000,0x00000000eb800000)
  from space 2560K, 80% used [0x00000000eb800000,0x00000000eba01b70,0x00000000eba80000)
  to   space 5120K, 0% used [0x00000000ebe00000,0x00000000ebe00000,0x00000000ec300000)
 ParOldGen       total 82432K, used 81982K [0x00000000c0000000, 0x00000000c5080000, 0x00000000eab00000)
  object space 82432K, 99% used [0x00000000c0000000,0x00000000c500f8c8,0x00000000c5080000)
 Metaspace       used 59663K, committed 61120K, reserved 1114112K
  class space    used 6071K, committed 6720K, reserved 1048576K
}
Event: 21.005 GC heap after
{Heap after GC invocations=51 (full 3):
 PSYoungGen      total 14848K, used 1533K [0x00000000eab00000, 0x00000000ebf80000, 0x0000000100000000)
  eden space 13312K, 0% used [0x00000000eab00000,0x00000000eab00000,0x00000000eb800000)
  from space 1536K, 99% used [0x00000000ebe00000,0x00000000ebf7f660,0x00000000ebf80000)
  to   space 2560K, 0% used [0x00000000eba80000,0x00000000eba80000,0x00000000ebd00000)
 ParOldGen       total 84480K, used 84000K [0x00000000c0000000, 0x00000000c5280000, 0x00000000eab00000)
  object space 84480K, 99% used [0x00000000c0000000,0x00000000c5208318,0x00000000c5280000)
 Metaspace       used 59663K, committed 61120K, reserved 1114112K
  class space    used 6071K, committed 6720K, reserved 1048576K
}
Event: 21.126 GC heap before
{Heap before GC invocations=52 (full 3):
 PSYoungGen      total 14848K, used 14845K [0x00000000eab00000, 0x00000000ebf80000, 0x0000000100000000)
  eden space 13312K, 100% used [0x00000000eab00000,0x00000000eb800000,0x00000000eb800000)
  from space 1536K, 99% used [0x00000000ebe00000,0x00000000ebf7f660,0x00000000ebf80000)
  to   space 2560K, 0% used [0x00000000eba80000,0x00000000eba80000,0x00000000ebd00000)
 ParOldGen       total 84480K, used 84000K [0x00000000c0000000, 0x00000000c5280000, 0x00000000eab00000)
  object space 84480K, 99% used [0x00000000c0000000,0x00000000c5208318,0x00000000c5280000)
 Metaspace       used 59714K, committed 61184K, reserved 1114112K
  class space    used 6083K, committed 6720K, reserved 1048576K
}
Event: 21.129 GC heap after
{Heap after GC invocations=52 (full 3):
 PSYoungGen      total 15872K, used 1279K [0x00000000eab00000, 0x00000000ebe80000, 0x0000000100000000)
  eden space 13312K, 0% used [0x00000000eab00000,0x00000000eab00000,0x00000000eb800000)
  from space 2560K, 49% used [0x00000000eba80000,0x00000000ebbbffb0,0x00000000ebd00000)
  to   space 1536K, 0% used [0x00000000ebd00000,0x00000000ebd00000,0x00000000ebe80000)
 ParOldGen       total 85504K, used 85346K [0x00000000c0000000, 0x00000000c5380000, 0x00000000eab00000)
  object space 85504K, 99% used [0x00000000c0000000,0x00000000c5358bd0,0x00000000c5380000)
 Metaspace       used 59714K, committed 61184K, reserved 1114112K
  class space    used 6083K, committed 6720K, reserved 1048576K
}
Event: 21.292 GC heap before
{Heap before GC invocations=53 (full 3):
 PSYoungGen      total 15872K, used 14591K [0x00000000eab00000, 0x00000000ebe80000, 0x0000000100000000)
  eden space 13312K, 100% used [0x00000000eab00000,0x00000000eb800000,0x00000000eb800000)
  from space 2560K, 49% used [0x00000000eba80000,0x00000000ebbbffb0,0x00000000ebd00000)
  to   space 1536K, 0% used [0x00000000ebd00000,0x00000000ebd00000,0x00000000ebe80000)
 ParOldGen       total 85504K, used 85347K [0x00000000c0000000, 0x00000000c5380000, 0x00000000eab00000)
  object space 85504K, 99% used [0x00000000c0000000,0x00000000c5358d50,0x00000000c5380000)
 Metaspace       used 59884K, committed 61312K, reserved 1114112K
  class space    used 6096K, committed 6720K, reserved 1048576K
}
Event: 21.296 GC heap after
{Heap after GC invocations=53 (full 3):
 PSYoungGen      total 14848K, used 1527K [0x00000000eab00000, 0x00000000ec000000, 0x0000000100000000)
  eden space 13312K, 0% used [0x00000000eab00000,0x00000000eab00000,0x00000000eb800000)
  from space 1536K, 99% used [0x00000000ebd00000,0x00000000ebe7ddf8,0x00000000ebe80000)
  to   space 4096K, 0% used [0x00000000eb800000,0x00000000eb800000,0x00000000ebc00000)
 ParOldGen       total 87552K, used 87142K [0x00000000c0000000, 0x00000000c5580000, 0x00000000eab00000)
  object space 87552K, 99% used [0x00000000c0000000,0x00000000c5519990,0x00000000c5580000)
 Metaspace       used 59884K, committed 61312K, reserved 1114112K
  class space    used 6096K, committed 6720K, reserved 1048576K
}
Event: 21.418 GC heap before
{Heap before GC invocations=54 (full 3):
 PSYoungGen      total 14848K, used 14839K [0x00000000eab00000, 0x00000000ec000000, 0x0000000100000000)
  eden space 13312K, 100% used [0x00000000eab00000,0x00000000eb800000,0x00000000eb800000)
  from space 1536K, 99% used [0x00000000ebd00000,0x00000000ebe7ddf8,0x00000000ebe80000)
  to   space 4096K, 0% used [0x00000000eb800000,0x00000000eb800000,0x00000000ebc00000)
 ParOldGen       total 87552K, used 87146K [0x00000000c0000000, 0x00000000c5580000, 0x00000000eab00000)
  object space 87552K, 99% used [0x00000000c0000000,0x00000000c551a940,0x00000000c5580000)
 Metaspace       used 60349K, committed 61760K, reserved 1114112K
  class space    used 6143K, committed 6784K, reserved 1048576K
}
Event: 21.424 GC heap after
{Heap after GC invocations=54 (full 3):
 PSYoungGen      total 15872K, used 2345K [0x00000000eab00000, 0x00000000ebe00000, 0x0000000100000000)
  eden space 13312K, 0% used [0x00000000eab00000,0x00000000eab00000,0x00000000eb800000)
  from space 2560K, 91% used [0x00000000eb800000,0x00000000eba4a770,0x00000000eba80000)
  to   space 3072K, 0% used [0x00000000ebb00000,0x00000000ebb00000,0x00000000ebe00000)
 ParOldGen       total 89088K, used 88593K [0x00000000c0000000, 0x00000000c5700000, 0x00000000eab00000)
  object space 89088K, 99% used [0x00000000c0000000,0x00000000c56846f8,0x00000000c5700000)
 Metaspace       used 60349K, committed 61760K, reserved 1114112K
  class space    used 6143K, committed 6784K, reserved 1048576K
}
Event: 21.632 GC heap before
{Heap before GC invocations=55 (full 3):
 PSYoungGen      total 15872K, used 15657K [0x00000000eab00000, 0x00000000ebe00000, 0x0000000100000000)
  eden space 13312K, 100% used [0x00000000eab00000,0x00000000eb800000,0x00000000eb800000)
  from space 2560K, 91% used [0x00000000eb800000,0x00000000eba4a770,0x00000000eba80000)
  to   space 3072K, 0% used [0x00000000ebb00000,0x00000000ebb00000,0x00000000ebe00000)
 ParOldGen       total 89088K, used 88593K [0x00000000c0000000, 0x00000000c5700000, 0x00000000eab00000)
  object space 89088K, 99% used [0x00000000c0000000,0x00000000c56846f8,0x00000000c5700000)
 Metaspace       used 60693K, committed 62080K, reserved 1114112K
  class space    used 6176K, committed 6784K, reserved 1048576K
}
Event: 21.640 GC heap after
{Heap after GC invocations=55 (full 3):
 PSYoungGen      total 15360K, used 1978K [0x00000000eab00000, 0x00000000ebd00000, 0x0000000100000000)
  eden space 13312K, 0% used [0x00000000eab00000,0x00000000eab00000,0x00000000eb800000)
  from space 2048K, 96% used [0x00000000ebb00000,0x00000000ebceebc0,0x00000000ebd00000)
  to   space 2560K, 0% used [0x00000000eb800000,0x00000000eb800000,0x00000000eba80000)
 ParOldGen       total 91136K, used 90781K [0x00000000c0000000, 0x00000000c5900000, 0x00000000eab00000)
  object space 91136K, 99% used [0x00000000c0000000,0x00000000c58a76e8,0x00000000c5900000)
 Metaspace       used 60693K, committed 62080K, reserved 1114112K
  class space    used 6176K, committed 6784K, reserved 1048576K
}
Event: 21.764 GC heap before
{Heap before GC invocations=56 (full 3):
 PSYoungGen      total 15360K, used 15256K [0x00000000eab00000, 0x00000000ebd00000, 0x0000000100000000)
  eden space 13312K, 99% used [0x00000000eab00000,0x00000000eb7f7570,0x00000000eb800000)
  from space 2048K, 96% used [0x00000000ebb00000,0x00000000ebceebc0,0x00000000ebd00000)
  to   space 2560K, 0% used [0x00000000eb800000,0x00000000eb800000,0x00000000eba80000)
 ParOldGen       total 91136K, used 90781K [0x00000000c0000000, 0x00000000c5900000, 0x00000000eab00000)
  object space 91136K, 99% used [0x00000000c0000000,0x00000000c58a76e8,0x00000000c5900000)
 Metaspace       used 60782K, committed 62144K, reserved 1114112K
  class space    used 6178K, committed 6784K, reserved 1048576K
}
Event: 21.770 GC heap after
{Heap after GC invocations=56 (full 3):
 PSYoungGen      total 15872K, used 2144K [0x00000000eab00000, 0x00000000ebd00000, 0x0000000100000000)
  eden space 13312K, 0% used [0x00000000eab00000,0x00000000eab00000,0x00000000eb800000)
  from space 2560K, 83% used [0x00000000eb800000,0x00000000eba18340,0x00000000eba80000)
  to   space 2560K, 0% used [0x00000000eba80000,0x00000000eba80000,0x00000000ebd00000)
 ParOldGen       total 92672K, used 92628K [0x00000000c0000000, 0x00000000c5a80000, 0x00000000eab00000)
  object space 92672K, 99% used [0x00000000c0000000,0x00000000c5a75338,0x00000000c5a80000)
 Metaspace       used 60782K, committed 62144K, reserved 1114112K
  class space    used 6178K, committed 6784K, reserved 1048576K
}
Event: 21.934 GC heap before
{Heap before GC invocations=57 (full 3):
 PSYoungGen      total 15872K, used 15451K [0x00000000eab00000, 0x00000000ebd00000, 0x0000000100000000)
  eden space 13312K, 99% used [0x00000000eab00000,0x00000000eb7feb60,0x00000000eb800000)
  from space 2560K, 83% used [0x00000000eb800000,0x00000000eba18340,0x00000000eba80000)
  to   space 2560K, 0% used [0x00000000eba80000,0x00000000eba80000,0x00000000ebd00000)
 ParOldGen       total 92672K, used 92628K [0x00000000c0000000, 0x00000000c5a80000, 0x00000000eab00000)
  object space 92672K, 99% used [0x00000000c0000000,0x00000000c5a75338,0x00000000c5a80000)
 Metaspace       used 60841K, committed 62272K, reserved 1114112K
  class space    used 6178K, committed 6784K, reserved 1048576K
}
Event: 21.941 GC heap after
{Heap after GC invocations=57 (full 3):
 PSYoungGen      total 15872K, used 2032K [0x00000000eab00000, 0x00000000ebd00000, 0x0000000100000000)
  eden space 13312K, 0% used [0x00000000eab00000,0x00000000eab00000,0x00000000eb800000)
  from space 2560K, 79% used [0x00000000eba80000,0x00000000ebc7c0b0,0x00000000ebd00000)
  to   space 2560K, 0% used [0x00000000eb800000,0x00000000eb800000,0x00000000eba80000)
 ParOldGen       total 94720K, used 94610K [0x00000000c0000000, 0x00000000c5c80000, 0x00000000eab00000)
  object space 94720K, 99% used [0x00000000c0000000,0x00000000c5c64be8,0x00000000c5c80000)
 Metaspace       used 60841K, committed 62272K, reserved 1114112K
  class space    used 6178K, committed 6784K, reserved 1048576K
}
Event: 22.023 GC heap before
{Heap before GC invocations=58 (full 3):
 PSYoungGen      total 15872K, used 15344K [0x00000000eab00000, 0x00000000ebd00000, 0x0000000100000000)
  eden space 13312K, 100% used [0x00000000eab00000,0x00000000eb800000,0x00000000eb800000)
  from space 2560K, 79% used [0x00000000eba80000,0x00000000ebc7c0b0,0x00000000ebd00000)
  to   space 2560K, 0% used [0x00000000eb800000,0x00000000eb800000,0x00000000eba80000)
 ParOldGen       total 94720K, used 94611K [0x00000000c0000000, 0x00000000c5c80000, 0x00000000eab00000)
  object space 94720K, 99% used [0x00000000c0000000,0x00000000c5c64c00,0x00000000c5c80000)
 Metaspace       used 60851K, committed 62272K, reserved 1114112K
  class space    used 6179K, committed 6784K, reserved 1048576K
}
Event: 22.027 GC heap after
{Heap after GC invocations=58 (full 3):
 PSYoungGen      total 15872K, used 2252K [0x00000000eab00000, 0x00000000ebd00000, 0x0000000100000000)
  eden space 13312K, 0% used [0x00000000eab00000,0x00000000eab00000,0x00000000eb800000)
  from space 2560K, 87% used [0x00000000eb800000,0x00000000eba33278,0x00000000eba80000)
  to   space 2560K, 0% used [0x00000000eba80000,0x00000000eba80000,0x00000000ebd00000)
 ParOldGen       total 96768K, used 96550K [0x00000000c0000000, 0x00000000c5e80000, 0x00000000eab00000)
  object space 96768K, 99% used [0x00000000c0000000,0x00000000c5e49b60,0x00000000c5e80000)
 Metaspace       used 60851K, committed 62272K, reserved 1114112K
  class space    used 6179K, committed 6784K, reserved 1048576K
}

Dll operation events (10 events):
Event: 0.026 Loaded shared library c:\Users\hp\.vscode\extensions\redhat.java-1.42.0-win32-x64\jre\21.0.7-win32-x86_64\bin\java.dll
Event: 0.178 Loaded shared library c:\Users\hp\.vscode\extensions\redhat.java-1.42.0-win32-x64\jre\21.0.7-win32-x86_64\bin\zip.dll
Event: 0.239 Loaded shared library C:\Users\hp\.vscode\extensions\redhat.java-1.42.0-win32-x64\jre\21.0.7-win32-x86_64\bin\instrument.dll
Event: 0.253 Loaded shared library C:\Users\hp\.vscode\extensions\redhat.java-1.42.0-win32-x64\jre\21.0.7-win32-x86_64\bin\net.dll
Event: 0.285 Loaded shared library C:\Users\hp\.vscode\extensions\redhat.java-1.42.0-win32-x64\jre\21.0.7-win32-x86_64\bin\nio.dll
Event: 0.310 Loaded shared library C:\Users\hp\.vscode\extensions\redhat.java-1.42.0-win32-x64\jre\21.0.7-win32-x86_64\bin\zip.dll
Event: 0.348 Loaded shared library C:\Users\hp\.vscode\extensions\redhat.java-1.42.0-win32-x64\jre\21.0.7-win32-x86_64\bin\jimage.dll
Event: 0.530 Loaded shared library c:\Users\hp\.vscode\extensions\redhat.java-1.42.0-win32-x64\jre\21.0.7-win32-x86_64\bin\verify.dll
Event: 2.791 Loaded shared library C:\Users\hp\AppData\Roaming\Code\User\globalStorage\redhat.java\1.42.0\config_win\org.eclipse.equinox.launcher\org.eclipse.equinox.launcher.win32.win32.x86_64_1.2.1300.v20250331-1702\eclipse_11911.dll
Event: 5.796 Loaded shared library C:\Users\hp\AppData\Local\Temp\jna-3336\jna6781244703806975692.dll

Deoptimization events (20 events):
Event: 21.972 Thread 0x0000020377c52550 DEOPT PACKING pc=0x000002031e613efe sp=0x000000ab30dfd5d0
Event: 21.972 Thread 0x0000020377c52550 DEOPT UNPACKING pc=0x0000020324d74242 sp=0x000000ab30dfcab0 mode 0
Event: 21.978 Thread 0x0000020375d1db30 DEOPT PACKING pc=0x000002031ec283d3 sp=0x000000ab314fe3d0
Event: 21.978 Thread 0x0000020375d1db30 DEOPT UNPACKING pc=0x0000020324d74242 sp=0x000000ab314fd938 mode 0
Event: 21.993 Thread 0x0000020375d1db30 DEOPT PACKING pc=0x000002031ec28453 sp=0x000000ab314fe3d0
Event: 21.993 Thread 0x0000020375d1db30 DEOPT UNPACKING pc=0x0000020324d74242 sp=0x000000ab314fd938 mode 0
Event: 22.003 Thread 0x0000020375d1db30 DEOPT PACKING pc=0x000002031ec28453 sp=0x000000ab314fe3d0
Event: 22.003 Thread 0x0000020375d1db30 DEOPT UNPACKING pc=0x0000020324d74242 sp=0x000000ab314fd938 mode 0
Event: 22.012 Thread 0x0000020375d1db30 DEOPT PACKING pc=0x000002031ec28453 sp=0x000000ab314fe3d0
Event: 22.012 Thread 0x0000020375d1db30 DEOPT UNPACKING pc=0x0000020324d74242 sp=0x000000ab314fd938 mode 0
Event: 22.029 Thread 0x0000020375d1db30 DEOPT PACKING pc=0x000002031ec283d3 sp=0x000000ab314fe3d0
Event: 22.029 Thread 0x0000020375d1db30 DEOPT UNPACKING pc=0x0000020324d74242 sp=0x000000ab314fd938 mode 0
Event: 22.040 Thread 0x0000020375d1db30 DEOPT PACKING pc=0x000002031ec28453 sp=0x000000ab314fe3d0
Event: 22.040 Thread 0x0000020375d1db30 DEOPT UNPACKING pc=0x0000020324d74242 sp=0x000000ab314fd938 mode 0
Event: 22.055 Thread 0x0000020375d1db30 DEOPT PACKING pc=0x000002031ec28453 sp=0x000000ab314fe3d0
Event: 22.055 Thread 0x0000020375d1db30 DEOPT UNPACKING pc=0x0000020324d74242 sp=0x000000ab314fd938 mode 0
Event: 22.066 Thread 0x0000020375d1db30 DEOPT PACKING pc=0x000002031ec28453 sp=0x000000ab314fe3d0
Event: 22.066 Thread 0x0000020375d1db30 DEOPT UNPACKING pc=0x0000020324d74242 sp=0x000000ab314fd938 mode 0
Event: 22.082 Thread 0x0000020375d1db30 DEOPT PACKING pc=0x000002031ec283d3 sp=0x000000ab314fe3d0
Event: 22.082 Thread 0x0000020375d1db30 DEOPT UNPACKING pc=0x0000020324d74242 sp=0x000000ab314fd938 mode 0

Classes loaded (20 events):
Event: 18.415 Loading class java/util/concurrent/ArrayBlockingQueue
Event: 18.415 Loading class java/util/concurrent/ArrayBlockingQueue done
Event: 18.532 Loading class java/util/Hashtable$ValueCollection
Event: 18.533 Loading class java/util/Hashtable$ValueCollection done
Event: 18.542 Loading class java/util/concurrent/ConcurrentHashMap$KeySpliterator
Event: 18.542 Loading class java/util/concurrent/ConcurrentHashMap$KeySpliterator done
Event: 18.554 Loading class sun/nio/ch/ChannelOutputStream
Event: 18.554 Loading class sun/nio/ch/ChannelOutputStream done
Event: 18.570 Loading class java/util/stream/ReferencePipeline$4
Event: 18.571 Loading class java/util/stream/ReferencePipeline$4 done
Event: 18.571 Loading class java/util/stream/Nodes$IntFixedNodeBuilder
Event: 18.571 Loading class java/util/stream/Node$Builder$OfInt
Event: 18.571 Loading class java/util/stream/Node$Builder$OfInt done
Event: 18.571 Loading class java/util/stream/Nodes$IntArrayNode
Event: 18.571 Loading class java/util/stream/Nodes$IntArrayNode done
Event: 18.572 Loading class java/util/stream/Nodes$IntFixedNodeBuilder done
Event: 18.572 Loading class java/util/stream/ReferencePipeline$4$1
Event: 18.572 Loading class java/util/stream/ReferencePipeline$4$1 done
Event: 20.858 Loading class jdk/internal/module/IllegalAccessLogger
Event: 20.858 Loading class jdk/internal/module/IllegalAccessLogger done

Classes unloaded (7 events):
Event: 6.620 Thread 0x000002032e92f840 Unloading class 0x00000203301a5400 'java/lang/invoke/LambdaForm$MH+0x00000203301a5400'
Event: 6.620 Thread 0x000002032e92f840 Unloading class 0x00000203301a5000 'java/lang/invoke/LambdaForm$MH+0x00000203301a5000'
Event: 6.620 Thread 0x000002032e92f840 Unloading class 0x00000203301a4c00 'java/lang/invoke/LambdaForm$MH+0x00000203301a4c00'
Event: 6.620 Thread 0x000002032e92f840 Unloading class 0x00000203301a4800 'java/lang/invoke/LambdaForm$MH+0x00000203301a4800'
Event: 6.620 Thread 0x000002032e92f840 Unloading class 0x00000203301a4400 'java/lang/invoke/LambdaForm$BMH+0x00000203301a4400'
Event: 6.620 Thread 0x000002032e92f840 Unloading class 0x00000203301a4000 'java/lang/invoke/LambdaForm$DMH+0x00000203301a4000'
Event: 6.620 Thread 0x000002032e92f840 Unloading class 0x00000203301a2c00 'java/lang/invoke/LambdaForm$DMH+0x00000203301a2c00'

Classes redefined (0 events):
No events

Internal exceptions (20 events):
Event: 16.670 Thread 0x0000020377c52550 Exception <a 'java/lang/NoSuchMethodError'{0x00000000ebb8a188}: 'java.lang.Object java.lang.invoke.DirectMethodHandle$Holder.invokeStatic(java.lang.Object, java.lang.Object, int, int)'> (0x00000000ebb8a188) 
thrown [s\src\hotspot\share\interpreter\linkResolver.cpp, line 773]
Event: 16.670 Thread 0x0000020377c52550 Exception <a 'java/lang/NoSuchMethodError'{0x00000000ebb8e498}: 'java.lang.Object java.lang.invoke.DirectMethodHandle$Holder.invokeSpecial(java.lang.Object, java.lang.Object, java.lang.Object, int, int)'> (0x00000000ebb8e498) 
thrown [s\src\hotspot\share\interpreter\linkResolver.cpp, line 773]
Event: 16.979 Thread 0x0000020377c52550 Implicit null exception at 0x000002032570e9f9 to 0x000002032570eb91
Event: 17.118 Thread 0x0000020377c52550 Implicit null exception at 0x00000203257275a3 to 0x0000020325727908
Event: 17.246 Thread 0x0000020377c52550 Exception <a 'java/lang/NoSuchMethodError'{0x00000000eb0c5278}: 'int java.lang.invoke.DirectMethodHandle$Holder.invokeSpecialIFC(java.lang.Object, java.lang.Object, java.lang.Object)'> (0x00000000eb0c5278) 
thrown [s\src\hotspot\share\interpreter\linkResolver.cpp, line 773]
Event: 18.076 Thread 0x0000020377c52550 Implicit null exception at 0x00000203256325cb to 0x000002032563272c
Event: 18.285 Thread 0x0000020375d1db30 Implicit null exception at 0x000002032579e48f to 0x00000203257a28b0
Event: 18.484 Thread 0x00000203780be850 Exception <a 'java/lang/NoSuchMethodError'{0x00000000ebd2ab28}: 'void java.lang.invoke.DirectMethodHandle$Holder.invokeStatic(java.lang.Object, int, java.lang.Object)'> (0x00000000ebd2ab28) 
thrown [s\src\hotspot\share\interpreter\linkResolver.cpp, line 773]
Event: 18.546 Thread 0x0000020377c52550 Exception <a 'java/lang/NoSuchMethodError'{0x00000000eb004168}: 'java.lang.Object java.lang.invoke.DirectMethodHandle$Holder.newInvokeSpecial(java.lang.Object, java.lang.Object, int, int, java.lang.Object)'> (0x00000000eb004168) 
thrown [s\src\hotspot\share\interpreter\linkResolver.cpp, line 773]
Event: 18.717 Thread 0x00000203780be850 Exception <a 'java/lang/NoSuchMethodError'{0x00000000ebc4d8b8}: 'java.lang.Object java.lang.invoke.DirectMethodHandle$Holder.newInvokeSpecial(java.lang.Object, java.lang.Object, java.lang.Object, java.lang.Object, int)'> (0x00000000ebc4d8b8) 
thrown [s\src\hotspot\share\interpreter\linkResolver.cpp, line 773]
Event: 18.721 Thread 0x00000203780be850 Exception <a 'java/lang/NoSuchMethodError'{0x00000000ebc51c50}: 'java.lang.Object java.lang.invoke.DirectMethodHandle$Holder.invokeSpecial(java.lang.Object, java.lang.Object, java.lang.Object, java.lang.Object, java.lang.Object, int)'> (0x00000000ebc51c50) 
thrown [s\src\hotspot\share\interpreter\linkResolver.cpp, line 773]
Event: 18.721 Thread 0x00000203780be850 Exception <a 'java/lang/NoSuchMethodError'{0x00000000ebc55980}: 'java.lang.Object java.lang.invoke.Invokers$Holder.linkToTargetMethod(java.lang.Object, java.lang.Object, java.lang.Object, int, java.lang.Object)'> (0x00000000ebc55980) 
thrown [s\src\hotspot\share\interpreter\linkResolver.cpp, line 773]
Event: 20.254 Thread 0x00000203780be850 Exception <a 'java/lang/NoSuchMethodError'{0x00000000eac503c8}: 'void java.lang.invoke.DirectMethodHandle$Holder.invokeVirtual(java.lang.Object, java.lang.Object, java.lang.Object, java.lang.Object, java.lang.Object)'> (0x00000000eac503c8) 
thrown [s\src\hotspot\share\interpreter\linkResolver.cpp, line 773]
Event: 20.610 Thread 0x0000020377c52550 Exception <a 'sun/nio/fs/WindowsException'{0x00000000eaf5f820}> (0x00000000eaf5f820) 
thrown [s\src\hotspot\share\prims\jni.cpp, line 520]
Event: 20.615 Thread 0x0000020377c56060 Exception <a 'sun/nio/fs/WindowsException'{0x00000000eaf680d8}> (0x00000000eaf680d8) 
thrown [s\src\hotspot\share\prims\jni.cpp, line 520]
Event: 20.615 Thread 0x0000020377c56060 Exception <a 'sun/nio/fs/WindowsException'{0x00000000eaf68df0}> (0x00000000eaf68df0) 
thrown [s\src\hotspot\share\prims\jni.cpp, line 520]
Event: 20.920 Thread 0x0000020377c52550 Exception <a 'sun/nio/fs/WindowsException'{0x00000000eb64a500}> (0x00000000eb64a500) 
thrown [s\src\hotspot\share\prims\jni.cpp, line 520]
Event: 20.920 Thread 0x0000020377c52550 Exception <a 'sun/nio/fs/WindowsException'{0x00000000eb64ad40}> (0x00000000eb64ad40) 
thrown [s\src\hotspot\share\prims\jni.cpp, line 520]
Event: 21.467 Thread 0x0000020377c52550 Exception <a 'java/lang/NoSuchMethodError'{0x00000000eae8ef38}: 'void java.lang.invoke.DirectMethodHandle$Holder.invokeStatic(java.lang.Object, java.lang.Object, java.lang.Object, int)'> (0x00000000eae8ef38) 
thrown [s\src\hotspot\share\interpreter\linkResolver.cpp, line 773]
Event: 21.485 Thread 0x0000020377c52550 Exception <a 'java/lang/NoSuchMethodError'{0x00000000eaedc968}: 'void java.lang.invoke.DirectMethodHandle$Holder.invokeVirtual(java.lang.Object, java.lang.Object, int)'> (0x00000000eaedc968) 
thrown [s\src\hotspot\share\interpreter\linkResolver.cpp, line 773]

ZGC Phase Switch (0 events):
No events

VM Operations (20 events):
Event: 21.129 Executing VM operation: ParallelGCFailedAllocation (Allocation Failure) done
Event: 21.230 Executing VM operation: HandshakeAllThreads (Deoptimize)
Event: 21.230 Executing VM operation: HandshakeAllThreads (Deoptimize) done
Event: 21.292 Executing VM operation: ParallelGCFailedAllocation (Allocation Failure)
Event: 21.292 Executing VM operation: ParallelGCFailedAllocation (Allocation Failure) done
Event: 21.292 Executing VM operation: ParallelGCSystemGC (GCLocker Initiated GC)
Event: 21.296 Executing VM operation: ParallelGCSystemGC (GCLocker Initiated GC) done
Event: 21.418 Executing VM operation: ParallelGCFailedAllocation (Allocation Failure)
Event: 21.424 Executing VM operation: ParallelGCFailedAllocation (Allocation Failure) done
Event: 21.632 Executing VM operation: ParallelGCFailedAllocation (Allocation Failure)
Event: 21.640 Executing VM operation: ParallelGCFailedAllocation (Allocation Failure) done
Event: 21.764 Executing VM operation: ParallelGCFailedAllocation (Allocation Failure)
Event: 21.770 Executing VM operation: ParallelGCFailedAllocation (Allocation Failure) done
Event: 21.934 Executing VM operation: ParallelGCFailedAllocation (Allocation Failure)
Event: 21.941 Executing VM operation: ParallelGCFailedAllocation (Allocation Failure) done
Event: 22.023 Executing VM operation: ParallelGCFailedAllocation (Allocation Failure)
Event: 22.023 Executing VM operation: ParallelGCFailedAllocation (Allocation Failure) done
Event: 22.023 Executing VM operation: ParallelGCSystemGC (GCLocker Initiated GC)
Event: 22.027 Executing VM operation: ParallelGCSystemGC (GCLocker Initiated GC) done
Event: 23.042 Executing VM operation: Cleanup

Memory protections (0 events):
No events

Nmethod flushes (20 events):
Event: 18.985 Thread 0x000002032e92f840 flushing osr nmethod 0x000002031e0d6290
Event: 18.985 Thread 0x000002032e92f840 flushing osr nmethod 0x000002031e0f7e10
Event: 18.985 Thread 0x000002032e92f840 flushing  nmethod 0x000002031e110690
Event: 18.985 Thread 0x000002032e92f840 flushing  nmethod 0x000002031e11bd90
Event: 18.985 Thread 0x000002032e92f840 flushing  nmethod 0x000002031e121810
Event: 18.985 Thread 0x000002032e92f840 flushing  nmethod 0x000002031e139890
Event: 18.985 Thread 0x000002032e92f840 flushing  nmethod 0x000002031e163d10
Event: 18.985 Thread 0x000002032e92f840 flushing  nmethod 0x000002031e1a1210
Event: 18.985 Thread 0x000002032e92f840 flushing  nmethod 0x000002031e1c3790
Event: 18.985 Thread 0x000002032e92f840 flushing  nmethod 0x000002031e1c4e10
Event: 18.985 Thread 0x000002032e92f840 flushing  nmethod 0x000002031e1c5410
Event: 18.985 Thread 0x000002032e92f840 flushing  nmethod 0x000002031e1cef90
Event: 18.985 Thread 0x000002032e92f840 flushing  nmethod 0x000002031e1d0c10
Event: 18.985 Thread 0x000002032e92f840 flushing  nmethod 0x000002031e1e4310
Event: 18.985 Thread 0x000002032e92f840 flushing  nmethod 0x000002031e1ea810
Event: 18.985 Thread 0x000002032e92f840 flushing  nmethod 0x000002031e1eac90
Event: 18.985 Thread 0x000002032e92f840 flushing  nmethod 0x000002031e1ebe90
Event: 18.985 Thread 0x000002032e92f840 flushing  nmethod 0x000002031e1ec490
Event: 18.985 Thread 0x000002032e92f840 flushing  nmethod 0x000002031e202990
Event: 18.985 Thread 0x000002032e92f840 flushing  nmethod 0x000002031e20ee10

Events (20 events):
Event: 9.734 Thread 0x000002031a617700 Thread added: 0x0000020377c51830
Event: 9.734 Thread 0x000002031a617700 Thread added: 0x0000020377c53900
Event: 9.735 Thread 0x000002031a617700 Thread added: 0x0000020377c54620
Event: 9.893 Thread 0x000002031a617700 Thread added: 0x0000020377c511a0
Event: 10.363 Thread 0x000002031a617700 Thread added: 0x0000020377c53f90
Event: 10.366 Thread 0x000002031a617700 Thread added: 0x0000020377c54cb0
Event: 11.493 Thread 0x0000020377c4fdf0 Thread added: 0x0000020377c51ec0
Event: 11.792 Thread 0x0000020375d1c0f0 Thread exited: 0x0000020375d1c0f0
Event: 12.115 Thread 0x0000020377c53270 Thread added: 0x0000020377c52550
Event: 13.451 Thread 0x0000020377c52550 Thread added: 0x0000020377c56060
Event: 13.454 Thread 0x0000020377c56060 Thread added: 0x0000020377c566f0
Event: 13.456 Thread 0x0000020377c566f0 Thread added: 0x0000020377c56d80
Event: 13.459 Thread 0x0000020377c56060 Thread added: 0x0000020377c57410
Event: 13.682 Thread 0x0000020377c52550 Thread added: 0x0000020375d1c0f0
Event: 13.682 Thread 0x0000020377c52550 Thread added: 0x00000203780bc0f0
Event: 13.916 Thread 0x0000020375a23520 Thread exited: 0x0000020375a23520
Event: 14.892 Thread 0x000002032e9898e0 Thread added: 0x0000020375a23520
Event: 18.416 Thread 0x0000020377c52550 Thread added: 0x00000203780be850
Event: 18.548 Thread 0x0000020377c52550 Thread added: 0x00000203780beee0
Event: 18.561 Thread 0x0000020377c52550 Thread added: 0x00000203780bf570


Dynamic libraries:
0x00007ff6cf800000 - 0x00007ff6cf80e000 	c:\Users\hp\.vscode\extensions\redhat.java-1.42.0-win32-x64\jre\21.0.7-win32-x86_64\bin\java.exe
0x00007ff8c9060000 - 0x00007ff8c92c6000 	C:\WINDOWS\SYSTEM32\ntdll.dll
0x00007ff8bff90000 - 0x00007ff8bffab000 	C:\Program Files\Avast Software\Avast\aswhook.dll
0x00007ff8c8400000 - 0x00007ff8c84c9000 	C:\WINDOWS\System32\KERNEL32.DLL
0x00007ff8c6530000 - 0x00007ff8c68fc000 	C:\WINDOWS\System32\KERNELBASE.dll
0x00007ff8c3270000 - 0x00007ff8c330e000 	C:\WINDOWS\SYSTEM32\apphelp.dll
0x00007ff8c6b50000 - 0x00007ff8c6c9b000 	C:\WINDOWS\System32\ucrtbase.dll
0x00007ff8a35e0000 - 0x00007ff8a35fe000 	c:\Users\hp\.vscode\extensions\redhat.java-1.42.0-win32-x64\jre\21.0.7-win32-x86_64\bin\VCRUNTIME140.dll
0x00007ff8a3d50000 - 0x00007ff8a3d68000 	c:\Users\hp\.vscode\extensions\redhat.java-1.42.0-win32-x64\jre\21.0.7-win32-x86_64\bin\jli.dll
0x00007ff8c6ed0000 - 0x00007ff8c709a000 	C:\WINDOWS\System32\USER32.dll
0x00007ff8c6b20000 - 0x00007ff8c6b47000 	C:\WINDOWS\System32\win32u.dll
0x00007ff8afb00000 - 0x00007ff8afd9a000 	C:\WINDOWS\WinSxS\amd64_microsoft.windows.common-controls_6595b64144ccf1df_6.0.26100.3912_none_3e07963ce335137e\COMCTL32.dll
0x00007ff8c7a70000 - 0x00007ff8c7b19000 	C:\WINDOWS\System32\msvcrt.dll
0x00007ff8c84d0000 - 0x00007ff8c84fb000 	C:\WINDOWS\System32\GDI32.dll
0x00007ff8c6280000 - 0x00007ff8c63b2000 	C:\WINDOWS\System32\gdi32full.dll
0x00007ff8c6480000 - 0x00007ff8c6523000 	C:\WINDOWS\System32\msvcp_win.dll
0x00007ff8c80f0000 - 0x00007ff8c8120000 	C:\WINDOWS\System32\IMM32.DLL
0x00007ff8ae860000 - 0x00007ff8ae86c000 	c:\Users\hp\.vscode\extensions\redhat.java-1.42.0-win32-x64\jre\21.0.7-win32-x86_64\bin\vcruntime140_1.dll
0x00007ff883aa0000 - 0x00007ff883b2d000 	c:\Users\hp\.vscode\extensions\redhat.java-1.42.0-win32-x64\jre\21.0.7-win32-x86_64\bin\msvcp140.dll
0x00007ff82b410000 - 0x00007ff82c1a0000 	c:\Users\hp\.vscode\extensions\redhat.java-1.42.0-win32-x64\jre\21.0.7-win32-x86_64\bin\server\jvm.dll
0x00007ff8c8750000 - 0x00007ff8c8802000 	C:\WINDOWS\System32\ADVAPI32.dll
0x00007ff8c6e20000 - 0x00007ff8c6ec6000 	C:\WINDOWS\System32\sechost.dll
0x00007ff8c7b40000 - 0x00007ff8c7c56000 	C:\WINDOWS\System32\RPCRT4.dll
0x00007ff8c8fa0000 - 0x00007ff8c9014000 	C:\WINDOWS\System32\WS2_32.dll
0x00007ff8c6060000 - 0x00007ff8c60be000 	C:\WINDOWS\SYSTEM32\POWRPROF.dll
0x00007ff8be750000 - 0x00007ff8be75b000 	C:\WINDOWS\SYSTEM32\VERSION.dll
0x00007ff8bdfe0000 - 0x00007ff8be016000 	C:\WINDOWS\SYSTEM32\WINMM.dll
0x00007ff8c6040000 - 0x00007ff8c6054000 	C:\WINDOWS\SYSTEM32\UMPDC.dll
0x00007ff8c4fb0000 - 0x00007ff8c4fca000 	C:\WINDOWS\SYSTEM32\kernel.appcore.dll
0x00007ff8ae010000 - 0x00007ff8ae01a000 	c:\Users\hp\.vscode\extensions\redhat.java-1.42.0-win32-x64\jre\21.0.7-win32-x86_64\bin\jimage.dll
0x00007ff8bb120000 - 0x00007ff8bb361000 	C:\WINDOWS\SYSTEM32\DBGHELP.DLL
0x00007ff8c70a0000 - 0x00007ff8c7424000 	C:\WINDOWS\System32\combase.dll
0x00007ff8c7810000 - 0x00007ff8c78f0000 	C:\WINDOWS\System32\OLEAUT32.dll
0x00007ff8b9bd0000 - 0x00007ff8b9c09000 	C:\WINDOWS\SYSTEM32\dbgcore.DLL
0x00007ff8c6a80000 - 0x00007ff8c6b19000 	C:\WINDOWS\System32\bcryptPrimitives.dll
0x00007ff8adcd0000 - 0x00007ff8adcdf000 	c:\Users\hp\.vscode\extensions\redhat.java-1.42.0-win32-x64\jre\21.0.7-win32-x86_64\bin\instrument.dll
0x00007ff8a2490000 - 0x00007ff8a24af000 	c:\Users\hp\.vscode\extensions\redhat.java-1.42.0-win32-x64\jre\21.0.7-win32-x86_64\bin\java.dll
0x00007ff8c8870000 - 0x00007ff8c8f9d000 	C:\WINDOWS\System32\SHELL32.dll
0x00007ff8c6900000 - 0x00007ff8c6a74000 	C:\WINDOWS\System32\wintypes.dll
0x00007ff8c3ea0000 - 0x00007ff8c46f6000 	C:\WINDOWS\SYSTEM32\windows.storage.dll
0x00007ff8c7680000 - 0x00007ff8c776f000 	C:\WINDOWS\System32\SHCORE.dll
0x00007ff8c8310000 - 0x00007ff8c8379000 	C:\WINDOWS\System32\shlwapi.dll
0x00007ff8c6100000 - 0x00007ff8c612f000 	C:\WINDOWS\SYSTEM32\profapi.dll
0x00007ff89eef0000 - 0x00007ff89ef08000 	c:\Users\hp\.vscode\extensions\redhat.java-1.42.0-win32-x64\jre\21.0.7-win32-x86_64\bin\zip.dll
0x00007ff8ad820000 - 0x00007ff8ad830000 	C:\Users\hp\.vscode\extensions\redhat.java-1.42.0-win32-x64\jre\21.0.7-win32-x86_64\bin\net.dll
0x00007ff8be1e0000 - 0x00007ff8be2fe000 	C:\WINDOWS\SYSTEM32\WINHTTP.dll
0x00007ff8c5520000 - 0x00007ff8c558a000 	C:\WINDOWS\system32\mswsock.dll
0x00007ff89e960000 - 0x00007ff89e976000 	C:\Users\hp\.vscode\extensions\redhat.java-1.42.0-win32-x64\jre\21.0.7-win32-x86_64\bin\nio.dll
0x00007ff8ac880000 - 0x00007ff8ac890000 	c:\Users\hp\.vscode\extensions\redhat.java-1.42.0-win32-x64\jre\21.0.7-win32-x86_64\bin\verify.dll
0x00007ff8930d0000 - 0x00007ff893115000 	C:\Users\hp\AppData\Roaming\Code\User\globalStorage\redhat.java\1.42.0\config_win\org.eclipse.equinox.launcher\org.eclipse.equinox.launcher.win32.win32.x86_64_1.2.1300.v20250331-1702\eclipse_11911.dll
0x00007ff8c8130000 - 0x00007ff8c82cf000 	C:\WINDOWS\System32\ole32.dll
0x00007ff8c57c0000 - 0x00007ff8c57dc000 	C:\WINDOWS\SYSTEM32\CRYPTSP.dll
0x00007ff8c4f10000 - 0x00007ff8c4f4a000 	C:\WINDOWS\system32\rsaenh.dll
0x00007ff8c55c0000 - 0x00007ff8c55eb000 	C:\WINDOWS\SYSTEM32\USERENV.dll
0x00007ff8c60d0000 - 0x00007ff8c60f6000 	C:\WINDOWS\SYSTEM32\bcrypt.dll
0x00007ff8c57e0000 - 0x00007ff8c57ec000 	C:\WINDOWS\SYSTEM32\CRYPTBASE.dll
0x00007ff8c49f0000 - 0x00007ff8c4a23000 	C:\WINDOWS\SYSTEM32\IPHLPAPI.DLL
0x00007ff8c8500000 - 0x00007ff8c850a000 	C:\WINDOWS\System32\NSI.dll
0x00007ff88a220000 - 0x00007ff88a269000 	C:\Users\hp\AppData\Local\Temp\jna-3336\jna6781244703806975692.dll
0x00007ff8c8860000 - 0x00007ff8c8868000 	C:\WINDOWS\System32\PSAPI.DLL
0x00007ff8be720000 - 0x00007ff8be73f000 	C:\WINDOWS\SYSTEM32\dhcpcsvc6.DLL
0x00007ff8bdf00000 - 0x00007ff8bdf25000 	C:\WINDOWS\SYSTEM32\dhcpcsvc.DLL

dbghelp: loaded successfully - version: 4.0.5 - missing functions: none
symbol engine: initialized successfully - sym options: 0x614 - pdb path: .;c:\Users\hp\.vscode\extensions\redhat.java-1.42.0-win32-x64\jre\21.0.7-win32-x86_64\bin;C:\WINDOWS\SYSTEM32;C:\Program Files\Avast Software\Avast;C:\WINDOWS\WinSxS\amd64_microsoft.windows.common-controls_6595b64144ccf1df_6.0.26100.3912_none_3e07963ce335137e;c:\Users\hp\.vscode\extensions\redhat.java-1.42.0-win32-x64\jre\21.0.7-win32-x86_64\bin\server;C:\Users\hp\AppData\Roaming\Code\User\globalStorage\redhat.java\1.42.0\config_win\org.eclipse.equinox.launcher\org.eclipse.equinox.launcher.win32.win32.x86_64_1.2.1300.v20250331-1702;C:\Users\hp\AppData\Local\Temp\jna-3336

VM Arguments:
jvm_args: --add-modules=ALL-SYSTEM --add-opens=java.base/java.util=ALL-UNNAMED --add-opens=java.base/java.lang=ALL-UNNAMED --add-opens=java.base/sun.nio.fs=ALL-UNNAMED -Declipse.application=org.eclipse.jdt.ls.core.id1 -Dosgi.bundles.defaultStartLevel=4 -Declipse.product=org.eclipse.jdt.ls.core.product -Djava.import.generatesMetadataFilesAtProjectRoot=false -DDetectVMInstallationsJob.disabled=true -Dfile.encoding=utf8 -XX:+UseParallelGC -XX:GCTimeRatio=4 -XX:AdaptiveSizePolicyWeight=90 -Dsun.zip.disableMemoryMapping=true -Xmx1G -Xms100m -Xlog:disable -javaagent:c:\Users\hp\.vscode\extensions\redhat.java-1.42.0-win32-x64\lombok\lombok-1.18.36.jar -XX:+HeapDumpOnOutOfMemoryError -XX:HeapDumpPath=c:\Users\hp\AppData\Roaming\Code\User\workspaceStorage\686d534e6fb2cae4641b8e729c16d550\redhat.java -Daether.dependencyCollector.impl=bf 
java_command: c:\Users\hp\.vscode\extensions\redhat.java-1.42.0-win32-x64\server\plugins\org.eclipse.equinox.launcher_1.7.0.v20250424-1814.jar -configuration c:\Users\hp\AppData\Roaming\Code\User\globalStorage\redhat.java\1.42.0\config_win -data c:\Users\hp\AppData\Roaming\Code\User\workspaceStorage\686d534e6fb2cae4641b8e729c16d550\redhat.java\jdt_ws --pipe=\\.\pipe\lsp-cb654f683691c2da0ef6454ee7b6b06b-sock
java_class_path (initial): c:\Users\hp\.vscode\extensions\redhat.java-1.42.0-win32-x64\server\plugins\org.eclipse.equinox.launcher_1.7.0.v20250424-1814.jar
Launcher Type: SUN_STANDARD

[Global flags]
    uintx AdaptiveSizePolicyWeight                 = 90                                        {product} {command line}
     intx CICompilerCount                          = 3                                         {product} {ergonomic}
    uintx GCTimeRatio                              = 4                                         {product} {command line}
     bool HeapDumpOnOutOfMemoryError               = true                                   {manageable} {command line}
    ccstr HeapDumpPath                             = c:\Users\hp\AppData\Roaming\Code\User\workspaceStorage\686d534e6fb2cae4641b8e729c16d550\redhat.java         {manageable} {command line}
   size_t InitialHeapSize                          = 104857600                                 {product} {command line}
   size_t MaxHeapSize                              = 1073741824                                {product} {command line}
   size_t MaxNewSize                               = 357564416                                 {product} {ergonomic}
   size_t MinHeapDeltaBytes                        = 524288                                    {product} {ergonomic}
   size_t MinHeapSize                              = 104857600                                 {product} {command line}
   size_t NewSize                                  = 34603008                                  {product} {ergonomic}
    uintx NonNMethodCodeHeapSize                   = 5832780                                {pd product} {ergonomic}
    uintx NonProfiledCodeHeapSize                  = 122912730                              {pd product} {ergonomic}
   size_t OldSize                                  = 70254592                                  {product} {ergonomic}
    uintx ProfiledCodeHeapSize                     = 122912730                              {pd product} {ergonomic}
    uintx ReservedCodeCacheSize                    = 251658240                              {pd product} {ergonomic}
     bool SegmentedCodeCache                       = true                                      {product} {ergonomic}
   size_t SoftMaxHeapSize                          = 1073741824                             {manageable} {ergonomic}
     bool UseCompressedOops                        = true                           {product lp64_product} {ergonomic}
     bool UseLargePagesIndividualAllocation        = false                                  {pd product} {ergonomic}
     bool UseParallelGC                            = true                                      {product} {command line}

Logging:
Log output configuration:
 #0: stdout all=off uptime,level,tags foldmultilines=false
 #1: stderr all=off uptime,level,tags foldmultilines=false

Environment Variables:
JAVA_HOME=C:\Program Files\Eclipse Adoptium\jdk-21.0.6.7-hotspot
PATH=%PATH%;C:\Program Files\Eclipse Adoptium\jdk-21.0.6.7-hotspot\bin;C:\Program Files\Eclipse Adoptium\jdk-21.0.6.7-hotspot\bin;C:\WINDOWS\system32;C:\WINDOWS;C:\WINDOWS\System32\Wbem;C:\WINDOWS\System32\WindowsPowerShell\v1.0\;C:\WINDOWS\System32\OpenSSH\;C:\ProgramData\chocolatey\bin;C:\Program Files\Git\cmd;C:\Program Files\nodejs\;C:\Users\php;C:\Users\hp\Downloads\apache-maven-3.9.9-bin;C:\ProgramData\chocolatey\lib\maven\apache-maven-3.9.9\bin;C:\Users\hp\AppData\Local\Microsoft\WindowsApps;C:\Users\hp\AppData\Local\Programs\Microsoft VS Code\bin;C:\Users\hp\AppData\Roaming\npm;F:\PostgreSQL\17\bin;C:\Users\hp\AppData\Local\Programs\Python\Python313\Scripts\;C:\Users\hp\AppData\Local\Programs\Python\Python313\;C:\Users\hp\AppData\Local\Microsoft\WindowsApps;C:\Users\hp\AppData\Local\Programs\Microsoft VS Code\bin;C:\Users\hp\AppData\Roaming\npm;;C:\Users\hp\Anaconda3;C:\Users\hp\Anaconda3\Scripts;C:\Users\hp\Anaconda3\Library\bin;C:\Program Files\Eclipse Adoptium\jdk-21.0.6.7-hotspot\bin;C:\Program Files\Eclipse Adoptium\jdk-21.0.6.7-hotspot\bin;C:\WINDOWS\system32;C:\WINDOWS;C:\WINDOWS\System32\Wbem;C:\WINDOWS\System32\WindowsPowerShell\v1.0\;C:\WINDOWS\System32\OpenSSH\;C:\ProgramData\chocolatey\bin;C:\Program Files\Git\cmd;C:\Program Files\nodejs\;C:\Users\php;C:\Users\hp\Downloads\apache-maven-3.9.9-bin;C:\ProgramData\chocolatey\lib\maven\apache-maven-3.9.9\bin;C:\Users\hp\AppData\Local\Microsoft\WindowsApps;C:\Users\hp\AppData\Local\Programs\Microsoft VS Code\bin;C:\Users\hp\AppData\Roaming\npm;F:\PostgreSQL\17\bin;C:\Users\hp\AppData\Local\Programs\Python\Python313\Scripts\;C:\Users\hp\AppData\Local\Programs\Python\Python313\;C:\Users\hp\AppData\Local\Microsoft\WindowsApps;C:\Users\hp\AppData\Local\Programs\Microsoft VS Code\bin;C:\Users\hp\AppData\Roaming\npm;C:\Users\hp\Anaconda3;C:\Users\hp\Anaconda3\Scripts;C:\Users\hp\Anaconda3\Library\bin;C:\Program Files\Eclipse Adoptium\jdk-21.0.6.7-hotspot\bin;;C:\Program Files\Eclipse Adoptium\jdk-21.0.6.7-hotspot\bin;C:\Program Files\Eclipse Adoptium\jdk-21.0.6.7-hotspot\bin;C:\WINDOWS\system32;C:\WINDOWS;C:\WINDOWS\System32\Wbem;C:\WINDOWS\System32\WindowsPowerShell\v1.0\;C:\WINDOWS\System32\OpenSSH\;C:\ProgramData\chocolatey\bin;C:\Program Files\Git\cmd;C:\Program Files\nodejs\;C:\Users\php;C:\Users\hp\Downloads\apache-maven-3.9.9-bin;C:\ProgramData\chocolatey\lib\maven\apache-maven-3.9.9\bin;C:\Users\hp\AppData\Local\Microsoft\WindowsApps;C:\Users\hp\AppData\Local\Programs\Microsoft VS Code\bin;C:\Users\hp\AppData\Roaming\npm;F:\PostgreSQL\17\bin;C:\Users\hp\AppData\Local\Programs\Python\Python313\Scripts\;C:\Users\hp\AppData\Local\Programs\Python\Python313\;C:\Users\hp\AppData\Local\Microsoft\WindowsApps;C:\Users\hp\AppData\Local\Programs\Microsoft VS Code\bin;C:\Users\hp\AppData\Roaming\npm;C:\Users\hp\Anaconda3;C:\Users\hp\Anaconda3\Scripts;C:\Users\hp\Anaconda3\Library\bin;C:\Program Files\Eclipse Adoptium\jdk-21.0.6.7-hotspot\bin;C:\Users\hp\AppData\Roaming\npm;
USERNAME=hp
OS=Windows_NT
PROCESSOR_IDENTIFIER=AMD64 Family 23 Model 24 Stepping 1, AuthenticAMD
TMP=C:\Users\hp\AppData\Local\Temp
TEMP=C:\Users\hp\AppData\Local\Temp




Periodic native trim disabled

---------------  S Y S T E M  ---------------

OS:
 Windows 11 , 64 bit Build 26100 (10.0.26100.3912)
OS uptime: 0 days 3:12 hours

CPU: total 4 (initial active 4) (4 cores per cpu, 2 threads per core) family 23 model 24 stepping 1 microcode 0x8108109, cx8, cmov, fxsr, ht, mmx, 3dnowpref, sse, sse2, sse3, ssse3, sse4a, sse4.1, sse4.2, popcnt, lzcnt, tsc, tscinvbit, avx, avx2, aes, clmul, bmi1, bmi2, adx, sha, fma, vzeroupper, clflush, clflushopt, rdtscp, f16c
Processor Information for the first 4 processors :
  Max Mhz: 2400, Current Mhz: 2400, Mhz Limit: 2400

Memory: 4k page, system-wide physical 6058M (422M free)
TotalPageFile size 23982M (AvailPageFile size 80M)
current process WorkingSet (physical memory assigned to process): 351M, peak: 351M
current process commit charge ("private bytes"): 369M, peak: 369M

vm_info: OpenJDK 64-Bit Server VM (21.0.7+6-LTS) for windows-amd64 JRE (21.0.7+6-LTS), built on 2025-04-15T00:00:00Z by "admin" with MS VC++ 17.7 (VS2022)

END.
