#
# There is insufficient memory for the Java Runtime Environment to continue.
# Native memory allocation (malloc) failed to allocate 1505936 bytes. Error detail: Chunk::new
# Possible reasons:
#   The system is out of physical RAM or swap space
#   This process is running with CompressedOops enabled, and the Java Heap may be blocking the growth of the native heap
# Possible solutions:
#   Reduce memory load on the system
#   Increase physical memory or swap space
#   Check if swap backing store is full
#   Decrease Java heap size (-Xmx/-Xms)
#   Decrease number of Java threads
#   Decrease Java thread stack sizes (-Xss)
#   Set larger code cache with -XX:ReservedCodeCacheSize=
#   JVM is running with Unscaled Compressed Oops mode in which the Java heap is
#     placed in the first 4GB address space. The Java Heap base address is the
#     maximum limit for the native heap growth. Please use -XX:HeapBaseMinAddress
#     to set the Java Heap base and to place the Java Heap above 4GB virtual address.
# This output file may be truncated or incomplete.
#
#  Out of Memory Error (arena.cpp:168), pid=17628, tid=21812
#
# JRE version: OpenJDK Runtime Environment Temurin-21.0.7+6 (21.0.7+6) (build 21.0.7+6-LTS)
# Java VM: OpenJDK 64-Bit Server VM Temurin-21.0.7+6 (21.0.7+6-LTS, mixed mode, sharing, tiered, compressed oops, compressed class ptrs, parallel gc, windows-amd64)
# No core dump will be written. Minidumps are not enabled by default on client versions of Windows
#

---------------  S U M M A R Y ------------

Command Line: --add-modules=ALL-SYSTEM --add-opens=java.base/java.util=ALL-UNNAMED --add-opens=java.base/java.lang=ALL-UNNAMED --add-opens=java.base/sun.nio.fs=ALL-UNNAMED -Declipse.application=org.eclipse.jdt.ls.core.id1 -Dosgi.bundles.defaultStartLevel=4 -Declipse.product=org.eclipse.jdt.ls.core.product -Djava.import.generatesMetadataFilesAtProjectRoot=false -DDetectVMInstallationsJob.disabled=true -Dfile.encoding=utf8 -XX:+UseParallelGC -XX:GCTimeRatio=4 -XX:AdaptiveSizePolicyWeight=90 -Dsun.zip.disableMemoryMapping=true -Xmx1G -Xms100m -Xlog:disable -javaagent:c:\Users\hp\.vscode\extensions\redhat.java-1.42.0-win32-x64\lombok\lombok-1.18.36.jar -XX:+HeapDumpOnOutOfMemoryError -XX:HeapDumpPath=c:\Users\hp\AppData\Roaming\Code\User\workspaceStorage\686d534e6fb2cae4641b8e729c16d550\redhat.java -Daether.dependencyCollector.impl=bf c:\Users\hp\.vscode\extensions\redhat.java-1.42.0-win32-x64\server\plugins\org.eclipse.equinox.launcher_1.7.0.v20250424-1814.jar -configuration c:\Users\hp\AppData\Roaming\Code\User\globalStorage\redhat.java\1.42.0\config_win -data c:\Users\hp\AppData\Roaming\Code\User\workspaceStorage\686d534e6fb2cae4641b8e729c16d550\redhat.java\jdt_ws --pipe=\\.\pipe\lsp-9df003db0059f036f8d2c2e5c3da813a-sock

Host: AMD Athlon 300U with Radeon Vega Mobile Gfx    , 4 cores, 5G,  Windows 11 , 64 bit Build 26100 (10.0.26100.3912)
Time: Mon May 19 16:16:42 2025 Arab Standard Time elapsed time: 7260.065326 seconds (0d 2h 1m 0s)

---------------  T H R E A D  ---------------

Current thread (0x000001c5fd7de4a0):  JavaThread "C2 CompilerThread0" daemon [_thread_in_native, id=21812, stack(0x0000002d28c00000,0x0000002d28d00000) (1024K)]


Current CompileTask:
C2:7260065 22504   !   4       java.io.ObjectOutputStream::writeObject0 (620 bytes)

Stack: [0x0000002d28c00000,0x0000002d28d00000]
Native frames: (J=compiled Java code, j=interpreted, Vv=VM code, C=native code)
V  [jvm.dll+0x6ce119]
V  [jvm.dll+0x8a84a1]
V  [jvm.dll+0x8aa9ce]
V  [jvm.dll+0x8ab0b3]
V  [jvm.dll+0x27f8a6]
V  [jvm.dll+0xc507d]
V  [jvm.dll+0xc55b3]
V  [jvm.dll+0x3b68f2]
V  [jvm.dll+0x382aa5]
V  [jvm.dll+0x381f0a]
V  [jvm.dll+0x247af0]
V  [jvm.dll+0x2470cf]
V  [jvm.dll+0x1c760e]
V  [jvm.dll+0x25695a]
V  [jvm.dll+0x254efa]
V  [jvm.dll+0x3f03f6]
V  [jvm.dll+0x851f6b]
V  [jvm.dll+0x6cc7dd]
C  [ucrtbase.dll+0x37b0]
C  [KERNEL32.DLL+0x2e8d7]
C  [ntdll.dll+0x9c5dc]


---------------  P R O C E S S  ---------------

Threads class SMR info:
_java_thread_list=0x000001c5c7ab2680, length=37, elements={
0x000001c5e717a900, 0x000001c5fd7cf470, 0x000001c5fd7d4800, 0x000001c5fd7d7760,
0x000001c5fd7da1c0, 0x000001c5fd7dac10, 0x000001c5fd7db660, 0x000001c5fd7de4a0,
0x000001c5fd81f090, 0x000001c5e950eae0, 0x000001c5fe70d1f0, 0x000001c5feda03f0,
0x000001c5fd864590, 0x000001c5fe92a180, 0x000001c5fe9119e0, 0x000001c5fe8a5d00,
0x000001c5c52864b0, 0x000001c5fe8e9a40, 0x000001c5fe8e8d20, 0x000001c5fe8ea0d0,
0x000001c5c5897db0, 0x000001c5c589a510, 0x000001c5c5897720, 0x000001c5c5898440,
0x000001c5c5899e80, 0x000001c5c5898ad0, 0x000001c5c5899160, 0x000001c5c58997f0,
0x000001c5cf353f80, 0x000001c5cf358120, 0x000001c5cf3559c0, 0x000001c5cf356d70,
0x000001c5cf3587b0, 0x000001c5fe92e9d0, 0x000001c5fe92b550, 0x000001c5fe92dcb0,
0x000001c5fe931e50
}

Java Threads: ( => current thread )
  0x000001c5e717a900 JavaThread "main"                              [_thread_blocked, id=11872, stack(0x0000002d28200000,0x0000002d28300000) (1024K)]
  0x000001c5fd7cf470 JavaThread "Reference Handler"          daemon [_thread_blocked, id=11128, stack(0x0000002d28600000,0x0000002d28700000) (1024K)]
  0x000001c5fd7d4800 JavaThread "Finalizer"                  daemon [_thread_blocked, id=21384, stack(0x0000002d28700000,0x0000002d28800000) (1024K)]
  0x000001c5fd7d7760 JavaThread "Signal Dispatcher"          daemon [_thread_blocked, id=19940, stack(0x0000002d28800000,0x0000002d28900000) (1024K)]
  0x000001c5fd7da1c0 JavaThread "Attach Listener"            daemon [_thread_blocked, id=3584, stack(0x0000002d28900000,0x0000002d28a00000) (1024K)]
  0x000001c5fd7dac10 JavaThread "Service Thread"             daemon [_thread_blocked, id=19768, stack(0x0000002d28a00000,0x0000002d28b00000) (1024K)]
  0x000001c5fd7db660 JavaThread "Monitor Deflation Thread"   daemon [_thread_blocked, id=15616, stack(0x0000002d28b00000,0x0000002d28c00000) (1024K)]
=>0x000001c5fd7de4a0 JavaThread "C2 CompilerThread0"         daemon [_thread_in_native, id=21812, stack(0x0000002d28c00000,0x0000002d28d00000) (1024K)]
  0x000001c5fd81f090 JavaThread "C1 CompilerThread0"         daemon [_thread_blocked, id=9544, stack(0x0000002d28d00000,0x0000002d28e00000) (1024K)]
  0x000001c5e950eae0 JavaThread "Common-Cleaner"             daemon [_thread_blocked, id=17448, stack(0x0000002d28e00000,0x0000002d28f00000) (1024K)]
  0x000001c5fe70d1f0 JavaThread "Notification Thread"        daemon [_thread_blocked, id=19816, stack(0x0000002d28f00000,0x0000002d29000000) (1024K)]
  0x000001c5feda03f0 JavaThread "Active Thread: Equinox Container: 2b669898-c2d0-44c3-a23c-24d123966a07"        [_thread_blocked, id=3388, stack(0x0000002d29300000,0x0000002d29400000) (1024K)]
  0x000001c5fd864590 JavaThread "Refresh Thread: Equinox Container: 2b669898-c2d0-44c3-a23c-24d123966a07" daemon [_thread_blocked, id=11572, stack(0x0000002d29400000,0x0000002d29500000) (1024K)]
  0x000001c5fe92a180 JavaThread "Framework Event Dispatcher: Equinox Container: 2b669898-c2d0-44c3-a23c-24d123966a07" daemon [_thread_blocked, id=8288, stack(0x0000002d29500000,0x0000002d29600000) (1024K)]
  0x000001c5fe9119e0 JavaThread "Start Level: Equinox Container: 2b669898-c2d0-44c3-a23c-24d123966a07" daemon [_thread_blocked, id=19572, stack(0x0000002d29600000,0x0000002d29700000) (1024K)]
  0x000001c5fe8a5d00 JavaThread "Bundle File Closer"         daemon [_thread_blocked, id=7104, stack(0x0000002d29800000,0x0000002d29900000) (1024K)]
  0x000001c5c52864b0 JavaThread "SCR Component Actor"        daemon [_thread_blocked, id=15724, stack(0x0000002d29700000,0x0000002d29800000) (1024K)]
  0x000001c5fe8e9a40 JavaThread "Worker-JM"                         [_thread_blocked, id=4576, stack(0x0000002d29a00000,0x0000002d29b00000) (1024K)]
  0x000001c5fe8e8d20 JavaThread "Java indexing"              daemon [_thread_blocked, id=21772, stack(0x0000002d2a000000,0x0000002d2a100000) (1024K)]
  0x000001c5fe8ea0d0 JavaThread "JNA Cleaner"                daemon [_thread_blocked, id=21388, stack(0x0000002d29900000,0x0000002d29a00000) (1024K)]
  0x000001c5c5897db0 JavaThread "Thread-2"                   daemon [_thread_in_native, id=22248, stack(0x0000002d2a500000,0x0000002d2a600000) (1024K)]
  0x000001c5c589a510 JavaThread "Thread-3"                   daemon [_thread_in_native, id=20596, stack(0x0000002d2a600000,0x0000002d2a700000) (1024K)]
  0x000001c5c5897720 JavaThread "Thread-4"                   daemon [_thread_in_native, id=13124, stack(0x0000002d2a700000,0x0000002d2a800000) (1024K)]
  0x000001c5c5898440 JavaThread "Thread-5"                   daemon [_thread_in_native, id=21644, stack(0x0000002d2a800000,0x0000002d2a900000) (1024K)]
  0x000001c5c5899e80 JavaThread "Thread-6"                   daemon [_thread_in_native, id=21252, stack(0x0000002d2a900000,0x0000002d2aa00000) (1024K)]
  0x000001c5c5898ad0 JavaThread "pool-2-thread-1"                   [_thread_blocked, id=16500, stack(0x0000002d2aa00000,0x0000002d2ab00000) (1024K)]
  0x000001c5c5899160 JavaThread "WorkspaceEventsHandler"            [_thread_blocked, id=18952, stack(0x0000002d2ac00000,0x0000002d2ad00000) (1024K)]
  0x000001c5c58997f0 JavaThread "pool-1-thread-1"                   [_thread_blocked, id=7788, stack(0x0000002d2ad00000,0x0000002d2ae00000) (1024K)]
  0x000001c5cf353f80 JavaThread "Cleaner-0"                  daemon [_thread_blocked, id=15536, stack(0x0000002d2bb00000,0x0000002d2bc00000) (1024K)]
  0x000001c5cf358120 JavaThread "Worker-8: Building"                [_thread_blocked, id=19804, stack(0x0000002d28000000,0x0000002d28100000) (1024K)]
  0x000001c5cf3559c0 JavaThread "ForkJoinPool.commonPool-worker-7" daemon [_thread_blocked, id=9508, stack(0x0000002d28100000,0x0000002d28200000) (1024K)]
  0x000001c5cf356d70 JavaThread "ForkJoinPool.commonPool-worker-8" daemon [_thread_blocked, id=11520, stack(0x0000002d29b00000,0x0000002d29c00000) (1024K)]
  0x000001c5cf3587b0 JavaThread "ForkJoinPool.commonPool-worker-9" daemon [_thread_blocked, id=2756, stack(0x0000002d29c00000,0x0000002d29d00000) (1024K)]
  0x000001c5fe92e9d0 JavaThread "Compiler Source File Reader" daemon [_thread_blocked, id=22356, stack(0x0000002d2a200000,0x0000002d2a300000) (1024K)]
  0x000001c5fe92b550 JavaThread "Compiler Source File Reader" daemon [_thread_blocked, id=13168, stack(0x0000002d2ab00000,0x0000002d2ac00000) (1024K)]
  0x000001c5fe92dcb0 JavaThread "Worker-14"                         [_thread_blocked, id=14280, stack(0x0000002d29e00000,0x0000002d29f00000) (1024K)]
  0x000001c5fe931e50 JavaThread "Worker-15"                         [_thread_blocked, id=23324, stack(0x0000002d29d00000,0x0000002d29e00000) (1024K)]
Total: 37

Other Threads:
  0x000001c5e953eaf0 VMThread "VM Thread"                           [id=13176, stack(0x0000002d28500000,0x0000002d28600000) (1024K)]
  0x000001c5fd75ca00 WatcherThread "VM Periodic Task Thread"        [id=22444, stack(0x0000002d28400000,0x0000002d28500000) (1024K)]
  0x000001c5e94bff10 WorkerThread "GC Thread#0"                     [id=14416, stack(0x0000002d28300000,0x0000002d28400000) (1024K)]
  0x000001c5fec88ff0 WorkerThread "GC Thread#1"                     [id=21716, stack(0x0000002d29000000,0x0000002d29100000) (1024K)]
  0x000001c5fed0e2d0 WorkerThread "GC Thread#2"                     [id=16660, stack(0x0000002d29100000,0x0000002d29200000) (1024K)]
  0x000001c5fed0e670 WorkerThread "GC Thread#3"                     [id=14924, stack(0x0000002d29200000,0x0000002d29300000) (1024K)]
Total: 6

Threads with active compile tasks:
C2 CompilerThread0  7260149 22504   !   4       java.io.ObjectOutputStream::writeObject0 (620 bytes)
Total: 1

VM state: not at safepoint (normal execution)

VM Mutex/Monitor currently owned by a thread: None

Heap address: 0x00000000c0000000, size: 1024 MB, Compressed Oops mode: 32-bit

CDS archive(s) mapped at: [0x000001c580000000-0x000001c580ba0000-0x000001c580ba0000), size 12189696, SharedBaseAddress: 0x000001c580000000, ArchiveRelocationMode: 1.
Compressed class space mapped at: 0x000001c581000000-0x000001c5c1000000, reserved size: 1073741824
Narrow klass base: 0x000001c580000000, Narrow klass shift: 0, Narrow klass range: 0x100000000

GC Precious Log:
 CardTable entry size: 512
 CPUs: 4 total, 4 available
 Memory: 6058M
 Large Page Support: Disabled
 NUMA Support: Disabled
 Compressed Oops: Enabled (32-bit)
 Alignments: Space 512K, Generation 512K, Heap 2M
 Heap Min Capacity: 100M
 Heap Initial Capacity: 100M
 Heap Max Capacity: 1G
 Pre-touch: Disabled
 Parallel Workers: 4

Heap:
 PSYoungGen      total 3584K, used 1970K [0x00000000eab00000, 0x00000000eb080000, 0x0000000100000000)
  eden space 2560K, 70% used [0x00000000eab00000,0x00000000eacc4a30,0x00000000ead80000)
  from space 1024K, 15% used [0x00000000eae80000,0x00000000eaea8000,0x00000000eaf80000)
  to   space 512K, 0% used [0x00000000eb000000,0x00000000eb000000,0x00000000eb080000)
 ParOldGen       total 189952K, used 189925K [0x00000000c0000000, 0x00000000cb980000, 0x00000000eab00000)
  object space 189952K, 99% used [0x00000000c0000000,0x00000000cb979668,0x00000000cb980000)
 Metaspace       used 85776K, committed 87488K, reserved 1179648K
  class space    used 8394K, committed 9280K, reserved 1048576K

Card table byte_map: [0x000001c5e8e30000,0x000001c5e9040000] _byte_map_base: 0x000001c5e8830000

Marking Bits: (ParMarkBitMap*) 0x00007ff82c0c31f0
 Begin Bits: [0x000001c5fb680000, 0x000001c5fc680000)
 End Bits:   [0x000001c5fc680000, 0x000001c5fd680000)

Polling page: 0x000001c5e8b00000

Metaspace:

Usage:
  Non-class:     75.57 MB used.
      Class:      8.20 MB used.
       Both:     83.77 MB used.

Virtual space:
  Non-class space:      128.00 MB reserved,      76.38 MB ( 60%) committed,  2 nodes.
      Class space:        1.00 GB reserved,       9.06 MB ( <1%) committed,  1 nodes.
             Both:        1.12 GB reserved,      85.44 MB (  7%) committed. 

Chunk freelists:
   Non-Class:  3.44 MB
       Class:  7.01 MB
        Both:  10.46 MB

MaxMetaspaceSize: unlimited
CompressedClassSpaceSize: 1.00 GB
Initial GC threshold: 21.00 MB
Current GC threshold: 141.88 MB
CDS: on
 - commit_granule_bytes: 65536.
 - commit_granule_words: 8192.
 - virtual_space_node_default_size: 8388608.
 - enlarge_chunks_in_place: 1.
 - use_allocation_guard: 0.


Internal statistics:

num_allocs_failed_limit: 9.
num_arena_births: 1770.
num_arena_deaths: 404.
num_vsnodes_births: 3.
num_vsnodes_deaths: 0.
num_space_committed: 1367.
num_space_uncommitted: 0.
num_chunks_returned_to_freelist: 489.
num_chunks_taken_from_freelist: 5994.
num_chunk_merges: 144.
num_chunk_splits: 3472.
num_chunks_enlarged: 1890.
num_inconsistent_stats: 0.

CodeHeap 'non-profiled nmethods': size=120000Kb used=19113Kb max_used=21545Kb free=100886Kb
 bounds [0x000001c5f4150000, 0x000001c5f5660000, 0x000001c5fb680000]
CodeHeap 'profiled nmethods': size=120000Kb used=44212Kb max_used=49679Kb free=75787Kb
 bounds [0x000001c5ec680000, 0x000001c5ef710000, 0x000001c5f3bb0000]
CodeHeap 'non-nmethods': size=5760Kb used=1521Kb max_used=1606Kb free=4238Kb
 bounds [0x000001c5f3bb0000, 0x000001c5f3e20000, 0x000001c5f4150000]
 total_blobs=19317 nmethods=18474 adapters=745
 compilation: enabled
              stopped_count=0, restarted_count=0
 full_count=0

Compilation events (20 events):
Event: 7258.754 Thread 0x000001c5fd81f090 22509       3       java.io.ObjectOutputStream::writeByte (9 bytes)
Event: 7258.754 Thread 0x000001c5fd81f090 nmethod 22509 0x000001c5ed320510 code [0x000001c5ed3206c0, 0x000001c5ed320800]
Event: 7258.754 Thread 0x000001c5fd81f090 22510       3       java.io.ObjectOutputStream::writeUTF (9 bytes)
Event: 7258.755 Thread 0x000001c5fd81f090 nmethod 22510 0x000001c5ed581890 code [0x000001c5ed581a60, 0x000001c5ed581c60]
Event: 7258.755 Thread 0x000001c5fd81f090 22511       3       java.io.ObjectOutputStream$BlockDataOutputStream::writeUTF (11 bytes)
Event: 7258.755 Thread 0x000001c5fd81f090 nmethod 22511 0x000001c5ed6b4d90 code [0x000001c5ed6b4f40, 0x000001c5ed6b50d8]
Event: 7258.881 Thread 0x000001c5fd81f090 22512       3       java.io.ObjectStreamField::getTypeString (16 bytes)
Event: 7258.882 Thread 0x000001c5fd81f090 nmethod 22512 0x000001c5ecdb2310 code [0x000001c5ecdb2540, 0x000001c5ecdb2cf8]
Event: 7258.882 Thread 0x000001c5fd81f090 22513       3       java.io.ObjectOutputStream::writeTypeString (40 bytes)
Event: 7258.882 Thread 0x000001c5fd81f090 nmethod 22513 0x000001c5ec9dd090 code [0x000001c5ec9dd2a0, 0x000001c5ec9dd6a0]
Event: 7258.929 Thread 0x000001c5fd81f090 22515       3       java.io.ObjectStreamClass$5::compare (13 bytes)
Event: 7258.930 Thread 0x000001c5fd81f090 nmethod 22515 0x000001c5edd2f790 code [0x000001c5edd2f960, 0x000001c5edd2fd80]
Event: 7258.930 Thread 0x000001c5fd81f090 22516       3       java.io.ObjectStreamClass$5::compare (30 bytes)
Event: 7258.931 Thread 0x000001c5fd81f090 nmethod 22516 0x000001c5ed71fc90 code [0x000001c5ed71fe60, 0x000001c5ed720030]
Event: 7258.995 Thread 0x000001c5fd81f090 22517       3       org.eclipse.core.internal.resources.MarkerInfo::getAttribute (9 bytes)
Event: 7258.998 Thread 0x000001c5fd81f090 nmethod 22517 0x000001c5edfcc110 code [0x000001c5edfcc2e0, 0x000001c5edfcc6b8]
Event: 7258.998 Thread 0x000001c5fd81f090 22518       3       org.eclipse.core.internal.resources.MarkerAttributeMap::get (11 bytes)
Event: 7258.998 Thread 0x000001c5fd81f090 nmethod 22518 0x000001c5edc91390 code [0x000001c5edc91560, 0x000001c5edc918c0]
Event: 7259.046 Thread 0x000001c5fd81f090 22519       3       org.eclipse.core.internal.resources.MarkerManager::getChangeId (8 bytes)
Event: 7259.047 Thread 0x000001c5fd81f090 nmethod 22519 0x000001c5ee26ac10 code [0x000001c5ee26ada0, 0x000001c5ee26aed8]

GC Heap History (20 events):
Event: 7237.934 GC heap before
{Heap before GC invocations=2025 (full 5):
 PSYoungGen      total 3072K, used 2816K [0x00000000eab00000, 0x00000000eb100000, 0x0000000100000000)
  eden space 2560K, 100% used [0x00000000eab00000,0x00000000ead80000,0x00000000ead80000)
  from space 512K, 50% used [0x00000000eb000000,0x00000000eb040000,0x00000000eb080000)
  to   space 512K, 0% used [0x00000000eb080000,0x00000000eb080000,0x00000000eb100000)
 ParOldGen       total 187392K, used 186964K [0x00000000c0000000, 0x00000000cb700000, 0x00000000eab00000)
  object space 187392K, 99% used [0x00000000c0000000,0x00000000cb695098,0x00000000cb700000)
 Metaspace       used 85655K, committed 87488K, reserved 1179648K
  class space    used 8378K, committed 9280K, reserved 1048576K
}
Event: 7237.938 GC heap after
{Heap after GC invocations=2025 (full 5):
 PSYoungGen      total 3072K, used 512K [0x00000000eab00000, 0x00000000eb100000, 0x0000000100000000)
  eden space 2560K, 0% used [0x00000000eab00000,0x00000000eab00000,0x00000000ead80000)
  from space 512K, 100% used [0x00000000eb080000,0x00000000eb100000,0x00000000eb100000)
  to   space 1024K, 0% used [0x00000000eaf00000,0x00000000eaf00000,0x00000000eb000000)
 ParOldGen       total 187392K, used 187132K [0x00000000c0000000, 0x00000000cb700000, 0x00000000eab00000)
  object space 187392K, 99% used [0x00000000c0000000,0x00000000cb6bf098,0x00000000cb700000)
 Metaspace       used 85655K, committed 87488K, reserved 1179648K
  class space    used 8378K, committed 9280K, reserved 1048576K
}
Event: 7238.079 GC heap before
{Heap before GC invocations=2026 (full 5):
 PSYoungGen      total 3072K, used 3072K [0x00000000eab00000, 0x00000000eb100000, 0x0000000100000000)
  eden space 2560K, 100% used [0x00000000eab00000,0x00000000ead80000,0x00000000ead80000)
  from space 512K, 100% used [0x00000000eb080000,0x00000000eb100000,0x00000000eb100000)
  to   space 1024K, 0% used [0x00000000eaf00000,0x00000000eaf00000,0x00000000eb000000)
 ParOldGen       total 187392K, used 187132K [0x00000000c0000000, 0x00000000cb700000, 0x00000000eab00000)
  object space 187392K, 99% used [0x00000000c0000000,0x00000000cb6bf098,0x00000000cb700000)
 Metaspace       used 85657K, committed 87488K, reserved 1179648K
  class space    used 8378K, committed 9280K, reserved 1048576K
}
Event: 7238.082 GC heap after
{Heap after GC invocations=2026 (full 5):
 PSYoungGen      total 3584K, used 544K [0x00000000eab00000, 0x00000000eb100000, 0x0000000100000000)
  eden space 2560K, 0% used [0x00000000eab00000,0x00000000eab00000,0x00000000ead80000)
  from space 1024K, 53% used [0x00000000eaf00000,0x00000000eaf88000,0x00000000eb000000)
  to   space 1024K, 0% used [0x00000000eb000000,0x00000000eb000000,0x00000000eb100000)
 ParOldGen       total 187904K, used 187560K [0x00000000c0000000, 0x00000000cb780000, 0x00000000eab00000)
  object space 187904K, 99% used [0x00000000c0000000,0x00000000cb72a0c8,0x00000000cb780000)
 Metaspace       used 85657K, committed 87488K, reserved 1179648K
  class space    used 8378K, committed 9280K, reserved 1048576K
}
Event: 7249.232 GC heap before
{Heap before GC invocations=2027 (full 5):
 PSYoungGen      total 3584K, used 3104K [0x00000000eab00000, 0x00000000eb100000, 0x0000000100000000)
  eden space 2560K, 100% used [0x00000000eab00000,0x00000000ead80000,0x00000000ead80000)
  from space 1024K, 53% used [0x00000000eaf00000,0x00000000eaf88000,0x00000000eb000000)
  to   space 1024K, 0% used [0x00000000eb000000,0x00000000eb000000,0x00000000eb100000)
 ParOldGen       total 187904K, used 187560K [0x00000000c0000000, 0x00000000cb780000, 0x00000000eab00000)
  object space 187904K, 99% used [0x00000000c0000000,0x00000000cb72a0c8,0x00000000cb780000)
 Metaspace       used 85657K, committed 87488K, reserved 1179648K
  class space    used 8378K, committed 9280K, reserved 1048576K
}
Event: 7249.237 GC heap after
{Heap after GC invocations=2027 (full 5):
 PSYoungGen      total 3072K, used 208K [0x00000000eab00000, 0x00000000eb080000, 0x0000000100000000)
  eden space 2560K, 0% used [0x00000000eab00000,0x00000000eab00000,0x00000000ead80000)
  from space 512K, 40% used [0x00000000eb000000,0x00000000eb034010,0x00000000eb080000)
  to   space 512K, 0% used [0x00000000eaf80000,0x00000000eaf80000,0x00000000eb000000)
 ParOldGen       total 188416K, used 187918K [0x00000000c0000000, 0x00000000cb800000, 0x00000000eab00000)
  object space 188416K, 99% used [0x00000000c0000000,0x00000000cb783ae8,0x00000000cb800000)
 Metaspace       used 85657K, committed 87488K, reserved 1179648K
  class space    used 8378K, committed 9280K, reserved 1048576K
}
Event: 7249.255 GC heap before
{Heap before GC invocations=2028 (full 5):
 PSYoungGen      total 3072K, used 2768K [0x00000000eab00000, 0x00000000eb080000, 0x0000000100000000)
  eden space 2560K, 100% used [0x00000000eab00000,0x00000000ead80000,0x00000000ead80000)
  from space 512K, 40% used [0x00000000eb000000,0x00000000eb034010,0x00000000eb080000)
  to   space 512K, 0% used [0x00000000eaf80000,0x00000000eaf80000,0x00000000eb000000)
 ParOldGen       total 188416K, used 187918K [0x00000000c0000000, 0x00000000cb800000, 0x00000000eab00000)
  object space 188416K, 99% used [0x00000000c0000000,0x00000000cb783ae8,0x00000000cb800000)
 Metaspace       used 85657K, committed 87488K, reserved 1179648K
  class space    used 8378K, committed 9280K, reserved 1048576K
}
Event: 7249.257 GC heap after
{Heap after GC invocations=2028 (full 5):
 PSYoungGen      total 3072K, used 458K [0x00000000eab00000, 0x00000000eb080000, 0x0000000100000000)
  eden space 2560K, 0% used [0x00000000eab00000,0x00000000eab00000,0x00000000ead80000)
  from space 512K, 89% used [0x00000000eaf80000,0x00000000eaff2910,0x00000000eb000000)
  to   space 512K, 0% used [0x00000000eb000000,0x00000000eb000000,0x00000000eb080000)
 ParOldGen       total 188416K, used 187978K [0x00000000c0000000, 0x00000000cb800000, 0x00000000eab00000)
  object space 188416K, 99% used [0x00000000c0000000,0x00000000cb792998,0x00000000cb800000)
 Metaspace       used 85657K, committed 87488K, reserved 1179648K
  class space    used 8378K, committed 9280K, reserved 1048576K
}
Event: 7249.348 GC heap before
{Heap before GC invocations=2029 (full 5):
 PSYoungGen      total 3072K, used 3018K [0x00000000eab00000, 0x00000000eb080000, 0x0000000100000000)
  eden space 2560K, 100% used [0x00000000eab00000,0x00000000ead80000,0x00000000ead80000)
  from space 512K, 89% used [0x00000000eaf80000,0x00000000eaff2910,0x00000000eb000000)
  to   space 512K, 0% used [0x00000000eb000000,0x00000000eb000000,0x00000000eb080000)
 ParOldGen       total 188416K, used 187978K [0x00000000c0000000, 0x00000000cb800000, 0x00000000eab00000)
  object space 188416K, 99% used [0x00000000c0000000,0x00000000cb792998,0x00000000cb800000)
 Metaspace       used 85657K, committed 87488K, reserved 1179648K
  class space    used 8378K, committed 9280K, reserved 1048576K
}
Event: 7249.353 GC heap after
{Heap after GC invocations=2029 (full 5):
 PSYoungGen      total 3072K, used 384K [0x00000000eab00000, 0x00000000eb080000, 0x0000000100000000)
  eden space 2560K, 0% used [0x00000000eab00000,0x00000000eab00000,0x00000000ead80000)
  from space 512K, 75% used [0x00000000eb000000,0x00000000eb060000,0x00000000eb080000)
  to   space 512K, 0% used [0x00000000eaf80000,0x00000000eaf80000,0x00000000eb000000)
 ParOldGen       total 188416K, used 188382K [0x00000000c0000000, 0x00000000cb800000, 0x00000000eab00000)
  object space 188416K, 99% used [0x00000000c0000000,0x00000000cb7f7ba8,0x00000000cb800000)
 Metaspace       used 85657K, committed 87488K, reserved 1179648K
  class space    used 8378K, committed 9280K, reserved 1048576K
}
Event: 7249.396 GC heap before
{Heap before GC invocations=2030 (full 5):
 PSYoungGen      total 3072K, used 2944K [0x00000000eab00000, 0x00000000eb080000, 0x0000000100000000)
  eden space 2560K, 100% used [0x00000000eab00000,0x00000000ead80000,0x00000000ead80000)
  from space 512K, 75% used [0x00000000eb000000,0x00000000eb060000,0x00000000eb080000)
  to   space 512K, 0% used [0x00000000eaf80000,0x00000000eaf80000,0x00000000eb000000)
 ParOldGen       total 188416K, used 188382K [0x00000000c0000000, 0x00000000cb800000, 0x00000000eab00000)
  object space 188416K, 99% used [0x00000000c0000000,0x00000000cb7f7ba8,0x00000000cb800000)
 Metaspace       used 85657K, committed 87488K, reserved 1179648K
  class space    used 8378K, committed 9280K, reserved 1048576K
}
Event: 7249.399 GC heap after
{Heap after GC invocations=2030 (full 5):
 PSYoungGen      total 3072K, used 320K [0x00000000eab00000, 0x00000000eb080000, 0x0000000100000000)
  eden space 2560K, 0% used [0x00000000eab00000,0x00000000eab00000,0x00000000ead80000)
  from space 512K, 62% used [0x00000000eaf80000,0x00000000eafd0000,0x00000000eb000000)
  to   space 512K, 0% used [0x00000000eb000000,0x00000000eb000000,0x00000000eb080000)
 ParOldGen       total 188928K, used 188686K [0x00000000c0000000, 0x00000000cb880000, 0x00000000eab00000)
  object space 188928K, 99% used [0x00000000c0000000,0x00000000cb843be8,0x00000000cb880000)
 Metaspace       used 85657K, committed 87488K, reserved 1179648K
  class space    used 8378K, committed 9280K, reserved 1048576K
}
Event: 7249.421 GC heap before
{Heap before GC invocations=2031 (full 5):
 PSYoungGen      total 3072K, used 2880K [0x00000000eab00000, 0x00000000eb080000, 0x0000000100000000)
  eden space 2560K, 100% used [0x00000000eab00000,0x00000000ead80000,0x00000000ead80000)
  from space 512K, 62% used [0x00000000eaf80000,0x00000000eafd0000,0x00000000eb000000)
  to   space 512K, 0% used [0x00000000eb000000,0x00000000eb000000,0x00000000eb080000)
 ParOldGen       total 188928K, used 188686K [0x00000000c0000000, 0x00000000cb880000, 0x00000000eab00000)
  object space 188928K, 99% used [0x00000000c0000000,0x00000000cb843be8,0x00000000cb880000)
 Metaspace       used 85658K, committed 87488K, reserved 1179648K
  class space    used 8378K, committed 9280K, reserved 1048576K
}
Event: 7249.427 GC heap after
{Heap after GC invocations=2031 (full 5):
 PSYoungGen      total 3072K, used 288K [0x00000000eab00000, 0x00000000eb080000, 0x0000000100000000)
  eden space 2560K, 0% used [0x00000000eab00000,0x00000000eab00000,0x00000000ead80000)
  from space 512K, 56% used [0x00000000eb000000,0x00000000eb048000,0x00000000eb080000)
  to   space 512K, 0% used [0x00000000eaf80000,0x00000000eaf80000,0x00000000eb000000)
 ParOldGen       total 188928K, used 188911K [0x00000000c0000000, 0x00000000cb880000, 0x00000000eab00000)
  object space 188928K, 99% used [0x00000000c0000000,0x00000000cb87bc28,0x00000000cb880000)
 Metaspace       used 85658K, committed 87488K, reserved 1179648K
  class space    used 8378K, committed 9280K, reserved 1048576K
}
Event: 7249.443 GC heap before
{Heap before GC invocations=2032 (full 5):
 PSYoungGen      total 3072K, used 2848K [0x00000000eab00000, 0x00000000eb080000, 0x0000000100000000)
  eden space 2560K, 100% used [0x00000000eab00000,0x00000000ead80000,0x00000000ead80000)
  from space 512K, 56% used [0x00000000eb000000,0x00000000eb048000,0x00000000eb080000)
  to   space 512K, 0% used [0x00000000eaf80000,0x00000000eaf80000,0x00000000eb000000)
 ParOldGen       total 188928K, used 188911K [0x00000000c0000000, 0x00000000cb880000, 0x00000000eab00000)
  object space 188928K, 99% used [0x00000000c0000000,0x00000000cb87bc28,0x00000000cb880000)
 Metaspace       used 85660K, committed 87488K, reserved 1179648K
  class space    used 8378K, committed 9280K, reserved 1048576K
}
Event: 7249.447 GC heap after
{Heap after GC invocations=2032 (full 5):
 PSYoungGen      total 3072K, used 288K [0x00000000eab00000, 0x00000000eb080000, 0x0000000100000000)
  eden space 2560K, 0% used [0x00000000eab00000,0x00000000eab00000,0x00000000ead80000)
  from space 512K, 56% used [0x00000000eaf80000,0x00000000eafc8000,0x00000000eb000000)
  to   space 512K, 0% used [0x00000000eb000000,0x00000000eb000000,0x00000000eb080000)
 ParOldGen       total 189440K, used 189107K [0x00000000c0000000, 0x00000000cb900000, 0x00000000eab00000)
  object space 189440K, 99% used [0x00000000c0000000,0x00000000cb8acc38,0x00000000cb900000)
 Metaspace       used 85660K, committed 87488K, reserved 1179648K
  class space    used 8378K, committed 9280K, reserved 1048576K
}
Event: 7249.498 GC heap before
{Heap before GC invocations=2033 (full 5):
 PSYoungGen      total 3072K, used 2848K [0x00000000eab00000, 0x00000000eb080000, 0x0000000100000000)
  eden space 2560K, 100% used [0x00000000eab00000,0x00000000ead80000,0x00000000ead80000)
  from space 512K, 56% used [0x00000000eaf80000,0x00000000eafc8000,0x00000000eb000000)
  to   space 512K, 0% used [0x00000000eb000000,0x00000000eb000000,0x00000000eb080000)
 ParOldGen       total 189440K, used 189107K [0x00000000c0000000, 0x00000000cb900000, 0x00000000eab00000)
  object space 189440K, 99% used [0x00000000c0000000,0x00000000cb8acc38,0x00000000cb900000)
 Metaspace       used 85665K, committed 87488K, reserved 1179648K
  class space    used 8378K, committed 9280K, reserved 1048576K
}
Event: 7249.503 GC heap after
{Heap after GC invocations=2033 (full 5):
 PSYoungGen      total 3072K, used 512K [0x00000000eab00000, 0x00000000eb080000, 0x0000000100000000)
  eden space 2560K, 0% used [0x00000000eab00000,0x00000000eab00000,0x00000000ead80000)
  from space 512K, 100% used [0x00000000eb000000,0x00000000eb080000,0x00000000eb080000)
  to   space 1024K, 0% used [0x00000000eae80000,0x00000000eae80000,0x00000000eaf80000)
 ParOldGen       total 189440K, used 189403K [0x00000000c0000000, 0x00000000cb900000, 0x00000000eab00000)
  object space 189440K, 99% used [0x00000000c0000000,0x00000000cb8f6c68,0x00000000cb900000)
 Metaspace       used 85665K, committed 87488K, reserved 1179648K
  class space    used 8378K, committed 9280K, reserved 1048576K
}
Event: 7258.257 GC heap before
{Heap before GC invocations=2034 (full 5):
 PSYoungGen      total 3072K, used 3071K [0x00000000eab00000, 0x00000000eb080000, 0x0000000100000000)
  eden space 2560K, 99% used [0x00000000eab00000,0x00000000ead7fff8,0x00000000ead80000)
  from space 512K, 100% used [0x00000000eb000000,0x00000000eb080000,0x00000000eb080000)
  to   space 1024K, 0% used [0x00000000eae80000,0x00000000eae80000,0x00000000eaf80000)
 ParOldGen       total 189440K, used 189403K [0x00000000c0000000, 0x00000000cb900000, 0x00000000eab00000)
  object space 189440K, 99% used [0x00000000c0000000,0x00000000cb8f6c68,0x00000000cb900000)
 Metaspace       used 85686K, committed 87488K, reserved 1179648K
  class space    used 8381K, committed 9280K, reserved 1048576K
}
Event: 7258.272 GC heap after
{Heap after GC invocations=2034 (full 5):
 PSYoungGen      total 3584K, used 160K [0x00000000eab00000, 0x00000000eb080000, 0x0000000100000000)
  eden space 2560K, 0% used [0x00000000eab00000,0x00000000eab00000,0x00000000ead80000)
  from space 1024K, 15% used [0x00000000eae80000,0x00000000eaea8000,0x00000000eaf80000)
  to   space 512K, 0% used [0x00000000eb000000,0x00000000eb000000,0x00000000eb080000)
 ParOldGen       total 189952K, used 189925K [0x00000000c0000000, 0x00000000cb980000, 0x00000000eab00000)
  object space 189952K, 99% used [0x00000000c0000000,0x00000000cb979668,0x00000000cb980000)
 Metaspace       used 85686K, committed 87488K, reserved 1179648K
  class space    used 8381K, committed 9280K, reserved 1048576K
}

Dll operation events (14 events):
Event: 0.041 Loaded shared library c:\Users\hp\.vscode\extensions\redhat.java-1.42.0-win32-x64\jre\21.0.7-win32-x86_64\bin\java.dll
Event: 0.626 Loaded shared library c:\Users\hp\.vscode\extensions\redhat.java-1.42.0-win32-x64\jre\21.0.7-win32-x86_64\bin\zip.dll
Event: 0.669 Loaded shared library C:\Users\hp\.vscode\extensions\redhat.java-1.42.0-win32-x64\jre\21.0.7-win32-x86_64\bin\instrument.dll
Event: 0.678 Loaded shared library C:\Users\hp\.vscode\extensions\redhat.java-1.42.0-win32-x64\jre\21.0.7-win32-x86_64\bin\net.dll
Event: 0.683 Loaded shared library C:\Users\hp\.vscode\extensions\redhat.java-1.42.0-win32-x64\jre\21.0.7-win32-x86_64\bin\nio.dll
Event: 0.698 Loaded shared library C:\Users\hp\.vscode\extensions\redhat.java-1.42.0-win32-x64\jre\21.0.7-win32-x86_64\bin\zip.dll
Event: 0.737 Loaded shared library C:\Users\hp\.vscode\extensions\redhat.java-1.42.0-win32-x64\jre\21.0.7-win32-x86_64\bin\jimage.dll
Event: 0.944 Loaded shared library c:\Users\hp\.vscode\extensions\redhat.java-1.42.0-win32-x64\jre\21.0.7-win32-x86_64\bin\verify.dll
Event: 6.791 Loaded shared library C:\Users\hp\AppData\Roaming\Code\User\globalStorage\redhat.java\1.42.0\config_win\org.eclipse.equinox.launcher\org.eclipse.equinox.launcher.win32.win32.x86_64_1.2.1300.v20250331-1702\eclipse_11911.dll
Event: 13.932 Loaded shared library C:\Users\hp\.vscode\extensions\redhat.java-1.42.0-win32-x64\jre\21.0.7-win32-x86_64\bin\management.dll
Event: 13.946 Loaded shared library C:\Users\hp\.vscode\extensions\redhat.java-1.42.0-win32-x64\jre\21.0.7-win32-x86_64\bin\management_ext.dll
Event: 21.604 Loaded shared library C:\Users\hp\AppData\Local\Temp\jna-3336\jna3716862493982283936.dll
Event: 21.969 Loaded shared library C:\Users\hp\.vscode\extensions\redhat.java-1.42.0-win32-x64\jre\21.0.7-win32-x86_64\bin\sunmscapi.dll
Event: 23.486 Loaded shared library C:\Users\hp\.vscode\extensions\redhat.java-1.42.0-win32-x64\jre\21.0.7-win32-x86_64\bin\extnet.dll

Deoptimization events (20 events):
Event: 7257.352 Thread 0x000001c5fe92dcb0 Uncommon trap: trap_request=0xffffff45 fr.pc=0x000001c5f508a01c relative=0x000000000000023c
Event: 7257.352 Thread 0x000001c5fe92dcb0 Uncommon trap: reason=unstable_if action=reinterpret pc=0x000001c5f508a01c method=java.io.ClassCache.processQueue()V @ 9 c2
Event: 7257.353 Thread 0x000001c5fe92dcb0 DEOPT PACKING pc=0x000001c5f508a01c sp=0x0000002d29efe960
Event: 7257.354 Thread 0x000001c5fe92dcb0 DEOPT UNPACKING pc=0x000001c5f3c03aa2 sp=0x0000002d29efe898 mode 2
Event: 7257.375 Thread 0x000001c5fe92dcb0 Uncommon trap: trap_request=0xfffffff4 fr.pc=0x000001c5f44a724c relative=0x000000000000010c
Event: 7257.375 Thread 0x000001c5fe92dcb0 Uncommon trap: reason=null_check action=make_not_entrant pc=0x000001c5f44a724c method=java.lang.Class.reflectionData()Ljava/lang/Class$ReflectionData; @ 18 c2
Event: 7257.375 Thread 0x000001c5fe92dcb0 DEOPT PACKING pc=0x000001c5f44a724c sp=0x0000002d29efe010
Event: 7257.375 Thread 0x000001c5fe92dcb0 DEOPT UNPACKING pc=0x000001c5f3c03aa2 sp=0x0000002d29efdfa8 mode 2
Event: 7257.760 Thread 0x000001c5fe92dcb0 Uncommon trap: trap_request=0xfffffff4 fr.pc=0x000001c5f523ff78 relative=0x0000000000000298
Event: 7257.760 Thread 0x000001c5fe92dcb0 Uncommon trap: reason=null_check action=make_not_entrant pc=0x000001c5f523ff78 method=java.lang.Class.reflectionData()Ljava/lang/Class$ReflectionData; @ 18 c2
Event: 7257.760 Thread 0x000001c5fe92dcb0 DEOPT PACKING pc=0x000001c5f523ff78 sp=0x0000002d29efdee0
Event: 7257.760 Thread 0x000001c5fe92dcb0 DEOPT UNPACKING pc=0x000001c5f3c03aa2 sp=0x0000002d29efddf0 mode 2
Event: 7258.256 Thread 0x000001c5fe92dcb0 Uncommon trap: trap_request=0xfffffff4 fr.pc=0x000001c5f466b834 relative=0x00000000000002d4
Event: 7258.256 Thread 0x000001c5fe92dcb0 Uncommon trap: reason=null_check action=make_not_entrant pc=0x000001c5f466b834 method=java.lang.Class.reflectionData()Ljava/lang/Class$ReflectionData; @ 18 c2
Event: 7258.256 Thread 0x000001c5fe92dcb0 DEOPT PACKING pc=0x000001c5f466b834 sp=0x0000002d29efd5d0
Event: 7258.257 Thread 0x000001c5fe92dcb0 DEOPT UNPACKING pc=0x000001c5f3c03aa2 sp=0x0000002d29efd4e8 mode 2
Event: 7258.935 Thread 0x000001c5fe92dcb0 Uncommon trap: trap_request=0xfffffff4 fr.pc=0x000001c5f47d6118 relative=0x0000000000000678
Event: 7258.935 Thread 0x000001c5fe92dcb0 Uncommon trap: reason=null_check action=make_not_entrant pc=0x000001c5f47d6118 method=java.lang.Class.reflectionData()Ljava/lang/Class$ReflectionData; @ 18 c2
Event: 7258.935 Thread 0x000001c5fe92dcb0 DEOPT PACKING pc=0x000001c5f47d6118 sp=0x0000002d29efd600
Event: 7258.936 Thread 0x000001c5fe92dcb0 DEOPT UNPACKING pc=0x000001c5f3c03aa2 sp=0x0000002d29efd4d8 mode 2

Classes loaded (20 events):
Event: 6937.839 Loading class sun/security/ssl/SSLEngineOutputRecord$RecordMemo done
Event: 6937.839 Loading class sun/security/ssl/SSLEngineOutputRecord$HandshakeMemo done
Event: 6937.897 Loading class sun/security/ssl/PreSharedKeyExtension$SHPreSharedKeySpec
Event: 6937.898 Loading class sun/security/ssl/PreSharedKeyExtension$SHPreSharedKeySpec done
Event: 6938.097 Loading class sun/net/www/http/KeepAliveCleanerEntry
Event: 6938.098 Loading class sun/net/www/http/KeepAliveCleanerEntry done
Event: 6938.099 Loading class sun/net/www/http/KeepAliveStream$1
Event: 6938.100 Loading class sun/net/www/http/KeepAliveStream$1 done
Event: 6938.104 Loading class sun/net/www/http/ChunkedInputStream
Event: 6938.109 Loading class sun/net/www/http/ChunkedInputStream done
Event: 6958.264 Loading class java/nio/BufferMismatch
Event: 6958.268 Loading class java/nio/BufferMismatch done
Event: 6981.699 Loading class java/util/stream/ReduceOps$5
Event: 6981.704 Loading class java/util/stream/ReduceOps$5 done
Event: 6981.704 Loading class java/util/stream/ReduceOps$CountingSink$OfRef
Event: 6981.706 Loading class java/util/stream/ReduceOps$CountingSink
Event: 6981.709 Loading class java/util/stream/ReduceOps$CountingSink done
Event: 6981.709 Loading class java/util/stream/ReduceOps$CountingSink$OfRef done
Event: 6982.047 Loading class jdk/internal/module/IllegalAccessLogger
Event: 6982.048 Loading class jdk/internal/module/IllegalAccessLogger done

Classes unloaded (20 events):
Event: 7054.928 Thread 0x000001c5e953eaf0 Unloading class 0x000001c581017400 'java/lang/invoke/LambdaForm$MH+0x000001c581017400'
Event: 7054.928 Thread 0x000001c5e953eaf0 Unloading class 0x000001c581016400 'java/lang/invoke/LambdaForm$MH+0x000001c581016400'
Event: 7054.929 Thread 0x000001c5e953eaf0 Unloading class 0x000001c58100d800 'java/lang/invoke/LambdaForm$MH+0x000001c58100d800'
Event: 7054.929 Thread 0x000001c5e953eaf0 Unloading class 0x000001c58100d400 'java/lang/invoke/LambdaForm$MH+0x000001c58100d400'
Event: 7054.929 Thread 0x000001c5e953eaf0 Unloading class 0x000001c58100d000 'java/lang/invoke/LambdaForm$MH+0x000001c58100d000'
Event: 7054.929 Thread 0x000001c5e953eaf0 Unloading class 0x000001c58100cc00 'java/lang/invoke/LambdaForm$MH+0x000001c58100cc00'
Event: 7054.929 Thread 0x000001c5e953eaf0 Unloading class 0x000001c58100c800 'java/lang/invoke/LambdaForm$BMH+0x000001c58100c800'
Event: 7054.929 Thread 0x000001c5e953eaf0 Unloading class 0x000001c58100c000 'java/lang/invoke/LambdaForm$DMH+0x000001c58100c000'
Event: 7054.930 Thread 0x000001c5e953eaf0 Unloading class 0x000001c581008400 'java/lang/invoke/LambdaForm$MH+0x000001c581008400'
Event: 7054.930 Thread 0x000001c5e953eaf0 Unloading class 0x000001c581008000 'java/lang/invoke/LambdaForm$MH+0x000001c581008000'
Event: 7054.930 Thread 0x000001c5e953eaf0 Unloading class 0x000001c581007c00 'java/lang/invoke/LambdaForm$MH+0x000001c581007c00'
Event: 7054.930 Thread 0x000001c5e953eaf0 Unloading class 0x000001c581006800 'java/lang/invoke/LambdaForm$MH+0x000001c581006800'
Event: 7054.930 Thread 0x000001c5e953eaf0 Unloading class 0x000001c581006000 'java/lang/invoke/LambdaForm$MH+0x000001c581006000'
Event: 7054.930 Thread 0x000001c5e953eaf0 Unloading class 0x000001c581005c00 'java/lang/invoke/LambdaForm$MH+0x000001c581005c00'
Event: 7054.930 Thread 0x000001c5e953eaf0 Unloading class 0x000001c581005800 'java/lang/invoke/LambdaForm$MH+0x000001c581005800'
Event: 7054.930 Thread 0x000001c5e953eaf0 Unloading class 0x000001c581005400 'java/lang/invoke/LambdaForm$BMH+0x000001c581005400'
Event: 7054.930 Thread 0x000001c5e953eaf0 Unloading class 0x000001c581004000 'java/lang/invoke/LambdaForm$DMH+0x000001c581004000'
Event: 7054.930 Thread 0x000001c5e953eaf0 Unloading class 0x000001c581002400 'java/lang/invoke/LambdaForm$MH+0x000001c581002400'
Event: 7054.930 Thread 0x000001c5e953eaf0 Unloading class 0x000001c581002000 'java/lang/invoke/LambdaForm$MH+0x000001c581002000'
Event: 7054.930 Thread 0x000001c5e953eaf0 Unloading class 0x000001c581001800 'java/lang/invoke/LambdaForm$MH+0x000001c581001800'

Classes redefined (0 events):
No events

Internal exceptions (20 events):
Event: 7142.304 Thread 0x000001c5cf356d70 Exception <a 'sun/nio/fs/WindowsException'{0x00000000ead1b9f8}> (0x00000000ead1b9f8) 
thrown [s\src\hotspot\share\prims\jni.cpp, line 520]
Event: 7142.304 Thread 0x000001c5cf356d70 Exception <a 'sun/nio/fs/WindowsException'{0x00000000ead1c4d0}> (0x00000000ead1c4d0) 
thrown [s\src\hotspot\share\prims\jni.cpp, line 520]
Event: 7142.305 Thread 0x000001c5cf356d70 Exception <a 'sun/nio/fs/WindowsException'{0x00000000ead1d718}> (0x00000000ead1d718) 
thrown [s\src\hotspot\share\prims\jni.cpp, line 520]
Event: 7142.305 Thread 0x000001c5cf356d70 Exception <a 'sun/nio/fs/WindowsException'{0x00000000ead1e1f0}> (0x00000000ead1e1f0) 
thrown [s\src\hotspot\share\prims\jni.cpp, line 520]
Event: 7142.305 Thread 0x000001c5cf356d70 Exception <a 'sun/nio/fs/WindowsException'{0x00000000ead70798}> (0x00000000ead70798) 
thrown [s\src\hotspot\share\prims\jni.cpp, line 520]
Event: 7142.306 Thread 0x000001c5cf356d70 Exception <a 'sun/nio/fs/WindowsException'{0x00000000ead71270}> (0x00000000ead71270) 
thrown [s\src\hotspot\share\prims\jni.cpp, line 520]
Event: 7142.313 Thread 0x000001c5cf356d70 Exception <a 'sun/nio/fs/WindowsException'{0x00000000eab8a120}> (0x00000000eab8a120) 
thrown [s\src\hotspot\share\prims\jni.cpp, line 520]
Event: 7142.313 Thread 0x000001c5cf356d70 Exception <a 'sun/nio/fs/WindowsException'{0x00000000eab8abf8}> (0x00000000eab8abf8) 
thrown [s\src\hotspot\share\prims\jni.cpp, line 520]
Event: 7171.734 Thread 0x000001c5cf356d70 Implicit null exception at 0x000001c5f54798bf to 0x000001c5f547c210
Event: 7171.887 Thread 0x000001c5cf356d70 Implicit null exception at 0x000001c5f41f24b5 to 0x000001c5f41f2710
Event: 7171.909 Thread 0x000001c5cf356d70 Implicit null exception at 0x000001c5f44305d1 to 0x000001c5f4430848
Event: 7257.233 Thread 0x000001c5fe92dcb0 Implicit null exception at 0x000001c5f5330e1a to 0x000001c5f533130c
Event: 7257.375 Thread 0x000001c5fe92dcb0 Implicit null exception at 0x000001c5f44a718e to 0x000001c5f44a7235
Event: 7257.760 Thread 0x000001c5fe92dcb0 Implicit null exception at 0x000001c5f523fd35 to 0x000001c5f523ff58
Event: 7258.256 Thread 0x000001c5fe92dcb0 Implicit null exception at 0x000001c5f466b5b5 to 0x000001c5f466b814
Event: 7258.840 Thread 0x000001c5fe92dcb0 Exception <a 'java/lang/NoSuchMethodError'{0x00000000eac43d90}: static Lorg/eclipse/m2e/core/internal/lifecyclemapping/model/PluginExecutionMetadata;.<clinit>()V> (0x00000000eac43d90) 
thrown [s\src\hotspot\share\prims\jni.cpp, line 1111]
Event: 7258.917 Thread 0x000001c5fe92dcb0 Exception <a 'java/lang/NoSuchMethodError'{0x00000000eac6c990}: static Lorg/eclipse/m2e/core/internal/lifecyclemapping/model/PluginExecutionFilter;.<clinit>()V> (0x00000000eac6c990) 
thrown [s\src\hotspot\share\prims\jni.cpp, line 1111]
Event: 7258.929 Thread 0x000001c5fe92dcb0 Exception <a 'java/lang/NoSuchMethodError'{0x00000000eac849b8}: static Lorg/eclipse/m2e/core/internal/project/registry/MavenProjectFacade$MavenProjectConfiguration;.<clinit>()V> (0x00000000eac849b8) 
thrown [s\src\hotspot\share\prims\jni.cpp, line 1111]
Event: 7258.935 Thread 0x000001c5fe92dcb0 Implicit null exception at 0x000001c5f47d5af3 to 0x000001c5f47d6100
Event: 7258.936 Thread 0x000001c5fe92dcb0 Exception <a 'java/lang/NoSuchMethodError'{0x00000000eaca51b0}: static [J.<clinit>()V> (0x00000000eaca51b0) 
thrown [s\src\hotspot\share\prims\jni.cpp, line 1111]

ZGC Phase Switch (0 events):
No events

VM Operations (20 events):
Event: 7238.082 Executing VM operation: ParallelGCFailedAllocation (Allocation Failure) done
Event: 7249.232 Executing VM operation: ParallelGCFailedAllocation (Allocation Failure)
Event: 7249.237 Executing VM operation: ParallelGCFailedAllocation (Allocation Failure) done
Event: 7249.255 Executing VM operation: ParallelGCFailedAllocation (Allocation Failure)
Event: 7249.257 Executing VM operation: ParallelGCFailedAllocation (Allocation Failure) done
Event: 7249.323 Executing VM operation: ParallelGCFailedAllocation (Allocation Failure)
Event: 7249.353 Executing VM operation: ParallelGCFailedAllocation (Allocation Failure) done
Event: 7249.376 Executing VM operation: ParallelGCFailedAllocation (Allocation Failure)
Event: 7249.399 Executing VM operation: ParallelGCFailedAllocation (Allocation Failure) done
Event: 7249.421 Executing VM operation: ParallelGCFailedAllocation (Allocation Failure)
Event: 7249.427 Executing VM operation: ParallelGCFailedAllocation (Allocation Failure) done
Event: 7249.443 Executing VM operation: ParallelGCFailedAllocation (Allocation Failure)
Event: 7249.447 Executing VM operation: ParallelGCFailedAllocation (Allocation Failure) done
Event: 7249.476 Executing VM operation: ParallelGCFailedAllocation (Allocation Failure)
Event: 7249.503 Executing VM operation: ParallelGCFailedAllocation (Allocation Failure) done
Event: 7257.558 Executing VM operation: Cleanup
Event: 7257.559 Executing VM operation: Cleanup done
Event: 7258.257 Executing VM operation: ParallelGCFailedAllocation (Allocation Failure)
Event: 7258.272 Executing VM operation: ParallelGCFailedAllocation (Allocation Failure) done
Event: 7259.278 Executing VM operation: Cleanup

Memory protections (0 events):
No events

Nmethod flushes (20 events):
Event: 7057.532 Thread 0x000001c5e953eaf0 flushing  nmethod 0x000001c5eeb87190
Event: 7057.532 Thread 0x000001c5e953eaf0 flushing  nmethod 0x000001c5eeb87610
Event: 7057.532 Thread 0x000001c5e953eaf0 flushing  nmethod 0x000001c5eeb89210
Event: 7057.532 Thread 0x000001c5e953eaf0 flushing  nmethod 0x000001c5eeb89990
Event: 7057.532 Thread 0x000001c5e953eaf0 flushing  nmethod 0x000001c5eeb8d010
Event: 7057.532 Thread 0x000001c5e953eaf0 flushing  nmethod 0x000001c5eeb8de90
Event: 7057.532 Thread 0x000001c5e953eaf0 flushing  nmethod 0x000001c5eebac390
Event: 7057.532 Thread 0x000001c5e953eaf0 flushing  nmethod 0x000001c5eebad890
Event: 7057.532 Thread 0x000001c5e953eaf0 flushing  nmethod 0x000001c5eebb3590
Event: 7057.532 Thread 0x000001c5e953eaf0 flushing  nmethod 0x000001c5eebb3b90
Event: 7057.532 Thread 0x000001c5e953eaf0 flushing  nmethod 0x000001c5eebb5110
Event: 7057.532 Thread 0x000001c5e953eaf0 flushing  nmethod 0x000001c5eebba390
Event: 7057.532 Thread 0x000001c5e953eaf0 flushing  nmethod 0x000001c5eebc3190
Event: 7057.533 Thread 0x000001c5e953eaf0 flushing  nmethod 0x000001c5eebdb510
Event: 7057.533 Thread 0x000001c5e953eaf0 flushing  nmethod 0x000001c5eebffe10
Event: 7057.533 Thread 0x000001c5e953eaf0 flushing  nmethod 0x000001c5eec04c90
Event: 7057.533 Thread 0x000001c5e953eaf0 flushing  nmethod 0x000001c5eec11610
Event: 7057.533 Thread 0x000001c5e953eaf0 flushing  nmethod 0x000001c5eec1a910
Event: 7057.533 Thread 0x000001c5e953eaf0 flushing  nmethod 0x000001c5eec1cd90
Event: 7057.533 Thread 0x000001c5e953eaf0 flushing  nmethod 0x000001c5eec1de90

Events (20 events):
Event: 6981.826 Thread 0x000001c5cf358120 Thread added: 0x000001c5fe92e9d0
Event: 6982.056 Thread 0x000001c5cf358120 Thread added: 0x000001c5fe92c270
Event: 6982.610 Thread 0x000001c5cf358120 Thread added: 0x000001c5fe92b550
Event: 6986.140 Thread 0x000001c5fd81f090 Thread added: 0x000001c5c89314d0
Event: 6989.601 Thread 0x000001c5c89314d0 Thread exited: 0x000001c5c89314d0
Event: 6989.688 Thread 0x000001c5fd7de4a0 Thread added: 0x000001c5c89336e0
Event: 6990.274 Thread 0x000001c5c89336e0 Thread exited: 0x000001c5c89336e0
Event: 7043.909 Thread 0x000001c5fe92c270 Thread exited: 0x000001c5fe92c270
Event: 7059.055 Thread 0x000001c5fd81f090 Thread added: 0x000001c5c8934480
Event: 7063.316 Thread 0x000001c5c8934480 Thread exited: 0x000001c5c8934480
Event: 7118.919 Thread 0x000001c5cf357a90 Thread exited: 0x000001c5cf357a90
Event: 7118.920 Thread 0x000001c5cf35a1f0 Thread exited: 0x000001c5cf35a1f0
Event: 7119.847 Thread 0x000001c5fe92dcb0 Thread exited: 0x000001c5fe92dcb0
Event: 7137.304 Thread 0x000001c5cf358120 Thread added: 0x000001c5fe92dcb0
Event: 7139.588 Thread 0x000001c5fd81f090 Thread added: 0x000001c5c8930e00
Event: 7139.911 Thread 0x000001c5c8930e00 Thread exited: 0x000001c5c8930e00
Event: 7203.160 Thread 0x000001c5cf358e40 Thread exited: 0x000001c5cf358e40
Event: 7257.317 Thread 0x000001c5fe92dcb0 Thread added: 0x000001c5fe931e50
Event: 7257.338 Thread 0x000001c5fe931e50 Thread exited: 0x000001c5fe931e50
Event: 7260.055 Thread 0x000001c5cf358120 Thread added: 0x000001c5fe931e50


Dynamic libraries:
0x00007ff6cf800000 - 0x00007ff6cf80e000 	c:\Users\hp\.vscode\extensions\redhat.java-1.42.0-win32-x64\jre\21.0.7-win32-x86_64\bin\java.exe
0x00007ff8c9060000 - 0x00007ff8c92c6000 	C:\WINDOWS\SYSTEM32\ntdll.dll
0x00007ff8bff90000 - 0x00007ff8bffab000 	C:\Program Files\Avast Software\Avast\aswhook.dll
0x00007ff8c8400000 - 0x00007ff8c84c9000 	C:\WINDOWS\System32\KERNEL32.DLL
0x00007ff8c6530000 - 0x00007ff8c68fc000 	C:\WINDOWS\System32\KERNELBASE.dll
0x00007ff8c3270000 - 0x00007ff8c330e000 	C:\WINDOWS\SYSTEM32\apphelp.dll
0x00007ff8c6b50000 - 0x00007ff8c6c9b000 	C:\WINDOWS\System32\ucrtbase.dll
0x00007ff8a3d50000 - 0x00007ff8a3d68000 	c:\Users\hp\.vscode\extensions\redhat.java-1.42.0-win32-x64\jre\21.0.7-win32-x86_64\bin\jli.dll
0x00007ff8c6ed0000 - 0x00007ff8c709a000 	C:\WINDOWS\System32\USER32.dll
0x00007ff8c6b20000 - 0x00007ff8c6b47000 	C:\WINDOWS\System32\win32u.dll
0x00007ff8c84d0000 - 0x00007ff8c84fb000 	C:\WINDOWS\System32\GDI32.dll
0x00007ff8c6280000 - 0x00007ff8c63b2000 	C:\WINDOWS\System32\gdi32full.dll
0x00007ff8c6480000 - 0x00007ff8c6523000 	C:\WINDOWS\System32\msvcp_win.dll
0x00007ff8a35e0000 - 0x00007ff8a35fe000 	c:\Users\hp\.vscode\extensions\redhat.java-1.42.0-win32-x64\jre\21.0.7-win32-x86_64\bin\VCRUNTIME140.dll
0x00007ff8afb00000 - 0x00007ff8afd9a000 	C:\WINDOWS\WinSxS\amd64_microsoft.windows.common-controls_6595b64144ccf1df_6.0.26100.3912_none_3e07963ce335137e\COMCTL32.dll
0x00007ff8c7a70000 - 0x00007ff8c7b19000 	C:\WINDOWS\System32\msvcrt.dll
0x00007ff8c80f0000 - 0x00007ff8c8120000 	C:\WINDOWS\System32\IMM32.DLL
0x00007ff8ae860000 - 0x00007ff8ae86c000 	c:\Users\hp\.vscode\extensions\redhat.java-1.42.0-win32-x64\jre\21.0.7-win32-x86_64\bin\vcruntime140_1.dll
0x00007ff883aa0000 - 0x00007ff883b2d000 	c:\Users\hp\.vscode\extensions\redhat.java-1.42.0-win32-x64\jre\21.0.7-win32-x86_64\bin\msvcp140.dll
0x00007ff82b410000 - 0x00007ff82c1a0000 	c:\Users\hp\.vscode\extensions\redhat.java-1.42.0-win32-x64\jre\21.0.7-win32-x86_64\bin\server\jvm.dll
0x00007ff8c8750000 - 0x00007ff8c8802000 	C:\WINDOWS\System32\ADVAPI32.dll
0x00007ff8c6e20000 - 0x00007ff8c6ec6000 	C:\WINDOWS\System32\sechost.dll
0x00007ff8c7b40000 - 0x00007ff8c7c56000 	C:\WINDOWS\System32\RPCRT4.dll
0x00007ff8c8fa0000 - 0x00007ff8c9014000 	C:\WINDOWS\System32\WS2_32.dll
0x00007ff8c6060000 - 0x00007ff8c60be000 	C:\WINDOWS\SYSTEM32\POWRPROF.dll
0x00007ff8bdfe0000 - 0x00007ff8be016000 	C:\WINDOWS\SYSTEM32\WINMM.dll
0x00007ff8be750000 - 0x00007ff8be75b000 	C:\WINDOWS\SYSTEM32\VERSION.dll
0x00007ff8c6040000 - 0x00007ff8c6054000 	C:\WINDOWS\SYSTEM32\UMPDC.dll
0x00007ff8c4fb0000 - 0x00007ff8c4fca000 	C:\WINDOWS\SYSTEM32\kernel.appcore.dll
0x00007ff8ae010000 - 0x00007ff8ae01a000 	c:\Users\hp\.vscode\extensions\redhat.java-1.42.0-win32-x64\jre\21.0.7-win32-x86_64\bin\jimage.dll
0x00007ff8bb120000 - 0x00007ff8bb361000 	C:\WINDOWS\SYSTEM32\DBGHELP.DLL
0x00007ff8c70a0000 - 0x00007ff8c7424000 	C:\WINDOWS\System32\combase.dll
0x00007ff8c7810000 - 0x00007ff8c78f0000 	C:\WINDOWS\System32\OLEAUT32.dll
0x00007ff8b9bd0000 - 0x00007ff8b9c09000 	C:\WINDOWS\SYSTEM32\dbgcore.DLL
0x00007ff8c6a80000 - 0x00007ff8c6b19000 	C:\WINDOWS\System32\bcryptPrimitives.dll
0x00007ff8adcd0000 - 0x00007ff8adcdf000 	c:\Users\hp\.vscode\extensions\redhat.java-1.42.0-win32-x64\jre\21.0.7-win32-x86_64\bin\instrument.dll
0x00007ff8a2490000 - 0x00007ff8a24af000 	c:\Users\hp\.vscode\extensions\redhat.java-1.42.0-win32-x64\jre\21.0.7-win32-x86_64\bin\java.dll
0x00007ff8c8870000 - 0x00007ff8c8f9d000 	C:\WINDOWS\System32\SHELL32.dll
0x00007ff8c6900000 - 0x00007ff8c6a74000 	C:\WINDOWS\System32\wintypes.dll
0x00007ff8c3ea0000 - 0x00007ff8c46f6000 	C:\WINDOWS\SYSTEM32\windows.storage.dll
0x00007ff8c7680000 - 0x00007ff8c776f000 	C:\WINDOWS\System32\SHCORE.dll
0x00007ff8c8310000 - 0x00007ff8c8379000 	C:\WINDOWS\System32\shlwapi.dll
0x00007ff8c6100000 - 0x00007ff8c612f000 	C:\WINDOWS\SYSTEM32\profapi.dll
0x00007ff89eef0000 - 0x00007ff89ef08000 	c:\Users\hp\.vscode\extensions\redhat.java-1.42.0-win32-x64\jre\21.0.7-win32-x86_64\bin\zip.dll
0x00007ff8ad820000 - 0x00007ff8ad830000 	C:\Users\hp\.vscode\extensions\redhat.java-1.42.0-win32-x64\jre\21.0.7-win32-x86_64\bin\net.dll
0x00007ff8be1e0000 - 0x00007ff8be2fe000 	C:\WINDOWS\SYSTEM32\WINHTTP.dll
0x00007ff8c5520000 - 0x00007ff8c558a000 	C:\WINDOWS\system32\mswsock.dll
0x00007ff89e960000 - 0x00007ff89e976000 	C:\Users\hp\.vscode\extensions\redhat.java-1.42.0-win32-x64\jre\21.0.7-win32-x86_64\bin\nio.dll
0x00007ff8ac880000 - 0x00007ff8ac890000 	c:\Users\hp\.vscode\extensions\redhat.java-1.42.0-win32-x64\jre\21.0.7-win32-x86_64\bin\verify.dll
0x00007ff8930d0000 - 0x00007ff893115000 	C:\Users\hp\AppData\Roaming\Code\User\globalStorage\redhat.java\1.42.0\config_win\org.eclipse.equinox.launcher\org.eclipse.equinox.launcher.win32.win32.x86_64_1.2.1300.v20250331-1702\eclipse_11911.dll
0x00007ff8c8130000 - 0x00007ff8c82cf000 	C:\WINDOWS\System32\ole32.dll
0x00007ff8ac2a0000 - 0x00007ff8ac2aa000 	C:\Users\hp\.vscode\extensions\redhat.java-1.42.0-win32-x64\jre\21.0.7-win32-x86_64\bin\management.dll
0x00007ff8ab1d0000 - 0x00007ff8ab1db000 	C:\Users\hp\.vscode\extensions\redhat.java-1.42.0-win32-x64\jre\21.0.7-win32-x86_64\bin\management_ext.dll
0x00007ff8c8860000 - 0x00007ff8c8868000 	C:\WINDOWS\System32\PSAPI.DLL
0x00007ff8c57c0000 - 0x00007ff8c57dc000 	C:\WINDOWS\SYSTEM32\CRYPTSP.dll
0x00007ff8c4f10000 - 0x00007ff8c4f4a000 	C:\WINDOWS\system32\rsaenh.dll
0x00007ff8c55c0000 - 0x00007ff8c55eb000 	C:\WINDOWS\SYSTEM32\USERENV.dll
0x00007ff8c60d0000 - 0x00007ff8c60f6000 	C:\WINDOWS\SYSTEM32\bcrypt.dll
0x00007ff8c57e0000 - 0x00007ff8c57ec000 	C:\WINDOWS\SYSTEM32\CRYPTBASE.dll
0x00007ff8c49f0000 - 0x00007ff8c4a23000 	C:\WINDOWS\SYSTEM32\IPHLPAPI.DLL
0x00007ff8c8500000 - 0x00007ff8c850a000 	C:\WINDOWS\System32\NSI.dll
0x00007ff88a220000 - 0x00007ff88a269000 	C:\Users\hp\AppData\Local\Temp\jna-3336\jna3716862493982283936.dll
0x00007ff8be720000 - 0x00007ff8be73f000 	C:\WINDOWS\SYSTEM32\dhcpcsvc6.DLL
0x00007ff8bdf00000 - 0x00007ff8bdf25000 	C:\WINDOWS\SYSTEM32\dhcpcsvc.DLL
0x00007ff8ac430000 - 0x00007ff8ac43e000 	C:\Users\hp\.vscode\extensions\redhat.java-1.42.0-win32-x64\jre\21.0.7-win32-x86_64\bin\sunmscapi.dll
0x00007ff8c6ca0000 - 0x00007ff8c6e17000 	C:\WINDOWS\System32\CRYPT32.dll
0x00007ff8c59d0000 - 0x00007ff8c5a00000 	C:\WINDOWS\SYSTEM32\ncrypt.dll
0x00007ff8c5980000 - 0x00007ff8c59bf000 	C:\WINDOWS\SYSTEM32\NTASN1.dll
0x00007ff8c4a80000 - 0x00007ff8c4ba7000 	C:\WINDOWS\SYSTEM32\DNSAPI.dll
0x00007ff8ac610000 - 0x00007ff8ac61b000 	C:\Windows\System32\rasadhlp.dll
0x00007ff8ba410000 - 0x00007ff8ba496000 	C:\WINDOWS\System32\fwpuclnt.dll
0x00007ff8ab190000 - 0x00007ff8ab199000 	C:\Users\hp\.vscode\extensions\redhat.java-1.42.0-win32-x64\jre\21.0.7-win32-x86_64\bin\extnet.dll

dbghelp: loaded successfully - version: 4.0.5 - missing functions: none
symbol engine: initialized successfully - sym options: 0x614 - pdb path: .;c:\Users\hp\.vscode\extensions\redhat.java-1.42.0-win32-x64\jre\21.0.7-win32-x86_64\bin;C:\WINDOWS\SYSTEM32;C:\Program Files\Avast Software\Avast;C:\WINDOWS\WinSxS\amd64_microsoft.windows.common-controls_6595b64144ccf1df_6.0.26100.3912_none_3e07963ce335137e;c:\Users\hp\.vscode\extensions\redhat.java-1.42.0-win32-x64\jre\21.0.7-win32-x86_64\bin\server;C:\Users\hp\AppData\Roaming\Code\User\globalStorage\redhat.java\1.42.0\config_win\org.eclipse.equinox.launcher\org.eclipse.equinox.launcher.win32.win32.x86_64_1.2.1300.v20250331-1702;C:\Users\hp\AppData\Local\Temp\jna-3336

VM Arguments:
jvm_args: --add-modules=ALL-SYSTEM --add-opens=java.base/java.util=ALL-UNNAMED --add-opens=java.base/java.lang=ALL-UNNAMED --add-opens=java.base/sun.nio.fs=ALL-UNNAMED -Declipse.application=org.eclipse.jdt.ls.core.id1 -Dosgi.bundles.defaultStartLevel=4 -Declipse.product=org.eclipse.jdt.ls.core.product -Djava.import.generatesMetadataFilesAtProjectRoot=false -DDetectVMInstallationsJob.disabled=true -Dfile.encoding=utf8 -XX:+UseParallelGC -XX:GCTimeRatio=4 -XX:AdaptiveSizePolicyWeight=90 -Dsun.zip.disableMemoryMapping=true -Xmx1G -Xms100m -Xlog:disable -javaagent:c:\Users\hp\.vscode\extensions\redhat.java-1.42.0-win32-x64\lombok\lombok-1.18.36.jar -XX:+HeapDumpOnOutOfMemoryError -XX:HeapDumpPath=c:\Users\hp\AppData\Roaming\Code\User\workspaceStorage\686d534e6fb2cae4641b8e729c16d550\redhat.java -Daether.dependencyCollector.impl=bf 
java_command: c:\Users\hp\.vscode\extensions\redhat.java-1.42.0-win32-x64\server\plugins\org.eclipse.equinox.launcher_1.7.0.v20250424-1814.jar -configuration c:\Users\hp\AppData\Roaming\Code\User\globalStorage\redhat.java\1.42.0\config_win -data c:\Users\hp\AppData\Roaming\Code\User\workspaceStorage\686d534e6fb2cae4641b8e729c16d550\redhat.java\jdt_ws --pipe=\\.\pipe\lsp-9df003db0059f036f8d2c2e5c3da813a-sock
java_class_path (initial): c:\Users\hp\.vscode\extensions\redhat.java-1.42.0-win32-x64\server\plugins\org.eclipse.equinox.launcher_1.7.0.v20250424-1814.jar
Launcher Type: SUN_STANDARD

[Global flags]
    uintx AdaptiveSizePolicyWeight                 = 90                                        {product} {command line}
     intx CICompilerCount                          = 3                                         {product} {ergonomic}
    uintx GCTimeRatio                              = 4                                         {product} {command line}
     bool HeapDumpOnOutOfMemoryError               = true                                   {manageable} {command line}
    ccstr HeapDumpPath                             = c:\Users\hp\AppData\Roaming\Code\User\workspaceStorage\686d534e6fb2cae4641b8e729c16d550\redhat.java         {manageable} {command line}
   size_t InitialHeapSize                          = 104857600                                 {product} {command line}
   size_t MaxHeapSize                              = 1073741824                                {product} {command line}
   size_t MaxNewSize                               = 357564416                                 {product} {ergonomic}
   size_t MinHeapDeltaBytes                        = 524288                                    {product} {ergonomic}
   size_t MinHeapSize                              = 104857600                                 {product} {command line}
   size_t NewSize                                  = 34603008                                  {product} {ergonomic}
    uintx NonNMethodCodeHeapSize                   = 5832780                                {pd product} {ergonomic}
    uintx NonProfiledCodeHeapSize                  = 122912730                              {pd product} {ergonomic}
   size_t OldSize                                  = 70254592                                  {product} {ergonomic}
    uintx ProfiledCodeHeapSize                     = 122912730                              {pd product} {ergonomic}
    uintx ReservedCodeCacheSize                    = 251658240                              {pd product} {ergonomic}
     bool SegmentedCodeCache                       = true                                      {product} {ergonomic}
   size_t SoftMaxHeapSize                          = 1073741824                             {manageable} {ergonomic}
     bool UseCompressedOops                        = true                           {product lp64_product} {ergonomic}
     bool UseLargePagesIndividualAllocation        = false                                  {pd product} {ergonomic}
     bool UseParallelGC                            = true                                      {product} {command line}

Logging:
Log output configuration:
 #0: stdout all=off uptime,level,tags foldmultilines=false
 #1: stderr all=off uptime,level,tags foldmultilines=false

Environment Variables:
JAVA_HOME=C:\Program Files\Eclipse Adoptium\jdk-21.0.6.7-hotspot
PATH=%PATH%;C:\Program Files\Eclipse Adoptium\jdk-21.0.6.7-hotspot\bin;C:\Program Files\Eclipse Adoptium\jdk-21.0.6.7-hotspot\bin;C:\WINDOWS\system32;C:\WINDOWS;C:\WINDOWS\System32\Wbem;C:\WINDOWS\System32\WindowsPowerShell\v1.0\;C:\WINDOWS\System32\OpenSSH\;C:\ProgramData\chocolatey\bin;C:\Program Files\Git\cmd;C:\Program Files\nodejs\;C:\Users\php;C:\Users\hp\Downloads\apache-maven-3.9.9-bin;C:\ProgramData\chocolatey\lib\maven\apache-maven-3.9.9\bin;C:\Users\hp\AppData\Local\Microsoft\WindowsApps;C:\Users\hp\AppData\Local\Programs\Microsoft VS Code\bin;C:\Users\hp\AppData\Roaming\npm;F:\PostgreSQL\17\bin;C:\Users\hp\AppData\Local\Programs\Python\Python313\Scripts\;C:\Users\hp\AppData\Local\Programs\Python\Python313\;C:\Users\hp\AppData\Local\Microsoft\WindowsApps;C:\Users\hp\AppData\Local\Programs\Microsoft VS Code\bin;C:\Users\hp\AppData\Roaming\npm;;C:\Users\hp\Anaconda3;C:\Users\hp\Anaconda3\Scripts;C:\Users\hp\Anaconda3\Library\bin;C:\Program Files\Eclipse Adoptium\jdk-21.0.6.7-hotspot\bin;C:\Program Files\Eclipse Adoptium\jdk-21.0.6.7-hotspot\bin;C:\WINDOWS\system32;C:\WINDOWS;C:\WINDOWS\System32\Wbem;C:\WINDOWS\System32\WindowsPowerShell\v1.0\;C:\WINDOWS\System32\OpenSSH\;C:\ProgramData\chocolatey\bin;C:\Program Files\Git\cmd;C:\Program Files\nodejs\;C:\Users\php;C:\Users\hp\Downloads\apache-maven-3.9.9-bin;C:\ProgramData\chocolatey\lib\maven\apache-maven-3.9.9\bin;C:\Users\hp\AppData\Local\Microsoft\WindowsApps;C:\Users\hp\AppData\Local\Programs\Microsoft VS Code\bin;C:\Users\hp\AppData\Roaming\npm;F:\PostgreSQL\17\bin;C:\Users\hp\AppData\Local\Programs\Python\Python313\Scripts\;C:\Users\hp\AppData\Local\Programs\Python\Python313\;C:\Users\hp\AppData\Local\Microsoft\WindowsApps;C:\Users\hp\AppData\Local\Programs\Microsoft VS Code\bin;C:\Users\hp\AppData\Roaming\npm;C:\Users\hp\Anaconda3;C:\Users\hp\Anaconda3\Scripts;C:\Users\hp\Anaconda3\Library\bin;C:\Program Files\Eclipse Adoptium\jdk-21.0.6.7-hotspot\bin;;C:\Program Files\Eclipse Adoptium\jdk-21.0.6.7-hotspot\bin;C:\Program Files\Eclipse Adoptium\jdk-21.0.6.7-hotspot\bin;C:\WINDOWS\system32;C:\WINDOWS;C:\WINDOWS\System32\Wbem;C:\WINDOWS\System32\WindowsPowerShell\v1.0\;C:\WINDOWS\System32\OpenSSH\;C:\ProgramData\chocolatey\bin;C:\Program Files\Git\cmd;C:\Program Files\nodejs\;C:\Users\php;C:\Users\hp\Downloads\apache-maven-3.9.9-bin;C:\ProgramData\chocolatey\lib\maven\apache-maven-3.9.9\bin;C:\Users\hp\AppData\Local\Microsoft\WindowsApps;C:\Users\hp\AppData\Local\Programs\Microsoft VS Code\bin;C:\Users\hp\AppData\Roaming\npm;F:\PostgreSQL\17\bin;C:\Users\hp\AppData\Local\Programs\Python\Python313\Scripts\;C:\Users\hp\AppData\Local\Programs\Python\Python313\;C:\Users\hp\AppData\Local\Microsoft\WindowsApps;C:\Users\hp\AppData\Local\Programs\Microsoft VS Code\bin;C:\Users\hp\AppData\Roaming\npm;C:\Users\hp\Anaconda3;C:\Users\hp\Anaconda3\Scripts;C:\Users\hp\Anaconda3\Library\bin;C:\Program Files\Eclipse Adoptium\jdk-21.0.6.7-hotspot\bin;C:\Users\hp\AppData\Roaming\npm;
USERNAME=hp
OS=Windows_NT
PROCESSOR_IDENTIFIER=AMD64 Family 23 Model 24 Stepping 1, AuthenticAMD
TMP=C:\Users\hp\AppData\Local\Temp
TEMP=C:\Users\hp\AppData\Local\Temp




Periodic native trim disabled

---------------  S Y S T E M  ---------------

OS:
 Windows 11 , 64 bit Build 26100 (10.0.26100.3912)
OS uptime: 0 days 3:11 hours

CPU: total 4 (initial active 4) (4 cores per cpu, 2 threads per core) family 23 model 24 stepping 1 microcode 0x8108109, cx8, cmov, fxsr, ht, mmx, 3dnowpref, sse, sse2, sse3, ssse3, sse4a, sse4.1, sse4.2, popcnt, lzcnt, tsc, tscinvbit, avx, avx2, aes, clmul, bmi1, bmi2, adx, sha, fma, vzeroupper, clflush, clflushopt, rdtscp, f16c
Processor Information for the first 4 processors :
  Max Mhz: 2400, Current Mhz: 2400, Mhz Limit: 2400

Memory: 4k page, system-wide physical 6058M (275M free)
TotalPageFile size 23982M (AvailPageFile size 38M)
current process WorkingSet (physical memory assigned to process): 154M, peak: 931M
current process commit charge ("private bytes"): 522M, peak: 1020M

vm_info: OpenJDK 64-Bit Server VM (21.0.7+6-LTS) for windows-amd64 JRE (21.0.7+6-LTS), built on 2025-04-15T00:00:00Z by "admin" with MS VC++ 17.7 (VS2022)

END.
