#
# There is insufficient memory for the Java Runtime Environment to continue.
# Native memory allocation (malloc) failed to allocate 1724656 bytes. Error detail: Chunk::new
# Possible reasons:
#   The system is out of physical RAM or swap space
#   This process is running with CompressedOops enabled, and the Java Heap may be blocking the growth of the native heap
# Possible solutions:
#   Reduce memory load on the system
#   Increase physical memory or swap space
#   Check if swap backing store is full
#   Decrease Java heap size (-Xmx/-Xms)
#   Decrease number of Java threads
#   Decrease Java thread stack sizes (-Xss)
#   Set larger code cache with -XX:ReservedCodeCacheSize=
#   JVM is running with Unscaled Compressed Oops mode in which the Java heap is
#     placed in the first 4GB address space. The Java Heap base address is the
#     maximum limit for the native heap growth. Please use -XX:HeapBaseMinAddress
#     to set the Java Heap base and to place the Java Heap above 4GB virtual address.
# This output file may be truncated or incomplete.
#
#  Out of Memory Error (arena.cpp:168), pid=16208, tid=23840
#
# JRE version: OpenJDK Runtime Environment Temurin-21.0.7+6 (21.0.7+6) (build 21.0.7+6-LTS)
# Java VM: OpenJDK 64-Bit Server VM Temurin-21.0.7+6 (21.0.7+6-LTS, mixed mode, sharing, tiered, compressed oops, compressed class ptrs, parallel gc, windows-amd64)
# No core dump will be written. Minidumps are not enabled by default on client versions of Windows
#

---------------  S U M M A R Y ------------

Command Line: --add-modules=ALL-SYSTEM --add-opens=java.base/java.util=ALL-UNNAMED --add-opens=java.base/java.lang=ALL-UNNAMED --add-opens=java.base/sun.nio.fs=ALL-UNNAMED -Declipse.application=org.eclipse.jdt.ls.core.id1 -Dosgi.bundles.defaultStartLevel=4 -Declipse.product=org.eclipse.jdt.ls.core.product -Djava.import.generatesMetadataFilesAtProjectRoot=false -DDetectVMInstallationsJob.disabled=true -Dfile.encoding=utf8 -XX:+UseParallelGC -XX:GCTimeRatio=4 -XX:AdaptiveSizePolicyWeight=90 -Dsun.zip.disableMemoryMapping=true -Xmx1G -Xms100m -Xlog:disable -javaagent:c:\Users\hp\.vscode\extensions\redhat.java-1.42.0-win32-x64\lombok\lombok-1.18.36.jar -XX:+HeapDumpOnOutOfMemoryError -XX:HeapDumpPath=c:\Users\hp\AppData\Roaming\Code\User\workspaceStorage\686d534e6fb2cae4641b8e729c16d550\redhat.java -Daether.dependencyCollector.impl=bf c:\Users\hp\.vscode\extensions\redhat.java-1.42.0-win32-x64\server\plugins\org.eclipse.equinox.launcher_1.7.0.v20250424-1814.jar -configuration c:\Users\hp\AppData\Roaming\Code\User\globalStorage\redhat.java\1.42.0\config_win -data c:\Users\hp\AppData\Roaming\Code\User\workspaceStorage\686d534e6fb2cae4641b8e729c16d550\redhat.java\jdt_ws --pipe=\\.\pipe\lsp-70007c23501bb49c6b4be4cecdeb2f23-sock

Host: AMD Athlon 300U with Radeon Vega Mobile Gfx    , 4 cores, 5G,  Windows 11 , 64 bit Build 26100 (10.0.26100.3912)
Time: Mon May 19 16:17:18 2025 Arab Standard Time elapsed time: 33.046357 seconds (0d 0h 0m 33s)

---------------  T H R E A D  ---------------

Current thread (0x000001e8f2d9e0b0):  JavaThread "C2 CompilerThread1" daemon [_thread_in_native, id=23840, stack(0x0000004537400000,0x0000004537500000) (1024K)]


Current CompileTask:
C2:33046 12466 %     4       java.util.Properties::load0 @ 29 (249 bytes)

Stack: [0x0000004537400000,0x0000004537500000]
Native frames: (J=compiled Java code, j=interpreted, Vv=VM code, C=native code)
V  [jvm.dll+0x6ce119]
V  [jvm.dll+0x8a84a1]
V  [jvm.dll+0x8aa9ce]
V  [jvm.dll+0x8ab0b3]
V  [jvm.dll+0x27f8a6]
V  [jvm.dll+0xc507d]
V  [jvm.dll+0xc55b3]
V  [jvm.dll+0x3b68f2]
V  [jvm.dll+0x1dfe33]
V  [jvm.dll+0x247c42]
V  [jvm.dll+0x2470cf]
V  [jvm.dll+0x1c760e]
V  [jvm.dll+0x25695a]
V  [jvm.dll+0x254efa]
V  [jvm.dll+0x3f03f6]
V  [jvm.dll+0x851f6b]
V  [jvm.dll+0x6cc7dd]
C  [ucrtbase.dll+0x37b0]
C  [KERNEL32.DLL+0x2e8d7]
C  [ntdll.dll+0x9c5dc]


---------------  P R O C E S S  ---------------

Threads class SMR info:
_java_thread_list=0x000001e8eb8926f0, length=47, elements={
0x000001e88ddf8250, 0x000001e8901fe660, 0x000001e8a4482f70, 0x000001e8a4487d30,
0x000001e8a448a3a0, 0x000001e8a4495a90, 0x000001e8a449ed90, 0x000001e8a44a70c0,
0x000001e8a44a7810, 0x000001e8a449f420, 0x000001e8a449bfa0, 0x000001e8a449ccc0,
0x000001e8a449c630, 0x000001e8a449d350, 0x000001e8a449d9e0, 0x000001e8a449e070,
0x000001e8a449e700, 0x000001e8eb338f30, 0x000001e8eb3388a0, 0x000001e8eb3395c0,
0x000001e8eb339c50, 0x000001e8eb33a2e0, 0x000001e8eb336e60, 0x000001e8eb3374f0,
0x000001e8eb33a970, 0x000001e8eb33b000, 0x000001e8eb337b80, 0x000001e8eb33b690,
0x000001e8eb338210, 0x000001e8eb33ca40, 0x000001e8eb33d0d0, 0x000001e8eb33bd20,
0x000001e8eb33c3b0, 0x000001e8eb33d760, 0x000001e8eb33ddf0, 0x000001e8ed842890,
0x000001e8ed842f20, 0x000001e8ed844ff0, 0x000001e8ed8435b0, 0x000001e8ed842200,
0x000001e8ed843c40, 0x000001e8ed845680, 0x000001e8ed8442d0, 0x000001e8eb3367d0,
0x000001e8eeb73710, 0x000001e8eeb74ac0, 0x000001e8f2d9e0b0
}

Java Threads: ( => current thread )
  0x000001e88ddf8250 JavaThread "main"                              [_thread_blocked, id=23684, stack(0x0000004533e00000,0x0000004533f00000) (1024K)]
  0x000001e8901fe660 JavaThread "Reference Handler"          daemon [_thread_blocked, id=4280, stack(0x0000004534200000,0x0000004534300000) (1024K)]
  0x000001e8a4482f70 JavaThread "Finalizer"                  daemon [_thread_blocked, id=23864, stack(0x0000004534300000,0x0000004534400000) (1024K)]
  0x000001e8a4487d30 JavaThread "Signal Dispatcher"          daemon [_thread_blocked, id=23124, stack(0x0000004534400000,0x0000004534500000) (1024K)]
  0x000001e8a448a3a0 JavaThread "Attach Listener"            daemon [_thread_blocked, id=12384, stack(0x0000004534500000,0x0000004534600000) (1024K)]
  0x000001e8a4495a90 JavaThread "Service Thread"             daemon [_thread_blocked, id=22620, stack(0x0000004534600000,0x0000004534700000) (1024K)]
  0x000001e8a449ed90 JavaThread "Monitor Deflation Thread"   daemon [_thread_blocked, id=3272, stack(0x0000004534700000,0x0000004534800000) (1024K)]
  0x000001e8a44a70c0 JavaThread "C2 CompilerThread0"         daemon [_thread_blocked, id=21144, stack(0x0000004534800000,0x0000004534900000) (1024K)]
  0x000001e8a44a7810 JavaThread "C1 CompilerThread0"         daemon [_thread_in_native, id=22624, stack(0x0000004534900000,0x0000004534a00000) (1024K)]
  0x000001e8a449f420 JavaThread "Common-Cleaner"             daemon [_thread_blocked, id=22892, stack(0x0000004534a00000,0x0000004534b00000) (1024K)]
  0x000001e8a449bfa0 JavaThread "Notification Thread"        daemon [_thread_blocked, id=20896, stack(0x0000004534c00000,0x0000004534d00000) (1024K)]
  0x000001e8a449ccc0 JavaThread "Active Thread: Equinox Container: aaa5213b-589e-412e-8765-b7c7a4fe8ced"        [_thread_in_vm, id=17292, stack(0x0000004535000000,0x0000004535100000) (1024K)]
  0x000001e8a449c630 JavaThread "Refresh Thread: Equinox Container: aaa5213b-589e-412e-8765-b7c7a4fe8ced" daemon [_thread_blocked, id=23424, stack(0x0000004535100000,0x0000004535200000) (1024K)]
  0x000001e8a449d350 JavaThread "Framework Event Dispatcher: Equinox Container: aaa5213b-589e-412e-8765-b7c7a4fe8ced" daemon [_thread_blocked, id=20812, stack(0x0000004535200000,0x0000004535300000) (1024K)]
  0x000001e8a449d9e0 JavaThread "Start Level: Equinox Container: aaa5213b-589e-412e-8765-b7c7a4fe8ced" daemon [_thread_blocked, id=22972, stack(0x0000004534b00000,0x0000004534c00000) (1024K)]
  0x000001e8a449e070 JavaThread "Bundle File Closer"         daemon [_thread_blocked, id=20396, stack(0x0000004535400000,0x0000004535500000) (1024K)]
  0x000001e8a449e700 JavaThread "SCR Component Actor"        daemon [_thread_blocked, id=10092, stack(0x0000004535300000,0x0000004535400000) (1024K)]
  0x000001e8eb338f30 JavaThread "Worker-JM"                         [_thread_blocked, id=16452, stack(0x0000004535700000,0x0000004535800000) (1024K)]
  0x000001e8eb3388a0 JavaThread "JNA Cleaner"                daemon [_thread_blocked, id=22844, stack(0x0000004535800000,0x0000004535900000) (1024K)]
  0x000001e8eb3395c0 JavaThread "Worker-0"                          [_thread_blocked, id=22348, stack(0x0000004535900000,0x0000004535a00000) (1024K)]
  0x000001e8eb339c50 JavaThread "Worker-1"                          [_thread_blocked, id=23736, stack(0x0000004535a00000,0x0000004535b00000) (1024K)]
  0x000001e8eb33a2e0 JavaThread "Worker-2"                          [_thread_blocked, id=24136, stack(0x0000004535b00000,0x0000004535c00000) (1024K)]
  0x000001e8eb336e60 JavaThread "Java indexing"              daemon [_thread_in_Java, id=19240, stack(0x0000004535c00000,0x0000004535d00000) (1024K)]
  0x000001e8eb3374f0 JavaThread "Worker-3"                          [_thread_blocked, id=16388, stack(0x0000004535d00000,0x0000004535e00000) (1024K)]
  0x000001e8eb33a970 JavaThread "Worker-4"                          [_thread_blocked, id=23512, stack(0x0000004535e00000,0x0000004535f00000) (1024K)]
  0x000001e8eb33b000 JavaThread "Worker-5"                          [_thread_blocked, id=12172, stack(0x0000004536100000,0x0000004536200000) (1024K)]
  0x000001e8eb337b80 JavaThread "Worker-6: Java indexing... "        [_thread_blocked, id=23660, stack(0x0000004536200000,0x0000004536300000) (1024K)]
  0x000001e8eb33b690 JavaThread "Thread-2"                   daemon [_thread_in_native, id=19936, stack(0x0000004536300000,0x0000004536400000) (1024K)]
  0x000001e8eb338210 JavaThread "Thread-3"                   daemon [_thread_in_native, id=10464, stack(0x0000004536400000,0x0000004536500000) (1024K)]
  0x000001e8eb33ca40 JavaThread "Thread-4"                   daemon [_thread_in_native, id=10696, stack(0x0000004536500000,0x0000004536600000) (1024K)]
  0x000001e8eb33d0d0 JavaThread "Thread-5"                   daemon [_thread_in_native, id=23844, stack(0x0000004536600000,0x0000004536700000) (1024K)]
  0x000001e8eb33bd20 JavaThread "Thread-6"                   daemon [_thread_in_native, id=23828, stack(0x0000004536700000,0x0000004536800000) (1024K)]
  0x000001e8eb33c3b0 JavaThread "pool-2-thread-1"                   [_thread_blocked, id=23832, stack(0x0000004536800000,0x0000004536900000) (1024K)]
  0x000001e8eb33d760 JavaThread "Worker-7"                          [_thread_blocked, id=23820, stack(0x0000004536900000,0x0000004536a00000) (1024K)]
  0x000001e8eb33ddf0 JavaThread "WorkspaceEventsHandler"            [_thread_blocked, id=23812, stack(0x0000004536a00000,0x0000004536b00000) (1024K)]
  0x000001e8ed842890 JavaThread "pool-1-thread-1"                   [_thread_blocked, id=23804, stack(0x0000004536b00000,0x0000004536c00000) (1024K)]
  0x000001e8ed842f20 JavaThread "Worker-8: Building"                [_thread_blocked, id=23816, stack(0x0000004536c00000,0x0000004536d00000) (1024K)]
  0x000001e8ed844ff0 JavaThread "LocalFile Deleter"          daemon [_thread_blocked, id=21716, stack(0x0000004535500000,0x0000004535600000) (1024K)]
  0x000001e8ed8435b0 JavaThread "LocalFile Deleter"          daemon [_thread_blocked, id=16660, stack(0x0000004535600000,0x0000004535700000) (1024K)]
  0x000001e8ed842200 JavaThread "LocalFile Deleter"          daemon [_thread_blocked, id=14924, stack(0x0000004536d00000,0x0000004536e00000) (1024K)]
  0x000001e8ed843c40 JavaThread "LocalFile Deleter"          daemon [_thread_blocked, id=3388, stack(0x0000004536e00000,0x0000004536f00000) (1024K)]
  0x000001e8ed845680 JavaThread "Compiler Source File Reader" daemon [_thread_blocked, id=4576, stack(0x0000004536f00000,0x0000004537000000) (1024K)]
  0x000001e8ed8442d0 JavaThread "Compiler Source File Reader" daemon [_thread_blocked, id=15724, stack(0x0000004537000000,0x0000004537100000) (1024K)]
  0x000001e8eb3367d0 JavaThread "Compiler Processing Task"   daemon [_thread_blocked, id=20596, stack(0x0000004537100000,0x0000004537200000) (1024K)]
  0x000001e8eeb73710 JavaThread "Compiler Class File Writer" daemon [_thread_blocked, id=13124, stack(0x0000004537200000,0x0000004537300000) (1024K)]
  0x000001e8eeb74ac0 JavaThread "Compiler Class File Writer" daemon [_thread_blocked, id=21644, stack(0x0000004537300000,0x0000004537400000) (1024K)]
=>0x000001e8f2d9e0b0 JavaThread "C2 CompilerThread1"         daemon [_thread_in_native, id=23840, stack(0x0000004537400000,0x0000004537500000) (1024K)]
Total: 47

Other Threads:
  0x000001e8a446f840 VMThread "VM Thread"                           [id=23300, stack(0x0000004534100000,0x0000004534200000) (1024K)]
  0x000001e8a440ca00 WatcherThread "VM Periodic Task Thread"        [id=22544, stack(0x0000004534000000,0x0000004534100000) (1024K)]
  0x000001e89016f960 WorkerThread "GC Thread#0"                     [id=12844, stack(0x0000004533f00000,0x0000004534000000) (1024K)]
  0x000001e8e6594cf0 WorkerThread "GC Thread#1"                     [id=19540, stack(0x0000004534d00000,0x0000004534e00000) (1024K)]
  0x000001e8e655c750 WorkerThread "GC Thread#2"                     [id=22796, stack(0x0000004534e00000,0x0000004534f00000) (1024K)]
  0x000001e8e6595090 WorkerThread "GC Thread#3"                     [id=3116, stack(0x0000004534f00000,0x0000004535000000) (1024K)]
Total: 6

Threads with active compile tasks:
C2 CompilerThread0  33146 12564       4       java.util.stream.ReferencePipeline::filter (22 bytes)
C1 CompilerThread0  33146 12569       3       org.eclipse.sisu.inject.InjectorBindings::publishExactMatches (79 bytes)
C2 CompilerThread1  33146 12466 %     4       java.util.Properties::load0 @ 29 (249 bytes)
Total: 3

VM state: not at safepoint (normal execution)

VM Mutex/Monitor currently owned by a thread:  ([mutex/lock_event])
[0x00007ff82c0be388] Compile_lock - owner thread: 0x0000000000000000

Heap address: 0x00000000c0000000, size: 1024 MB, Compressed Oops mode: 32-bit

CDS archive(s) mapped at: [0x000001e8a5000000-0x000001e8a5ba0000-0x000001e8a5ba0000), size 12189696, SharedBaseAddress: 0x000001e8a5000000, ArchiveRelocationMode: 1.
Compressed class space mapped at: 0x000001e8a6000000-0x000001e8e6000000, reserved size: 1073741824
Narrow klass base: 0x000001e8a5000000, Narrow klass shift: 0, Narrow klass range: 0x100000000

GC Precious Log:
 CardTable entry size: 512
 CPUs: 4 total, 4 available
 Memory: 6058M
 Large Page Support: Disabled
 NUMA Support: Disabled
 Compressed Oops: Enabled (32-bit)
 Alignments: Space 512K, Generation 512K, Heap 2M
 Heap Min Capacity: 100M
 Heap Initial Capacity: 100M
 Heap Max Capacity: 1G
 Pre-touch: Disabled
 Parallel Workers: 4

Heap:
 PSYoungGen      total 5120K, used 4482K [0x00000000eab00000, 0x00000000eb100000, 0x0000000100000000)
  eden space 4096K, 91% used [0x00000000eab00000,0x00000000eaead6f8,0x00000000eaf00000)
  from space 1024K, 70% used [0x00000000eaf00000,0x00000000eafb3490,0x00000000eb000000)
  to   space 1024K, 0% used [0x00000000eb000000,0x00000000eb000000,0x00000000eb100000)
 ParOldGen       total 165376K, used 165045K [0x00000000c0000000, 0x00000000ca180000, 0x00000000eab00000)
  object space 165376K, 99% used [0x00000000c0000000,0x00000000ca12d628,0x00000000ca180000)
 Metaspace       used 62496K, committed 64000K, reserved 1114112K
  class space    used 6283K, committed 6912K, reserved 1048576K

Card table byte_map: [0x000001e88fae0000,0x000001e88fcf0000] _byte_map_base: 0x000001e88f4e0000

Marking Bits: (ParMarkBitMap*) 0x00007ff82c0c31f0
 Begin Bits: [0x000001e8a2330000, 0x000001e8a3330000)
 End Bits:   [0x000001e8a3330000, 0x000001e8a4330000)

Polling page: 0x000001e88e110000

Metaspace:

Usage:
  Non-class:     54.90 MB used.
      Class:      6.14 MB used.
       Both:     61.03 MB used.

Virtual space:
  Non-class space:       64.00 MB reserved,      55.75 MB ( 87%) committed,  1 nodes.
      Class space:        1.00 GB reserved,       6.75 MB ( <1%) committed,  1 nodes.
             Both:        1.06 GB reserved,      62.50 MB (  6%) committed. 

Chunk freelists:
   Non-Class:  7.38 MB
       Class:  9.25 MB
        Both:  16.63 MB

MaxMetaspaceSize: unlimited
CompressedClassSpaceSize: 1.00 GB
Initial GC threshold: 21.00 MB
Current GC threshold: 97.81 MB
CDS: on
 - commit_granule_bytes: 65536.
 - commit_granule_words: 8192.
 - virtual_space_node_default_size: 8388608.
 - enlarge_chunks_in_place: 1.
 - use_allocation_guard: 0.


Internal statistics:

num_allocs_failed_limit: 13.
num_arena_births: 1222.
num_arena_deaths: 14.
num_vsnodes_births: 2.
num_vsnodes_deaths: 0.
num_space_committed: 1000.
num_space_uncommitted: 0.
num_chunks_returned_to_freelist: 27.
num_chunks_taken_from_freelist: 4214.
num_chunk_merges: 16.
num_chunk_splits: 2573.
num_chunks_enlarged: 1387.
num_inconsistent_stats: 0.

CodeHeap 'non-profiled nmethods': size=120000Kb used=7136Kb max_used=7136Kb free=112863Kb
 bounds [0x000001e89ae00000, 0x000001e89b500000, 0x000001e8a2330000]
CodeHeap 'profiled nmethods': size=120000Kb used=26844Kb max_used=26844Kb free=93155Kb
 bounds [0x000001e893330000, 0x000001e894d70000, 0x000001e89a860000]
CodeHeap 'non-nmethods': size=5760Kb used=1416Kb max_used=1477Kb free=4343Kb
 bounds [0x000001e89a860000, 0x000001e89aad0000, 0x000001e89ae00000]
 total_blobs=12499 nmethods=11772 adapters=632
 compilation: enabled
              stopped_count=0, restarted_count=0
 full_count=0

Compilation events (20 events):
Event: 31.985 Thread 0x000001e8a44a7810 nmethod 12532 0x000001e894d53610 code [0x000001e894d537c0, 0x000001e894d53950]
Event: 31.985 Thread 0x000001e8a44a70c0 nmethod 12528 0x000001e89b4f4c90 code [0x000001e89b4f4e20, 0x000001e89b4f4f80]
Event: 31.986 Thread 0x000001e8a44a7810 12533       3       com.google.inject.Key::get (13 bytes)
Event: 31.986 Thread 0x000001e8a44a7810 nmethod 12533 0x000001e894d53a10 code [0x000001e894d53c00, 0x000001e894d54038]
Event: 31.994 Thread 0x000001e8a44a70c0 12534       4       java.lang.invoke.MethodHandleNatives::refKindIsField (32 bytes)
Event: 31.995 Thread 0x000001e8a44a70c0 nmethod 12534 0x000001e89b4f5410 code [0x000001e89b4f5580, 0x000001e89b4f55f0]
Event: 31.998 Thread 0x000001e8a44a7810 12536       3       org.eclipse.jdt.internal.compiler.classfmt.AnnotationInfo::decodeDefaultValue (871 bytes)
Event: 32.000 Thread 0x000001e8a44a70c0 12537       4       org.eclipse.osgi.internal.loader.ModuleClassLoader$DefineClassResult::<init> (15 bytes)
Event: 32.000 Thread 0x000001e8a44a70c0 nmethod 12537 0x000001e89b4f5710 code [0x000001e89b4f58a0, 0x000001e89b4f5950]
Event: 32.002 Thread 0x000001e8a44a7810 nmethod 12536 0x000001e894d54210 code [0x000001e894d547c0, 0x000001e894d58758]
Event: 32.003 Thread 0x000001e8a44a70c0 12538       4       org.eclipse.osgi.internal.weaving.DynamicImportList::size (10 bytes)
Event: 32.003 Thread 0x000001e8a44a70c0 nmethod 12538 0x000001e89b4f5a10 code [0x000001e89b4f5ba0, 0x000001e89b4f5c68]
Event: 32.017 Thread 0x000001e8a44a7810 12539   !   3       java.lang.ref.Reference::processPendingReferences (118 bytes)
Event: 32.018 Thread 0x000001e8a44a7810 nmethod 12539 0x000001e894d59c10 code [0x000001e894d59e60, 0x000001e894d5a810]
Event: 32.023 Thread 0x000001e8a44a7810 12540       3       java.util.concurrent.ConcurrentHashMap::keySet (26 bytes)
Event: 32.024 Thread 0x000001e8a44a7810 nmethod 12540 0x000001e894d5ab10 code [0x000001e894d5ace0, 0x000001e894d5aff0]
Event: 32.024 Thread 0x000001e8a44a7810 12541       3       org.eclipse.osgi.internal.loader.sources.MultiSourcePackage::loadClass (48 bytes)
Event: 32.024 Thread 0x000001e8a44a7810 nmethod 12541 0x000001e894d5b110 code [0x000001e894d5b2e0, 0x000001e894d5b720]
Event: 32.028 Thread 0x000001e8a44a7810 12542       3       aQute.libg.qtokens.QuotedTokenizer::<init> (47 bytes)
Event: 32.028 Thread 0x000001e8a44a7810 nmethod 12542 0x000001e894d5b910 code [0x000001e894d5bb00, 0x000001e894d5bf78]

GC Heap History (20 events):
Event: 31.264 GC heap before
{Heap before GC invocations=125 (full 3):
 PSYoungGen      total 5120K, used 4735K [0x00000000eab00000, 0x00000000eb100000, 0x0000000100000000)
  eden space 4096K, 99% used [0x00000000eab00000,0x00000000eaeffdc8,0x00000000eaf00000)
  from space 1024K, 62% used [0x00000000eaf00000,0x00000000eafa0000,0x00000000eb000000)
  to   space 1024K, 0% used [0x00000000eb000000,0x00000000eb000000,0x00000000eb100000)
 ParOldGen       total 158720K, used 158670K [0x00000000c0000000, 0x00000000c9b00000, 0x00000000eab00000)
  object space 158720K, 99% used [0x00000000c0000000,0x00000000c9af3a28,0x00000000c9b00000)
 Metaspace       used 62113K, committed 63552K, reserved 1114112K
  class space    used 6247K, committed 6848K, reserved 1048576K
}
Event: 31.267 GC heap after
{Heap after GC invocations=125 (full 3):
 PSYoungGen      total 5120K, used 921K [0x00000000eab00000, 0x00000000eb100000, 0x0000000100000000)
  eden space 4096K, 0% used [0x00000000eab00000,0x00000000eab00000,0x00000000eaf00000)
  from space 1024K, 89% used [0x00000000eb000000,0x00000000eb0e6560,0x00000000eb100000)
  to   space 1024K, 0% used [0x00000000eaf00000,0x00000000eaf00000,0x00000000eb000000)
 ParOldGen       total 159232K, used 159203K [0x00000000c0000000, 0x00000000c9b80000, 0x00000000eab00000)
  object space 159232K, 99% used [0x00000000c0000000,0x00000000c9b78d40,0x00000000c9b80000)
 Metaspace       used 62113K, committed 63552K, reserved 1114112K
  class space    used 6247K, committed 6848K, reserved 1048576K
}
Event: 31.379 GC heap before
{Heap before GC invocations=126 (full 3):
 PSYoungGen      total 5120K, used 5017K [0x00000000eab00000, 0x00000000eb100000, 0x0000000100000000)
  eden space 4096K, 100% used [0x00000000eab00000,0x00000000eaf00000,0x00000000eaf00000)
  from space 1024K, 89% used [0x00000000eb000000,0x00000000eb0e6560,0x00000000eb100000)
  to   space 1024K, 0% used [0x00000000eaf00000,0x00000000eaf00000,0x00000000eb000000)
 ParOldGen       total 159232K, used 159203K [0x00000000c0000000, 0x00000000c9b80000, 0x00000000eab00000)
  object space 159232K, 99% used [0x00000000c0000000,0x00000000c9b78d40,0x00000000c9b80000)
 Metaspace       used 62165K, committed 63552K, reserved 1114112K
  class space    used 6249K, committed 6848K, reserved 1048576K
}
Event: 31.381 GC heap after
{Heap after GC invocations=126 (full 3):
 PSYoungGen      total 5120K, used 576K [0x00000000eab00000, 0x00000000eb100000, 0x0000000100000000)
  eden space 4096K, 0% used [0x00000000eab00000,0x00000000eab00000,0x00000000eaf00000)
  from space 1024K, 56% used [0x00000000eaf00000,0x00000000eaf90000,0x00000000eb000000)
  to   space 1024K, 0% used [0x00000000eb000000,0x00000000eb000000,0x00000000eb100000)
 ParOldGen       total 160256K, used 159984K [0x00000000c0000000, 0x00000000c9c80000, 0x00000000eab00000)
  object space 160256K, 99% used [0x00000000c0000000,0x00000000c9c3c028,0x00000000c9c80000)
 Metaspace       used 62165K, committed 63552K, reserved 1114112K
  class space    used 6249K, committed 6848K, reserved 1048576K
}
Event: 31.408 GC heap before
{Heap before GC invocations=127 (full 3):
 PSYoungGen      total 5120K, used 4672K [0x00000000eab00000, 0x00000000eb100000, 0x0000000100000000)
  eden space 4096K, 100% used [0x00000000eab00000,0x00000000eaf00000,0x00000000eaf00000)
  from space 1024K, 56% used [0x00000000eaf00000,0x00000000eaf90000,0x00000000eb000000)
  to   space 1024K, 0% used [0x00000000eb000000,0x00000000eb000000,0x00000000eb100000)
 ParOldGen       total 160256K, used 159984K [0x00000000c0000000, 0x00000000c9c80000, 0x00000000eab00000)
  object space 160256K, 99% used [0x00000000c0000000,0x00000000c9c3c028,0x00000000c9c80000)
 Metaspace       used 62165K, committed 63552K, reserved 1114112K
  class space    used 6249K, committed 6848K, reserved 1048576K
}
Event: 31.410 GC heap after
{Heap after GC invocations=127 (full 3):
 PSYoungGen      total 5120K, used 704K [0x00000000eab00000, 0x00000000eb100000, 0x0000000100000000)
  eden space 4096K, 0% used [0x00000000eab00000,0x00000000eab00000,0x00000000eaf00000)
  from space 1024K, 68% used [0x00000000eb000000,0x00000000eb0b0000,0x00000000eb100000)
  to   space 1024K, 0% used [0x00000000eaf00000,0x00000000eaf00000,0x00000000eb000000)
 ParOldGen       total 160768K, used 160468K [0x00000000c0000000, 0x00000000c9d00000, 0x00000000eab00000)
  object space 160768K, 99% used [0x00000000c0000000,0x00000000c9cb5348,0x00000000c9d00000)
 Metaspace       used 62165K, committed 63552K, reserved 1114112K
  class space    used 6249K, committed 6848K, reserved 1048576K
}
Event: 31.559 GC heap before
{Heap before GC invocations=128 (full 3):
 PSYoungGen      total 5120K, used 4800K [0x00000000eab00000, 0x00000000eb100000, 0x0000000100000000)
  eden space 4096K, 100% used [0x00000000eab00000,0x00000000eaf00000,0x00000000eaf00000)
  from space 1024K, 68% used [0x00000000eb000000,0x00000000eb0b0000,0x00000000eb100000)
  to   space 1024K, 0% used [0x00000000eaf00000,0x00000000eaf00000,0x00000000eb000000)
 ParOldGen       total 160768K, used 160468K [0x00000000c0000000, 0x00000000c9d00000, 0x00000000eab00000)
  object space 160768K, 99% used [0x00000000c0000000,0x00000000c9cb5348,0x00000000c9d00000)
 Metaspace       used 62167K, committed 63552K, reserved 1114112K
  class space    used 6249K, committed 6848K, reserved 1048576K
}
Event: 31.562 GC heap after
{Heap after GC invocations=128 (full 3):
 PSYoungGen      total 5120K, used 736K [0x00000000eab00000, 0x00000000eb100000, 0x0000000100000000)
  eden space 4096K, 0% used [0x00000000eab00000,0x00000000eab00000,0x00000000eaf00000)
  from space 1024K, 71% used [0x00000000eaf00000,0x00000000eafb8000,0x00000000eb000000)
  to   space 1024K, 0% used [0x00000000eb000000,0x00000000eb000000,0x00000000eb100000)
 ParOldGen       total 161280K, used 161099K [0x00000000c0000000, 0x00000000c9d80000, 0x00000000eab00000)
  object space 161280K, 99% used [0x00000000c0000000,0x00000000c9d52c08,0x00000000c9d80000)
 Metaspace       used 62167K, committed 63552K, reserved 1114112K
  class space    used 6249K, committed 6848K, reserved 1048576K
}
Event: 31.611 GC heap before
{Heap before GC invocations=129 (full 3):
 PSYoungGen      total 5120K, used 4832K [0x00000000eab00000, 0x00000000eb100000, 0x0000000100000000)
  eden space 4096K, 100% used [0x00000000eab00000,0x00000000eaf00000,0x00000000eaf00000)
  from space 1024K, 71% used [0x00000000eaf00000,0x00000000eafb8000,0x00000000eb000000)
  to   space 1024K, 0% used [0x00000000eb000000,0x00000000eb000000,0x00000000eb100000)
 ParOldGen       total 161280K, used 161099K [0x00000000c0000000, 0x00000000c9d80000, 0x00000000eab00000)
  object space 161280K, 99% used [0x00000000c0000000,0x00000000c9d52c08,0x00000000c9d80000)
 Metaspace       used 62193K, committed 63616K, reserved 1114112K
  class space    used 6249K, committed 6848K, reserved 1048576K
}
Event: 31.613 GC heap after
{Heap after GC invocations=129 (full 3):
 PSYoungGen      total 5120K, used 768K [0x00000000eab00000, 0x00000000eb100000, 0x0000000100000000)
  eden space 4096K, 0% used [0x00000000eab00000,0x00000000eab00000,0x00000000eaf00000)
  from space 1024K, 75% used [0x00000000eb000000,0x00000000eb0c0000,0x00000000eb100000)
  to   space 1024K, 0% used [0x00000000eaf00000,0x00000000eaf00000,0x00000000eb000000)
 ParOldGen       total 161792K, used 161758K [0x00000000c0000000, 0x00000000c9e00000, 0x00000000eab00000)
  object space 161792K, 99% used [0x00000000c0000000,0x00000000c9df79e0,0x00000000c9e00000)
 Metaspace       used 62193K, committed 63616K, reserved 1114112K
  class space    used 6249K, committed 6848K, reserved 1048576K
}
Event: 31.637 GC heap before
{Heap before GC invocations=130 (full 3):
 PSYoungGen      total 5120K, used 4864K [0x00000000eab00000, 0x00000000eb100000, 0x0000000100000000)
  eden space 4096K, 100% used [0x00000000eab00000,0x00000000eaf00000,0x00000000eaf00000)
  from space 1024K, 75% used [0x00000000eb000000,0x00000000eb0c0000,0x00000000eb100000)
  to   space 1024K, 0% used [0x00000000eaf00000,0x00000000eaf00000,0x00000000eb000000)
 ParOldGen       total 161792K, used 161758K [0x00000000c0000000, 0x00000000c9e00000, 0x00000000eab00000)
  object space 161792K, 99% used [0x00000000c0000000,0x00000000c9df79e0,0x00000000c9e00000)
 Metaspace       used 62193K, committed 63616K, reserved 1114112K
  class space    used 6249K, committed 6848K, reserved 1048576K
}
Event: 31.640 GC heap after
{Heap after GC invocations=130 (full 3):
 PSYoungGen      total 5120K, used 754K [0x00000000eab00000, 0x00000000eb100000, 0x0000000100000000)
  eden space 4096K, 0% used [0x00000000eab00000,0x00000000eab00000,0x00000000eaf00000)
  from space 1024K, 73% used [0x00000000eaf00000,0x00000000eafbcb20,0x00000000eb000000)
  to   space 1024K, 0% used [0x00000000eb000000,0x00000000eb000000,0x00000000eb100000)
 ParOldGen       total 162816K, used 162467K [0x00000000c0000000, 0x00000000c9f00000, 0x00000000eab00000)
  object space 162816K, 99% used [0x00000000c0000000,0x00000000c9ea8fa0,0x00000000c9f00000)
 Metaspace       used 62193K, committed 63616K, reserved 1114112K
  class space    used 6249K, committed 6848K, reserved 1048576K
}
Event: 31.694 GC heap before
{Heap before GC invocations=131 (full 3):
 PSYoungGen      total 5120K, used 4850K [0x00000000eab00000, 0x00000000eb100000, 0x0000000100000000)
  eden space 4096K, 100% used [0x00000000eab00000,0x00000000eaf00000,0x00000000eaf00000)
  from space 1024K, 73% used [0x00000000eaf00000,0x00000000eafbcb20,0x00000000eb000000)
  to   space 1024K, 0% used [0x00000000eb000000,0x00000000eb000000,0x00000000eb100000)
 ParOldGen       total 162816K, used 162467K [0x00000000c0000000, 0x00000000c9f00000, 0x00000000eab00000)
  object space 162816K, 99% used [0x00000000c0000000,0x00000000c9ea8fa0,0x00000000c9f00000)
 Metaspace       used 62193K, committed 63616K, reserved 1114112K
  class space    used 6249K, committed 6848K, reserved 1048576K
}
Event: 31.696 GC heap after
{Heap after GC invocations=131 (full 3):
 PSYoungGen      total 5120K, used 722K [0x00000000eab00000, 0x00000000eb100000, 0x0000000100000000)
  eden space 4096K, 0% used [0x00000000eab00000,0x00000000eab00000,0x00000000eaf00000)
  from space 1024K, 70% used [0x00000000eb000000,0x00000000eb0b4a38,0x00000000eb100000)
  to   space 1024K, 0% used [0x00000000eaf00000,0x00000000eaf00000,0x00000000eb000000)
 ParOldGen       total 163328K, used 163158K [0x00000000c0000000, 0x00000000c9f80000, 0x00000000eab00000)
  object space 163328K, 99% used [0x00000000c0000000,0x00000000c9f559b8,0x00000000c9f80000)
 Metaspace       used 62193K, committed 63616K, reserved 1114112K
  class space    used 6249K, committed 6848K, reserved 1048576K
}
Event: 31.907 GC heap before
{Heap before GC invocations=132 (full 3):
 PSYoungGen      total 5120K, used 4818K [0x00000000eab00000, 0x00000000eb100000, 0x0000000100000000)
  eden space 4096K, 100% used [0x00000000eab00000,0x00000000eaf00000,0x00000000eaf00000)
  from space 1024K, 70% used [0x00000000eb000000,0x00000000eb0b4a38,0x00000000eb100000)
  to   space 1024K, 0% used [0x00000000eaf00000,0x00000000eaf00000,0x00000000eb000000)
 ParOldGen       total 163328K, used 163158K [0x00000000c0000000, 0x00000000c9f80000, 0x00000000eab00000)
  object space 163328K, 99% used [0x00000000c0000000,0x00000000c9f559b8,0x00000000c9f80000)
 Metaspace       used 62194K, committed 63616K, reserved 1114112K
  class space    used 6249K, committed 6848K, reserved 1048576K
}
Event: 31.909 GC heap after
{Heap after GC invocations=132 (full 3):
 PSYoungGen      total 5120K, used 698K [0x00000000eab00000, 0x00000000eb100000, 0x0000000100000000)
  eden space 4096K, 0% used [0x00000000eab00000,0x00000000eab00000,0x00000000eaf00000)
  from space 1024K, 68% used [0x00000000eaf00000,0x00000000eafaea38,0x00000000eb000000)
  to   space 1024K, 0% used [0x00000000eb000000,0x00000000eb000000,0x00000000eb100000)
 ParOldGen       total 163840K, used 163819K [0x00000000c0000000, 0x00000000ca000000, 0x00000000eab00000)
  object space 163840K, 99% used [0x00000000c0000000,0x00000000c9ffad30,0x00000000ca000000)
 Metaspace       used 62194K, committed 63616K, reserved 1114112K
  class space    used 6249K, committed 6848K, reserved 1048576K
}
Event: 31.989 GC heap before
{Heap before GC invocations=133 (full 3):
 PSYoungGen      total 5120K, used 4794K [0x00000000eab00000, 0x00000000eb100000, 0x0000000100000000)
  eden space 4096K, 100% used [0x00000000eab00000,0x00000000eaf00000,0x00000000eaf00000)
  from space 1024K, 68% used [0x00000000eaf00000,0x00000000eafaea38,0x00000000eb000000)
  to   space 1024K, 0% used [0x00000000eb000000,0x00000000eb000000,0x00000000eb100000)
 ParOldGen       total 163840K, used 163819K [0x00000000c0000000, 0x00000000ca000000, 0x00000000eab00000)
  object space 163840K, 99% used [0x00000000c0000000,0x00000000c9ffad30,0x00000000ca000000)
 Metaspace       used 62235K, committed 63744K, reserved 1114112K
  class space    used 6258K, committed 6848K, reserved 1048576K
}
Event: 31.991 GC heap after
{Heap after GC invocations=133 (full 3):
 PSYoungGen      total 5120K, used 684K [0x00000000eab00000, 0x00000000eb100000, 0x0000000100000000)
  eden space 4096K, 0% used [0x00000000eab00000,0x00000000eab00000,0x00000000eaf00000)
  from space 1024K, 66% used [0x00000000eb000000,0x00000000eb0ab3b0,0x00000000eb100000)
  to   space 1024K, 0% used [0x00000000eaf00000,0x00000000eaf00000,0x00000000eb000000)
 ParOldGen       total 164864K, used 164429K [0x00000000c0000000, 0x00000000ca100000, 0x00000000eab00000)
  object space 164864K, 99% used [0x00000000c0000000,0x00000000ca093798,0x00000000ca100000)
 Metaspace       used 62235K, committed 63744K, reserved 1114112K
  class space    used 6258K, committed 6848K, reserved 1048576K
}
Event: 32.015 GC heap before
{Heap before GC invocations=134 (full 3):
 PSYoungGen      total 5120K, used 4780K [0x00000000eab00000, 0x00000000eb100000, 0x0000000100000000)
  eden space 4096K, 100% used [0x00000000eab00000,0x00000000eaf00000,0x00000000eaf00000)
  from space 1024K, 66% used [0x00000000eb000000,0x00000000eb0ab3b0,0x00000000eb100000)
  to   space 1024K, 0% used [0x00000000eaf00000,0x00000000eaf00000,0x00000000eb000000)
 ParOldGen       total 164864K, used 164429K [0x00000000c0000000, 0x00000000ca100000, 0x00000000eab00000)
  object space 164864K, 99% used [0x00000000c0000000,0x00000000ca093798,0x00000000ca100000)
 Metaspace       used 62354K, committed 63808K, reserved 1114112K
  class space    used 6271K, committed 6848K, reserved 1048576K
}
Event: 32.017 GC heap after
{Heap after GC invocations=134 (full 3):
 PSYoungGen      total 5120K, used 717K [0x00000000eab00000, 0x00000000eb100000, 0x0000000100000000)
  eden space 4096K, 0% used [0x00000000eab00000,0x00000000eab00000,0x00000000eaf00000)
  from space 1024K, 70% used [0x00000000eaf00000,0x00000000eafb3490,0x00000000eb000000)
  to   space 1024K, 0% used [0x00000000eb000000,0x00000000eb000000,0x00000000eb100000)
 ParOldGen       total 165376K, used 165045K [0x00000000c0000000, 0x00000000ca180000, 0x00000000eab00000)
  object space 165376K, 99% used [0x00000000c0000000,0x00000000ca12d628,0x00000000ca180000)
 Metaspace       used 62354K, committed 63808K, reserved 1114112K
  class space    used 6271K, committed 6848K, reserved 1048576K
}

Dll operation events (10 events):
Event: 0.030 Loaded shared library c:\Users\hp\.vscode\extensions\redhat.java-1.42.0-win32-x64\jre\21.0.7-win32-x86_64\bin\java.dll
Event: 0.157 Loaded shared library c:\Users\hp\.vscode\extensions\redhat.java-1.42.0-win32-x64\jre\21.0.7-win32-x86_64\bin\zip.dll
Event: 0.199 Loaded shared library C:\Users\hp\.vscode\extensions\redhat.java-1.42.0-win32-x64\jre\21.0.7-win32-x86_64\bin\instrument.dll
Event: 0.207 Loaded shared library C:\Users\hp\.vscode\extensions\redhat.java-1.42.0-win32-x64\jre\21.0.7-win32-x86_64\bin\net.dll
Event: 0.213 Loaded shared library C:\Users\hp\.vscode\extensions\redhat.java-1.42.0-win32-x64\jre\21.0.7-win32-x86_64\bin\nio.dll
Event: 0.218 Loaded shared library C:\Users\hp\.vscode\extensions\redhat.java-1.42.0-win32-x64\jre\21.0.7-win32-x86_64\bin\zip.dll
Event: 0.249 Loaded shared library C:\Users\hp\.vscode\extensions\redhat.java-1.42.0-win32-x64\jre\21.0.7-win32-x86_64\bin\jimage.dll
Event: 0.369 Loaded shared library c:\Users\hp\.vscode\extensions\redhat.java-1.42.0-win32-x64\jre\21.0.7-win32-x86_64\bin\verify.dll
Event: 2.953 Loaded shared library C:\Users\hp\AppData\Roaming\Code\User\globalStorage\redhat.java\1.42.0\config_win\org.eclipse.equinox.launcher\org.eclipse.equinox.launcher.win32.win32.x86_64_1.2.1300.v20250331-1702\eclipse_11911.dll
Event: 6.456 Loaded shared library C:\Users\hp\AppData\Local\Temp\jna-3336\jna16267369957176121028.dll

Deoptimization events (20 events):
Event: 31.347 Thread 0x000001e8ed842f20 DEOPT PACKING pc=0x000001e89b408c40 sp=0x0000004536cfd820
Event: 31.347 Thread 0x000001e8ed842f20 DEOPT UNPACKING pc=0x000001e89a8b3aa2 sp=0x0000004536cfd738 mode 2
Event: 31.348 Thread 0x000001e8ed842f20 Uncommon trap: trap_request=0xffffff45 fr.pc=0x000001e89b235840 relative=0x0000000000000120
Event: 31.348 Thread 0x000001e8ed842f20 Uncommon trap: reason=unstable_if action=reinterpret pc=0x000001e89b235840 method=java.util.ArrayDeque.addFirst(Ljava/lang/Object;)V @ 42 c2
Event: 31.348 Thread 0x000001e8ed842f20 DEOPT PACKING pc=0x000001e89b235840 sp=0x0000004536cfd7a0
Event: 31.348 Thread 0x000001e8ed842f20 DEOPT UNPACKING pc=0x000001e89a8b3aa2 sp=0x0000004536cfd730 mode 2
Event: 31.932 Thread 0x000001e8eb336e60 DEOPT PACKING pc=0x000001e8941d97b6 sp=0x0000004535cfe680
Event: 31.932 Thread 0x000001e8eb336e60 DEOPT UNPACKING pc=0x000001e89a8b4242 sp=0x0000004535cfdb88 mode 0
Event: 31.978 Thread 0x000001e8ed842f20 Uncommon trap: trap_request=0xffffffde fr.pc=0x000001e89b4c1dcc relative=0x000000000000052c
Event: 31.978 Thread 0x000001e8ed842f20 Uncommon trap: reason=class_check action=maybe_recompile pc=0x000001e89b4c1dcc method=org.eclipse.sisu.inject.LazyBeanEntry.getValue()Ljava/lang/Object; @ 4 c2
Event: 31.978 Thread 0x000001e8ed842f20 DEOPT PACKING pc=0x000001e89b4c1dcc sp=0x0000004536cfe6f0
Event: 31.978 Thread 0x000001e8ed842f20 DEOPT UNPACKING pc=0x000001e89a8b3aa2 sp=0x0000004536cfe6d0 mode 2
Event: 31.982 Thread 0x000001e8ed842f20 Uncommon trap: trap_request=0xffffffc6 fr.pc=0x000001e89b46deac relative=0x000000000000008c
Event: 31.982 Thread 0x000001e8ed842f20 Uncommon trap: reason=bimorphic_or_optimized_type_check action=maybe_recompile pc=0x000001e89b46deac method=java.util.Collections$UnmodifiableMap$UnmodifiableEntrySet$1.hasNext()Z @ 4 c2
Event: 31.982 Thread 0x000001e8ed842f20 DEOPT PACKING pc=0x000001e89b46deac sp=0x0000004536cfe9f0
Event: 31.982 Thread 0x000001e8ed842f20 DEOPT UNPACKING pc=0x000001e89a8b3aa2 sp=0x0000004536cfe978 mode 2
Event: 31.984 Thread 0x000001e8ed842f20 Uncommon trap: trap_request=0xffffffde fr.pc=0x000001e89b4c1dcc relative=0x000000000000052c
Event: 31.984 Thread 0x000001e8ed842f20 Uncommon trap: reason=class_check action=maybe_recompile pc=0x000001e89b4c1dcc method=org.eclipse.sisu.inject.LazyBeanEntry.getValue()Ljava/lang/Object; @ 4 c2
Event: 31.984 Thread 0x000001e8ed842f20 DEOPT PACKING pc=0x000001e89b4c1dcc sp=0x0000004536cfe860
Event: 31.984 Thread 0x000001e8ed842f20 DEOPT UNPACKING pc=0x000001e89a8b3aa2 sp=0x0000004536cfe840 mode 2

Classes loaded (20 events):
Event: 18.761 Loading class java/util/stream/ReferencePipeline$4
Event: 18.761 Loading class java/util/stream/ReferencePipeline$4 done
Event: 18.762 Loading class java/util/stream/Nodes$IntFixedNodeBuilder
Event: 18.762 Loading class java/util/stream/Node$Builder$OfInt
Event: 18.762 Loading class java/util/stream/Node$Builder$OfInt done
Event: 18.762 Loading class java/util/stream/Nodes$IntArrayNode
Event: 18.762 Loading class java/util/stream/Nodes$IntArrayNode done
Event: 18.762 Loading class java/util/stream/Nodes$IntFixedNodeBuilder done
Event: 18.762 Loading class java/util/stream/ReferencePipeline$4$1
Event: 18.762 Loading class java/util/stream/ReferencePipeline$4$1 done
Event: 26.172 Loading class jdk/internal/module/IllegalAccessLogger
Event: 26.172 Loading class jdk/internal/module/IllegalAccessLogger done
Event: 30.760 Loading class sun/nio/cs/ISO_8859_1$Decoder
Event: 30.761 Loading class sun/nio/cs/ISO_8859_1$Decoder done
Event: 31.979 Loading class java/util/stream/DistinctOps
Event: 31.979 Loading class java/util/stream/DistinctOps done
Event: 31.979 Loading class java/util/stream/DistinctOps$1
Event: 31.979 Loading class java/util/stream/DistinctOps$1 done
Event: 31.982 Loading class java/util/stream/DistinctOps$1$2
Event: 31.982 Loading class java/util/stream/DistinctOps$1$2 done

Classes unloaded (7 events):
Event: 7.458 Thread 0x000001e8a446f840 Unloading class 0x000001e8a61a4c00 'java/lang/invoke/LambdaForm$MH+0x000001e8a61a4c00'
Event: 7.458 Thread 0x000001e8a446f840 Unloading class 0x000001e8a61a4800 'java/lang/invoke/LambdaForm$MH+0x000001e8a61a4800'
Event: 7.458 Thread 0x000001e8a446f840 Unloading class 0x000001e8a61a4400 'java/lang/invoke/LambdaForm$MH+0x000001e8a61a4400'
Event: 7.458 Thread 0x000001e8a446f840 Unloading class 0x000001e8a61a4000 'java/lang/invoke/LambdaForm$MH+0x000001e8a61a4000'
Event: 7.458 Thread 0x000001e8a446f840 Unloading class 0x000001e8a61a3c00 'java/lang/invoke/LambdaForm$BMH+0x000001e8a61a3c00'
Event: 7.458 Thread 0x000001e8a446f840 Unloading class 0x000001e8a61a3800 'java/lang/invoke/LambdaForm$DMH+0x000001e8a61a3800'
Event: 7.458 Thread 0x000001e8a446f840 Unloading class 0x000001e8a61a2400 'java/lang/invoke/LambdaForm$DMH+0x000001e8a61a2400'

Classes redefined (0 events):
No events

Internal exceptions (20 events):
Event: 18.639 Thread 0x000001e8eb3367d0 Exception <a 'java/lang/NoSuchMethodError'{0x00000000eaffaf70}: 'void java.lang.invoke.DirectMethodHandle$Holder.invokeStatic(java.lang.Object, int, java.lang.Object)'> (0x00000000eaffaf70) 
thrown [s\src\hotspot\share\interpreter\linkResolver.cpp, line 773]
Event: 18.745 Thread 0x000001e8ed842f20 Exception <a 'java/lang/NoSuchMethodError'{0x00000000eabf22f0}: 'java.lang.Object java.lang.invoke.DirectMethodHandle$Holder.newInvokeSpecial(java.lang.Object, java.lang.Object, int, int, java.lang.Object)'> (0x00000000eabf22f0) 
thrown [s\src\hotspot\share\interpreter\linkResolver.cpp, line 773]
Event: 18.986 Thread 0x000001e8eb3367d0 Exception <a 'java/lang/NoSuchMethodError'{0x00000000ead1f768}: 'java.lang.Object java.lang.invoke.DirectMethodHandle$Holder.newInvokeSpecial(java.lang.Object, java.lang.Object, java.lang.Object, java.lang.Object, int)'> (0x00000000ead1f768) 
thrown [s\src\hotspot\share\interpreter\linkResolver.cpp, line 773]
Event: 18.987 Thread 0x000001e8eb3367d0 Exception <a 'java/lang/NoSuchMethodError'{0x00000000ead42608}: 'java.lang.Object java.lang.invoke.DirectMethodHandle$Holder.invokeSpecial(java.lang.Object, java.lang.Object, java.lang.Object, java.lang.Object, java.lang.Object, int)'> (0x00000000ead42608) 
thrown [s\src\hotspot\share\interpreter\linkResolver.cpp, line 773]
Event: 18.988 Thread 0x000001e8eb3367d0 Exception <a 'java/lang/NoSuchMethodError'{0x00000000ead46348}: 'java.lang.Object java.lang.invoke.Invokers$Holder.linkToTargetMethod(java.lang.Object, java.lang.Object, java.lang.Object, int, java.lang.Object)'> (0x00000000ead46348) 
thrown [s\src\hotspot\share\interpreter\linkResolver.cpp, line 773]
Event: 23.118 Thread 0x000001e8eb3367d0 Exception <a 'java/lang/NoSuchMethodError'{0x00000000eac6e7e0}: 'void java.lang.invoke.DirectMethodHandle$Holder.invokeVirtual(java.lang.Object, java.lang.Object, java.lang.Object, java.lang.Object, java.lang.Object)'> (0x00000000eac6e7e0) 
thrown [s\src\hotspot\share\interpreter\linkResolver.cpp, line 773]
Event: 23.817 Thread 0x000001e8ed842f20 Exception <a 'sun/nio/fs/WindowsException'{0x00000000eb2a4a08}> (0x00000000eb2a4a08) 
thrown [s\src\hotspot\share\prims\jni.cpp, line 520]
Event: 23.819 Thread 0x000001e8ed844ff0 Exception <a 'sun/nio/fs/WindowsException'{0x00000000eb2a63e8}> (0x00000000eb2a63e8) 
thrown [s\src\hotspot\share\prims\jni.cpp, line 520]
Event: 23.819 Thread 0x000001e8ed8435b0 Exception <a 'sun/nio/fs/WindowsException'{0x00000000eb2ab7e0}> (0x00000000eb2ab7e0) 
thrown [s\src\hotspot\share\prims\jni.cpp, line 520]
Event: 24.376 Thread 0x000001e8eb336e60 Implicit null exception at 0x000001e89b2e49db to 0x000001e89b2ea844
Event: 26.366 Thread 0x000001e8ed842f20 Exception <a 'sun/nio/fs/WindowsException'{0x00000000eaff2848}> (0x00000000eaff2848) 
thrown [s\src\hotspot\share\prims\jni.cpp, line 520]
Event: 26.366 Thread 0x000001e8ed842f20 Exception <a 'sun/nio/fs/WindowsException'{0x00000000eaff3088}> (0x00000000eaff3088) 
thrown [s\src\hotspot\share\prims\jni.cpp, line 520]
Event: 27.472 Thread 0x000001e8ed842f20 Exception <a 'java/lang/NoSuchMethodError'{0x00000000eae4b138}: 'void java.lang.invoke.DirectMethodHandle$Holder.invokeStatic(java.lang.Object, java.lang.Object, java.lang.Object, int)'> (0x00000000eae4b138) 
thrown [s\src\hotspot\share\interpreter\linkResolver.cpp, line 773]
Event: 27.489 Thread 0x000001e8ed842f20 Exception <a 'java/lang/NoSuchMethodError'{0x00000000eaed5740}: 'void java.lang.invoke.DirectMethodHandle$Holder.invokeVirtual(java.lang.Object, java.lang.Object, int)'> (0x00000000eaed5740) 
thrown [s\src\hotspot\share\interpreter\linkResolver.cpp, line 773]
Event: 29.889 Thread 0x000001e8ed842f20 Exception <a 'java/lang/NoSuchMethodError'{0x00000000eab931b8}: 'void java.lang.invoke.DirectMethodHandle$Holder.invokeInterface(java.lang.Object, java.lang.Object)'> (0x00000000eab931b8) 
thrown [s\src\hotspot\share\interpreter\linkResolver.cpp, line 773]
Event: 29.985 Thread 0x000001e8eeb76b90 Implicit null exception at 0x000001e89b4296b7 to 0x000001e89b429b9c
Event: 29.988 Thread 0x000001e8eeb757e0 Implicit null exception at 0x000001e89b3cbec0 to 0x000001e89b3cc428
Event: 31.984 Thread 0x000001e8ed842f20 Exception <a 'java/lang/NoSuchMethodError'{0x00000000eaea97d8}: 'java.lang.Object java.lang.invoke.DirectMethodHandle$Holder.newInvokeSpecial(java.lang.Object, java.lang.Object, int, java.lang.Object, java.lang.Object)'> (0x00000000eaea97d8) 
thrown [s\src\hotspot\share\interpreter\linkResolver.cpp, line 773]
Event: 31.994 Thread 0x000001e8ed842f20 Exception <a 'java/lang/NoSuchMethodError'{0x00000000eab71260}: 'java.lang.Object java.lang.invoke.DirectMethodHandle$Holder.invokeSpecial(java.lang.Object, java.lang.Object, java.lang.Object, int, java.lang.Object, java.lang.Object, java.lang.Object)'> (0x00000000eab71260) 
thrown [s\src\hotspot\share\interpreter\linkResolver.cpp, line 773]
Event: 32.037 Thread 0x000001e8ed842f20 Exception <a 'java/lang/NoSuchMethodError'{0x00000000eae03480}: 'java.lang.Object java.lang.invoke.DirectMethodHandle$Holder.invokeStatic(java.lang.Object, java.lang.Object, int, java.lang.Object, java.lang.Object)'> (0x00000000eae03480) 
thrown [s\src\hotspot\share\interpreter\linkResolver.cpp, line 773]

ZGC Phase Switch (0 events):
No events

VM Operations (20 events):
Event: 31.381 Executing VM operation: ParallelGCFailedAllocation (Allocation Failure) done
Event: 31.408 Executing VM operation: ParallelGCFailedAllocation (Allocation Failure)
Event: 31.410 Executing VM operation: ParallelGCFailedAllocation (Allocation Failure) done
Event: 31.559 Executing VM operation: ParallelGCFailedAllocation (Allocation Failure)
Event: 31.562 Executing VM operation: ParallelGCFailedAllocation (Allocation Failure) done
Event: 31.611 Executing VM operation: ParallelGCFailedAllocation (Allocation Failure)
Event: 31.613 Executing VM operation: ParallelGCFailedAllocation (Allocation Failure) done
Event: 31.637 Executing VM operation: ParallelGCFailedAllocation (Allocation Failure)
Event: 31.640 Executing VM operation: ParallelGCFailedAllocation (Allocation Failure) done
Event: 31.694 Executing VM operation: ParallelGCFailedAllocation (Allocation Failure)
Event: 31.696 Executing VM operation: ParallelGCFailedAllocation (Allocation Failure) done
Event: 31.906 Executing VM operation: ParallelGCFailedAllocation (Allocation Failure)
Event: 31.909 Executing VM operation: ParallelGCFailedAllocation (Allocation Failure) done
Event: 31.981 Executing VM operation: HandshakeAllThreads (Deoptimize)
Event: 31.982 Executing VM operation: HandshakeAllThreads (Deoptimize) done
Event: 31.989 Executing VM operation: ParallelGCFailedAllocation (Allocation Failure)
Event: 31.991 Executing VM operation: ParallelGCFailedAllocation (Allocation Failure) done
Event: 32.015 Executing VM operation: ParallelGCFailedAllocation (Allocation Failure)
Event: 32.017 Executing VM operation: ParallelGCFailedAllocation (Allocation Failure) done
Event: 33.025 Executing VM operation: Cleanup

Memory protections (0 events):
No events

Nmethod flushes (20 events):
Event: 21.363 Thread 0x000001e8a446f840 flushing  nmethod 0x000001e893c8fb90
Event: 21.363 Thread 0x000001e8a446f840 flushing  nmethod 0x000001e893c91d10
Event: 21.363 Thread 0x000001e8a446f840 flushing  nmethod 0x000001e893c99090
Event: 21.363 Thread 0x000001e8a446f840 flushing  nmethod 0x000001e893c99510
Event: 21.363 Thread 0x000001e8a446f840 flushing  nmethod 0x000001e893cd6190
Event: 21.363 Thread 0x000001e8a446f840 flushing  nmethod 0x000001e893cd6490
Event: 21.363 Thread 0x000001e8a446f840 flushing  nmethod 0x000001e893cd7b90
Event: 21.363 Thread 0x000001e8a446f840 flushing  nmethod 0x000001e893cf9a90
Event: 21.363 Thread 0x000001e8a446f840 flushing  nmethod 0x000001e893cfba90
Event: 21.363 Thread 0x000001e8a446f840 flushing  nmethod 0x000001e893cfc090
Event: 21.363 Thread 0x000001e8a446f840 flushing  nmethod 0x000001e893cfcf10
Event: 21.363 Thread 0x000001e8a446f840 flushing  nmethod 0x000001e893cfe710
Event: 21.363 Thread 0x000001e8a446f840 flushing  nmethod 0x000001e893d00390
Event: 21.363 Thread 0x000001e8a446f840 flushing  nmethod 0x000001e893d2c290
Event: 21.363 Thread 0x000001e8a446f840 flushing  nmethod 0x000001e893d38e90
Event: 21.363 Thread 0x000001e8a446f840 flushing  nmethod 0x000001e893d3f110
Event: 21.363 Thread 0x000001e8a446f840 flushing  nmethod 0x000001e893d68410
Event: 21.363 Thread 0x000001e8a446f840 flushing  nmethod 0x000001e893d7a710
Event: 21.363 Thread 0x000001e8a446f840 flushing  nmethod 0x000001e893da8690
Event: 21.363 Thread 0x000001e8a446f840 flushing  nmethod 0x000001e893db3890

Events (20 events):
Event: 15.132 Thread 0x000001e8ed842f20 Thread added: 0x000001e8ed845680
Event: 15.132 Thread 0x000001e8ed842f20 Thread added: 0x000001e8ed8442d0
Event: 18.561 Thread 0x000001e8ed842f20 Thread added: 0x000001e8eb3367d0
Event: 18.746 Thread 0x000001e8ed842f20 Thread added: 0x000001e8eeb73710
Event: 18.752 Thread 0x000001e8ed842f20 Thread added: 0x000001e8eeb74ac0
Event: 20.781 Thread 0x000001e8a44a7810 Thread added: 0x000001e8ecdac8f0
Event: 27.278 Thread 0x000001e8ecdac8f0 Thread exited: 0x000001e8ecdac8f0
Event: 27.637 Thread 0x000001e8a44a7810 Thread added: 0x000001e8ef582240
Event: 29.165 Thread 0x000001e8ef582240 Thread exited: 0x000001e8ef582240
Event: 29.660 Thread 0x000001e8a44a7810 Thread added: 0x000001e8f2d9e0b0
Event: 29.910 Thread 0x000001e8ed842f20 Thread added: 0x000001e8eeb73080
Event: 29.910 Thread 0x000001e8ed842f20 Thread added: 0x000001e8eeb757e0
Event: 29.910 Thread 0x000001e8ed842f20 Thread added: 0x000001e8eeb75e70
Event: 29.911 Thread 0x000001e8ed842f20 Thread added: 0x000001e8eeb77220
Event: 29.911 Thread 0x000001e8ed842f20 Thread added: 0x000001e8eeb76b90
Event: 31.277 Thread 0x000001e8eeb77220 Thread exited: 0x000001e8eeb77220
Event: 31.278 Thread 0x000001e8eeb75e70 Thread exited: 0x000001e8eeb75e70
Event: 31.278 Thread 0x000001e8eeb757e0 Thread exited: 0x000001e8eeb757e0
Event: 31.278 Thread 0x000001e8eeb76b90 Thread exited: 0x000001e8eeb76b90
Event: 31.278 Thread 0x000001e8eeb73080 Thread exited: 0x000001e8eeb73080


Dynamic libraries:
0x00007ff6cf800000 - 0x00007ff6cf80e000 	c:\Users\hp\.vscode\extensions\redhat.java-1.42.0-win32-x64\jre\21.0.7-win32-x86_64\bin\java.exe
0x00007ff8c9060000 - 0x00007ff8c92c6000 	C:\WINDOWS\SYSTEM32\ntdll.dll
0x00007ff8bff90000 - 0x00007ff8bffab000 	C:\Program Files\Avast Software\Avast\aswhook.dll
0x00007ff8c8400000 - 0x00007ff8c84c9000 	C:\WINDOWS\System32\KERNEL32.DLL
0x00007ff8c6530000 - 0x00007ff8c68fc000 	C:\WINDOWS\System32\KERNELBASE.dll
0x00007ff8c3270000 - 0x00007ff8c330e000 	C:\WINDOWS\SYSTEM32\apphelp.dll
0x00007ff8c6b50000 - 0x00007ff8c6c9b000 	C:\WINDOWS\System32\ucrtbase.dll
0x00007ff8a3d50000 - 0x00007ff8a3d68000 	c:\Users\hp\.vscode\extensions\redhat.java-1.42.0-win32-x64\jre\21.0.7-win32-x86_64\bin\jli.dll
0x00007ff8a35e0000 - 0x00007ff8a35fe000 	c:\Users\hp\.vscode\extensions\redhat.java-1.42.0-win32-x64\jre\21.0.7-win32-x86_64\bin\VCRUNTIME140.dll
0x00007ff8c6ed0000 - 0x00007ff8c709a000 	C:\WINDOWS\System32\USER32.dll
0x00007ff8c6b20000 - 0x00007ff8c6b47000 	C:\WINDOWS\System32\win32u.dll
0x00007ff8c84d0000 - 0x00007ff8c84fb000 	C:\WINDOWS\System32\GDI32.dll
0x00007ff8afb00000 - 0x00007ff8afd9a000 	C:\WINDOWS\WinSxS\amd64_microsoft.windows.common-controls_6595b64144ccf1df_6.0.26100.3912_none_3e07963ce335137e\COMCTL32.dll
0x00007ff8c6280000 - 0x00007ff8c63b2000 	C:\WINDOWS\System32\gdi32full.dll
0x00007ff8c7a70000 - 0x00007ff8c7b19000 	C:\WINDOWS\System32\msvcrt.dll
0x00007ff8c6480000 - 0x00007ff8c6523000 	C:\WINDOWS\System32\msvcp_win.dll
0x00007ff8c80f0000 - 0x00007ff8c8120000 	C:\WINDOWS\System32\IMM32.DLL
0x00007ff8ae860000 - 0x00007ff8ae86c000 	c:\Users\hp\.vscode\extensions\redhat.java-1.42.0-win32-x64\jre\21.0.7-win32-x86_64\bin\vcruntime140_1.dll
0x00007ff883aa0000 - 0x00007ff883b2d000 	c:\Users\hp\.vscode\extensions\redhat.java-1.42.0-win32-x64\jre\21.0.7-win32-x86_64\bin\msvcp140.dll
0x00007ff82b410000 - 0x00007ff82c1a0000 	c:\Users\hp\.vscode\extensions\redhat.java-1.42.0-win32-x64\jre\21.0.7-win32-x86_64\bin\server\jvm.dll
0x00007ff8c8750000 - 0x00007ff8c8802000 	C:\WINDOWS\System32\ADVAPI32.dll
0x00007ff8c6e20000 - 0x00007ff8c6ec6000 	C:\WINDOWS\System32\sechost.dll
0x00007ff8c7b40000 - 0x00007ff8c7c56000 	C:\WINDOWS\System32\RPCRT4.dll
0x00007ff8c8fa0000 - 0x00007ff8c9014000 	C:\WINDOWS\System32\WS2_32.dll
0x00007ff8bdfe0000 - 0x00007ff8be016000 	C:\WINDOWS\SYSTEM32\WINMM.dll
0x00007ff8c6060000 - 0x00007ff8c60be000 	C:\WINDOWS\SYSTEM32\POWRPROF.dll
0x00007ff8be750000 - 0x00007ff8be75b000 	C:\WINDOWS\SYSTEM32\VERSION.dll
0x00007ff8c6040000 - 0x00007ff8c6054000 	C:\WINDOWS\SYSTEM32\UMPDC.dll
0x00007ff8c4fb0000 - 0x00007ff8c4fca000 	C:\WINDOWS\SYSTEM32\kernel.appcore.dll
0x00007ff8ae010000 - 0x00007ff8ae01a000 	c:\Users\hp\.vscode\extensions\redhat.java-1.42.0-win32-x64\jre\21.0.7-win32-x86_64\bin\jimage.dll
0x00007ff8bb120000 - 0x00007ff8bb361000 	C:\WINDOWS\SYSTEM32\DBGHELP.DLL
0x00007ff8c70a0000 - 0x00007ff8c7424000 	C:\WINDOWS\System32\combase.dll
0x00007ff8c7810000 - 0x00007ff8c78f0000 	C:\WINDOWS\System32\OLEAUT32.dll
0x00007ff8b9bd0000 - 0x00007ff8b9c09000 	C:\WINDOWS\SYSTEM32\dbgcore.DLL
0x00007ff8c6a80000 - 0x00007ff8c6b19000 	C:\WINDOWS\System32\bcryptPrimitives.dll
0x00007ff8adcd0000 - 0x00007ff8adcdf000 	c:\Users\hp\.vscode\extensions\redhat.java-1.42.0-win32-x64\jre\21.0.7-win32-x86_64\bin\instrument.dll
0x00007ff8a2490000 - 0x00007ff8a24af000 	c:\Users\hp\.vscode\extensions\redhat.java-1.42.0-win32-x64\jre\21.0.7-win32-x86_64\bin\java.dll
0x00007ff8c8870000 - 0x00007ff8c8f9d000 	C:\WINDOWS\System32\SHELL32.dll
0x00007ff8c6900000 - 0x00007ff8c6a74000 	C:\WINDOWS\System32\wintypes.dll
0x00007ff8c3ea0000 - 0x00007ff8c46f6000 	C:\WINDOWS\SYSTEM32\windows.storage.dll
0x00007ff8c7680000 - 0x00007ff8c776f000 	C:\WINDOWS\System32\SHCORE.dll
0x00007ff8c8310000 - 0x00007ff8c8379000 	C:\WINDOWS\System32\shlwapi.dll
0x00007ff8c6100000 - 0x00007ff8c612f000 	C:\WINDOWS\SYSTEM32\profapi.dll
0x00007ff89eef0000 - 0x00007ff89ef08000 	c:\Users\hp\.vscode\extensions\redhat.java-1.42.0-win32-x64\jre\21.0.7-win32-x86_64\bin\zip.dll
0x00007ff8ad820000 - 0x00007ff8ad830000 	C:\Users\hp\.vscode\extensions\redhat.java-1.42.0-win32-x64\jre\21.0.7-win32-x86_64\bin\net.dll
0x00007ff8be1e0000 - 0x00007ff8be2fe000 	C:\WINDOWS\SYSTEM32\WINHTTP.dll
0x00007ff8c5520000 - 0x00007ff8c558a000 	C:\WINDOWS\system32\mswsock.dll
0x00007ff89e960000 - 0x00007ff89e976000 	C:\Users\hp\.vscode\extensions\redhat.java-1.42.0-win32-x64\jre\21.0.7-win32-x86_64\bin\nio.dll
0x00007ff8ac880000 - 0x00007ff8ac890000 	c:\Users\hp\.vscode\extensions\redhat.java-1.42.0-win32-x64\jre\21.0.7-win32-x86_64\bin\verify.dll
0x00007ff8930d0000 - 0x00007ff893115000 	C:\Users\hp\AppData\Roaming\Code\User\globalStorage\redhat.java\1.42.0\config_win\org.eclipse.equinox.launcher\org.eclipse.equinox.launcher.win32.win32.x86_64_1.2.1300.v20250331-1702\eclipse_11911.dll
0x00007ff8c8130000 - 0x00007ff8c82cf000 	C:\WINDOWS\System32\ole32.dll
0x00007ff8c57c0000 - 0x00007ff8c57dc000 	C:\WINDOWS\SYSTEM32\CRYPTSP.dll
0x00007ff8c4f10000 - 0x00007ff8c4f4a000 	C:\WINDOWS\system32\rsaenh.dll
0x00007ff8c55c0000 - 0x00007ff8c55eb000 	C:\WINDOWS\SYSTEM32\USERENV.dll
0x00007ff8c60d0000 - 0x00007ff8c60f6000 	C:\WINDOWS\SYSTEM32\bcrypt.dll
0x00007ff8c57e0000 - 0x00007ff8c57ec000 	C:\WINDOWS\SYSTEM32\CRYPTBASE.dll
0x00007ff8c49f0000 - 0x00007ff8c4a23000 	C:\WINDOWS\SYSTEM32\IPHLPAPI.DLL
0x00007ff8c8500000 - 0x00007ff8c850a000 	C:\WINDOWS\System32\NSI.dll
0x00007ff88a220000 - 0x00007ff88a269000 	C:\Users\hp\AppData\Local\Temp\jna-3336\jna16267369957176121028.dll
0x00007ff8c8860000 - 0x00007ff8c8868000 	C:\WINDOWS\System32\PSAPI.DLL
0x00007ff8be720000 - 0x00007ff8be73f000 	C:\WINDOWS\SYSTEM32\dhcpcsvc6.DLL
0x00007ff8bdf00000 - 0x00007ff8bdf25000 	C:\WINDOWS\SYSTEM32\dhcpcsvc.DLL

dbghelp: loaded successfully - version: 4.0.5 - missing functions: none
symbol engine: initialized successfully - sym options: 0x614 - pdb path: .;c:\Users\hp\.vscode\extensions\redhat.java-1.42.0-win32-x64\jre\21.0.7-win32-x86_64\bin;C:\WINDOWS\SYSTEM32;C:\Program Files\Avast Software\Avast;C:\WINDOWS\WinSxS\amd64_microsoft.windows.common-controls_6595b64144ccf1df_6.0.26100.3912_none_3e07963ce335137e;c:\Users\hp\.vscode\extensions\redhat.java-1.42.0-win32-x64\jre\21.0.7-win32-x86_64\bin\server;C:\Users\hp\AppData\Roaming\Code\User\globalStorage\redhat.java\1.42.0\config_win\org.eclipse.equinox.launcher\org.eclipse.equinox.launcher.win32.win32.x86_64_1.2.1300.v20250331-1702;C:\Users\hp\AppData\Local\Temp\jna-3336

VM Arguments:
jvm_args: --add-modules=ALL-SYSTEM --add-opens=java.base/java.util=ALL-UNNAMED --add-opens=java.base/java.lang=ALL-UNNAMED --add-opens=java.base/sun.nio.fs=ALL-UNNAMED -Declipse.application=org.eclipse.jdt.ls.core.id1 -Dosgi.bundles.defaultStartLevel=4 -Declipse.product=org.eclipse.jdt.ls.core.product -Djava.import.generatesMetadataFilesAtProjectRoot=false -DDetectVMInstallationsJob.disabled=true -Dfile.encoding=utf8 -XX:+UseParallelGC -XX:GCTimeRatio=4 -XX:AdaptiveSizePolicyWeight=90 -Dsun.zip.disableMemoryMapping=true -Xmx1G -Xms100m -Xlog:disable -javaagent:c:\Users\hp\.vscode\extensions\redhat.java-1.42.0-win32-x64\lombok\lombok-1.18.36.jar -XX:+HeapDumpOnOutOfMemoryError -XX:HeapDumpPath=c:\Users\hp\AppData\Roaming\Code\User\workspaceStorage\686d534e6fb2cae4641b8e729c16d550\redhat.java -Daether.dependencyCollector.impl=bf 
java_command: c:\Users\hp\.vscode\extensions\redhat.java-1.42.0-win32-x64\server\plugins\org.eclipse.equinox.launcher_1.7.0.v20250424-1814.jar -configuration c:\Users\hp\AppData\Roaming\Code\User\globalStorage\redhat.java\1.42.0\config_win -data c:\Users\hp\AppData\Roaming\Code\User\workspaceStorage\686d534e6fb2cae4641b8e729c16d550\redhat.java\jdt_ws --pipe=\\.\pipe\lsp-70007c23501bb49c6b4be4cecdeb2f23-sock
java_class_path (initial): c:\Users\hp\.vscode\extensions\redhat.java-1.42.0-win32-x64\server\plugins\org.eclipse.equinox.launcher_1.7.0.v20250424-1814.jar
Launcher Type: SUN_STANDARD

[Global flags]
    uintx AdaptiveSizePolicyWeight                 = 90                                        {product} {command line}
     intx CICompilerCount                          = 3                                         {product} {ergonomic}
    uintx GCTimeRatio                              = 4                                         {product} {command line}
     bool HeapDumpOnOutOfMemoryError               = true                                   {manageable} {command line}
    ccstr HeapDumpPath                             = c:\Users\hp\AppData\Roaming\Code\User\workspaceStorage\686d534e6fb2cae4641b8e729c16d550\redhat.java         {manageable} {command line}
   size_t InitialHeapSize                          = 104857600                                 {product} {command line}
   size_t MaxHeapSize                              = 1073741824                                {product} {command line}
   size_t MaxNewSize                               = 357564416                                 {product} {ergonomic}
   size_t MinHeapDeltaBytes                        = 524288                                    {product} {ergonomic}
   size_t MinHeapSize                              = 104857600                                 {product} {command line}
   size_t NewSize                                  = 34603008                                  {product} {ergonomic}
    uintx NonNMethodCodeHeapSize                   = 5832780                                {pd product} {ergonomic}
    uintx NonProfiledCodeHeapSize                  = 122912730                              {pd product} {ergonomic}
   size_t OldSize                                  = 70254592                                  {product} {ergonomic}
    uintx ProfiledCodeHeapSize                     = 122912730                              {pd product} {ergonomic}
    uintx ReservedCodeCacheSize                    = 251658240                              {pd product} {ergonomic}
     bool SegmentedCodeCache                       = true                                      {product} {ergonomic}
   size_t SoftMaxHeapSize                          = 1073741824                             {manageable} {ergonomic}
     bool UseCompressedOops                        = true                           {product lp64_product} {ergonomic}
     bool UseLargePagesIndividualAllocation        = false                                  {pd product} {ergonomic}
     bool UseParallelGC                            = true                                      {product} {command line}

Logging:
Log output configuration:
 #0: stdout all=off uptime,level,tags foldmultilines=false
 #1: stderr all=off uptime,level,tags foldmultilines=false

Environment Variables:
JAVA_HOME=C:\Program Files\Eclipse Adoptium\jdk-21.0.6.7-hotspot
PATH=%PATH%;C:\Program Files\Eclipse Adoptium\jdk-21.0.6.7-hotspot\bin;C:\Program Files\Eclipse Adoptium\jdk-21.0.6.7-hotspot\bin;C:\WINDOWS\system32;C:\WINDOWS;C:\WINDOWS\System32\Wbem;C:\WINDOWS\System32\WindowsPowerShell\v1.0\;C:\WINDOWS\System32\OpenSSH\;C:\ProgramData\chocolatey\bin;C:\Program Files\Git\cmd;C:\Program Files\nodejs\;C:\Users\php;C:\Users\hp\Downloads\apache-maven-3.9.9-bin;C:\ProgramData\chocolatey\lib\maven\apache-maven-3.9.9\bin;C:\Users\hp\AppData\Local\Microsoft\WindowsApps;C:\Users\hp\AppData\Local\Programs\Microsoft VS Code\bin;C:\Users\hp\AppData\Roaming\npm;F:\PostgreSQL\17\bin;C:\Users\hp\AppData\Local\Programs\Python\Python313\Scripts\;C:\Users\hp\AppData\Local\Programs\Python\Python313\;C:\Users\hp\AppData\Local\Microsoft\WindowsApps;C:\Users\hp\AppData\Local\Programs\Microsoft VS Code\bin;C:\Users\hp\AppData\Roaming\npm;;C:\Users\hp\Anaconda3;C:\Users\hp\Anaconda3\Scripts;C:\Users\hp\Anaconda3\Library\bin;C:\Program Files\Eclipse Adoptium\jdk-21.0.6.7-hotspot\bin;C:\Program Files\Eclipse Adoptium\jdk-21.0.6.7-hotspot\bin;C:\WINDOWS\system32;C:\WINDOWS;C:\WINDOWS\System32\Wbem;C:\WINDOWS\System32\WindowsPowerShell\v1.0\;C:\WINDOWS\System32\OpenSSH\;C:\ProgramData\chocolatey\bin;C:\Program Files\Git\cmd;C:\Program Files\nodejs\;C:\Users\php;C:\Users\hp\Downloads\apache-maven-3.9.9-bin;C:\ProgramData\chocolatey\lib\maven\apache-maven-3.9.9\bin;C:\Users\hp\AppData\Local\Microsoft\WindowsApps;C:\Users\hp\AppData\Local\Programs\Microsoft VS Code\bin;C:\Users\hp\AppData\Roaming\npm;F:\PostgreSQL\17\bin;C:\Users\hp\AppData\Local\Programs\Python\Python313\Scripts\;C:\Users\hp\AppData\Local\Programs\Python\Python313\;C:\Users\hp\AppData\Local\Microsoft\WindowsApps;C:\Users\hp\AppData\Local\Programs\Microsoft VS Code\bin;C:\Users\hp\AppData\Roaming\npm;C:\Users\hp\Anaconda3;C:\Users\hp\Anaconda3\Scripts;C:\Users\hp\Anaconda3\Library\bin;C:\Program Files\Eclipse Adoptium\jdk-21.0.6.7-hotspot\bin;;C:\Program Files\Eclipse Adoptium\jdk-21.0.6.7-hotspot\bin;C:\Program Files\Eclipse Adoptium\jdk-21.0.6.7-hotspot\bin;C:\WINDOWS\system32;C:\WINDOWS;C:\WINDOWS\System32\Wbem;C:\WINDOWS\System32\WindowsPowerShell\v1.0\;C:\WINDOWS\System32\OpenSSH\;C:\ProgramData\chocolatey\bin;C:\Program Files\Git\cmd;C:\Program Files\nodejs\;C:\Users\php;C:\Users\hp\Downloads\apache-maven-3.9.9-bin;C:\ProgramData\chocolatey\lib\maven\apache-maven-3.9.9\bin;C:\Users\hp\AppData\Local\Microsoft\WindowsApps;C:\Users\hp\AppData\Local\Programs\Microsoft VS Code\bin;C:\Users\hp\AppData\Roaming\npm;F:\PostgreSQL\17\bin;C:\Users\hp\AppData\Local\Programs\Python\Python313\Scripts\;C:\Users\hp\AppData\Local\Programs\Python\Python313\;C:\Users\hp\AppData\Local\Microsoft\WindowsApps;C:\Users\hp\AppData\Local\Programs\Microsoft VS Code\bin;C:\Users\hp\AppData\Roaming\npm;C:\Users\hp\Anaconda3;C:\Users\hp\Anaconda3\Scripts;C:\Users\hp\Anaconda3\Library\bin;C:\Program Files\Eclipse Adoptium\jdk-21.0.6.7-hotspot\bin;C:\Users\hp\AppData\Roaming\npm;
USERNAME=hp
OS=Windows_NT
PROCESSOR_IDENTIFIER=AMD64 Family 23 Model 24 Stepping 1, AuthenticAMD
TMP=C:\Users\hp\AppData\Local\Temp
TEMP=C:\Users\hp\AppData\Local\Temp




Periodic native trim disabled

---------------  S Y S T E M  ---------------

OS:
 Windows 11 , 64 bit Build 26100 (10.0.26100.3912)
OS uptime: 0 days 3:12 hours

CPU: total 4 (initial active 4) (4 cores per cpu, 2 threads per core) family 23 model 24 stepping 1 microcode 0x8108109, cx8, cmov, fxsr, ht, mmx, 3dnowpref, sse, sse2, sse3, ssse3, sse4a, sse4.1, sse4.2, popcnt, lzcnt, tsc, tscinvbit, avx, avx2, aes, clmul, bmi1, bmi2, adx, sha, fma, vzeroupper, clflush, clflushopt, rdtscp, f16c
Processor Information for the first 4 processors :
  Max Mhz: 2400, Current Mhz: 2400, Mhz Limit: 2400

Memory: 4k page, system-wide physical 6058M (670M free)
TotalPageFile size 23982M (AvailPageFile size 212M)
current process WorkingSet (physical memory assigned to process): 395M, peak: 395M
current process commit charge ("private bytes"): 404M, peak: 404M

vm_info: OpenJDK 64-Bit Server VM (21.0.7+6-LTS) for windows-amd64 JRE (21.0.7+6-LTS), built on 2025-04-15T00:00:00Z by "admin" with MS VC++ 17.7 (VS2022)

END.
